<?xml version="1.0" encoding="UTF-8"?>
<testsuite xmlns:xsi="http://www.w3.org/2001/XMLSchema-instance" xsi:noNamespaceSchemaLocation="https://maven.apache.org/surefire/maven-surefire-plugin/xsd/surefire-test-report.xsd" version="3.0.2" name="com.petuser.petuser.PetuserApplicationTests" time="4.0" tests="1" errors="0" skipped="0" failures="0">
  <properties>
[...]
</properties>
  <testcase name="contextLoads" classname="com.petuser.petuser.PetuserApplicationTests" time="0.003">
    <system-out><![CDATA[2025-05-01T18:02:20.866-04:00 DEBUG 12281 --- [petuser] [           main] .b.t.c.SpringBootTestContextBootstrapper : Neither @ContextConfiguration nor @ContextHierarchy found for test class [PetuserApplicationTests]: using SpringBootContextLoader
2025-05-01T18:02:20.867-04:00 DEBUG 12281 --- [petuser] [           main] o.s.t.c.support.AbstractContextLoader    : Could not detect default resource locations for test class [com.petuser.petuser.PetuserApplicationTests]: no resource found for suffixes {-context.xml, Context.groovy}.
2025-05-01T18:02:20.867-04:00  INFO 12281 --- [petuser] [           main] t.c.s.AnnotationConfigContextLoaderUtils : Could not detect default configuration classes for test class [com.petuser.petuser.PetuserApplicationTests]: PetuserApplicationTests does not declare any static, non-private, non-final, nested classes annotated with @Configuration.
2025-05-01T18:02:20.869-04:00 DEBUG 12281 --- [petuser] [           main] .b.t.c.SpringBootTestContextBootstrapper : Using ContextCustomizerFactory implementations for test class [PetuserApplicationTests]: [ImportsContextCustomizerFactory, ExcludeFilterContextCustomizerFactory, HttpGraphQlTesterContextCustomizerFactory, DuplicateJsonObjectContextCustomizerFactory, MockitoContextCustomizerFactory, TestRestTemplateContextCustomizerFactory, WebTestClientContextCustomizerFactory, DisableReactorResourceFactoryGlobalResourcesContextCustomizerFactory, OnFailureConditionReportContextCustomizerFactory, OverrideAutoConfigurationContextCustomizerFactory, ObservabilityContextCustomizerFactory, TypeExcludeFiltersContextCustomizerFactory, PropertyMappingContextCustomizerFactory, WebDriverContextCustomizerFactory, BeanOverrideContextCustomizerFactory, MockServerContainerContextCustomizerFactory, DynamicPropertiesContextCustomizerFactory]
2025-05-01T18:02:20.871-04:00 DEBUG 12281 --- [petuser] [           main] .b.t.c.SpringBootTestContextBootstrapper : Using ContextCustomizers for test class [PetuserApplicationTests]: [ExcludeFilterContextCustomizer, DuplicateJsonObjectContextCustomizer, MockitoContextCustomizer, TestRestTemplateContextCustomizer, DisableReactorResourceFactoryGlobalResourcesContextCustomizerCustomizer, OnFailureConditionReportContextCustomizer, DisableObservabilityContextCustomizer, PropertyMappingContextCustomizer, WebDriverContextCustomizer, DynamicPropertiesContextCustomizer]
2025-05-01T18:02:20.873-04:00 DEBUG 12281 --- [petuser] [           main] ssPathScanningCandidateComponentProvider : Identified candidate component class: file [/Users/sebastianvaldiviavillagra/Desktop/proyectos/petuser/target/classes/com/petuser/petuser/PetuserApplication.class]
2025-05-01T18:02:20.873-04:00  INFO 12281 --- [petuser] [           main] .b.t.c.SpringBootTestContextBootstrapper : Found @SpringBootConfiguration com.petuser.petuser.PetuserApplication for test class com.petuser.petuser.PetuserApplicationTests
2025-05-01T18:02:20.874-04:00 DEBUG 12281 --- [petuser] [           main] .s.t.c.u.TestContextSpringFactoriesUtils : Skipping candidate TestExecutionListener [org.springframework.test.context.observation.MicrometerObservationRegistryTestExecutionListener] due to a missing dependency. Specify custom TestExecutionListener classes or make the default TestExecutionListener classes and their required dependencies available. Offending class: io.micrometer.context.ThreadLocalAccessor. MicrometerObservationRegistryTestExecutionListener requires io.micrometer:micrometer-observation:1.10.8 or higher and io.micrometer:context-propagation:1.0.3 or higher.
2025-05-01T18:02:20.874-04:00 DEBUG 12281 --- [petuser] [           main] .b.t.c.SpringBootTestContextBootstrapper : Using TestExecutionListeners for test class [PetuserApplicationTests]: [ServletTestExecutionListener, DirtiesContextBeforeModesTestExecutionListener, ApplicationEventsTestExecutionListener, MockitoTestExecutionListener, BeanOverrideTestExecutionListener, DependencyInjectionTestExecutionListener, DirtiesContextTestExecutionListener, CommonCachesTestExecutionListener, TransactionalTestExecutionListener, SqlScriptsTestExecutionListener, EventPublishingTestExecutionListener, ResetMocksTestExecutionListener, RestDocsTestExecutionListener, MockRestServiceServerResetTestExecutionListener, MockMvcPrintOnlyOnFailureTestExecutionListener, WebDriverTestExecutionListener, MockWebServiceServerTestExecutionListener, MockitoResetTestExecutionListener]
2025-05-01T18:02:20.874-04:00 DEBUG 12281 --- [petuser] [           main] sContextBeforeModesTestExecutionListener : Before test class: class [PetuserApplicationTests], class annotated with @DirtiesContext [false] with mode [null]
2025-05-01T18:02:20.881-04:00  INFO 12281 --- [petuser] [           main] o.s.b.d.r.RestartApplicationListener     : Restart disabled due to context in which it is running
2025-05-01T18:02:20.891-04:00 DEBUG 12281 --- [petuser] [           main] .s.b.w.s.c.ApplicationServletEnvironment : Activating profiles []
2025-05-01T18:02:20.892-04:00 DEBUG 12281 --- [petuser] [           main] o.s.c.e.PropertySourcesPropertyResolver  : Found key 'spring.application.name' in PropertySource 'configurationProperties' with value of type String

  .   ____          _            __ _ _
 /\\ / ___'_ __ _ _(_)_ __  __ _ \ \ \ \
( ( )\___ | '_ | '_| | '_ \/ _` | \ \ \ \
 \\/  ___)| |_)| | | | | || (_| |  ) ) ) )
  '  |____| .__|_| |_|_| |_\__, | / / / /
 =========|_|==============|___/=/_/_/_/

 :: Spring Boot ::                (v3.4.4)

2025-05-01T18:02:20.895-04:00  INFO 12281 --- [petuser] [           main] c.p.petuser.PetuserApplicationTests      : Starting PetuserApplicationTests using Java 21.0.6 with PID 12281 (started by sebastianvaldiviavillagra in /Users/sebastianvaldiviavillagra/Desktop/proyectos/petuser)
2025-05-01T18:02:20.895-04:00  INFO 12281 --- [petuser] [           main] c.p.petuser.PetuserApplicationTests      : No active profile set, falling back to 1 default profile: "default"
2025-05-01T18:02:20.895-04:00 DEBUG 12281 --- [petuser] [           main] o.s.boot.SpringApplication               : Loading source class com.petuser.petuser.PetuserApplication
2025-05-01T18:02:20.895-04:00 DEBUG 12281 --- [petuser] [           main] o.s.w.c.s.GenericWebApplicationContext   : Refreshing org.springframework.web.context.support.GenericWebApplicationContext@3b910a4b
2025-05-01T18:02:20.897-04:00 DEBUG 12281 --- [petuser] [           main] o.s.b.f.s.DefaultListableBeanFactory     : Creating shared instance of singleton bean 'org.springframework.context.annotation.internalConfigurationAnnotationProcessor'
2025-05-01T18:02:20.897-04:00 DEBUG 12281 --- [petuser] [           main] o.s.b.f.s.DefaultListableBeanFactory     : Creating shared instance of singleton bean 'org.springframework.boot.autoconfigure.internalCachingMetadataReaderFactory'
2025-05-01T18:02:20.900-04:00 DEBUG 12281 --- [petuser] [           main] o.s.c.a.ClassPathBeanDefinitionScanner   : Identified candidate component class: file [/Users/sebastianvaldiviavillagra/Desktop/proyectos/petuser/target/classes/com/petuser/petuser/controller/UsuarioController.class]
2025-05-01T18:02:20.900-04:00 DEBUG 12281 --- [petuser] [           main] o.s.c.a.ClassPathBeanDefinitionScanner   : Identified candidate component class: file [/Users/sebastianvaldiviavillagra/Desktop/proyectos/petuser/target/classes/com/petuser/petuser/exceptionHandler/GlobalExceptionHandler.class]
2025-05-01T18:02:20.900-04:00 DEBUG 12281 --- [petuser] [           main] o.s.c.a.ClassPathBeanDefinitionScanner   : Identified candidate component class: file [/Users/sebastianvaldiviavillagra/Desktop/proyectos/petuser/target/classes/com/petuser/petuser/service/UsuarioServiceImpl.class]
2025-05-01T18:02:21.034-04:00  INFO 12281 --- [petuser] [           main] .s.d.r.c.RepositoryConfigurationDelegate : Bootstrapping Spring Data JPA repositories in DEFAULT mode.
2025-05-01T18:02:21.035-04:00 DEBUG 12281 --- [petuser] [           main] o.s.b.f.s.DefaultListableBeanFactory     : Creating shared instance of singleton bean 'org.springframework.boot.autoconfigure.AutoConfigurationPackages'
2025-05-01T18:02:21.035-04:00 DEBUG 12281 --- [petuser] [           main] o.s.b.a.AutoConfigurationPackages        : @EnableAutoConfiguration was declared on a class in the package 'com.petuser.petuser'. Automatic @Repository and @Entity scanning is enabled.
2025-05-01T18:02:21.035-04:00 DEBUG 12281 --- [petuser] [           main] .s.d.r.c.RepositoryConfigurationDelegate : Scanning for JPA repositories in packages com.petuser.petuser.
2025-05-01T18:02:21.036-04:00 DEBUG 12281 --- [petuser] [           main] o.s.d.r.c.RepositoryComponentProvider    : Identified candidate component class: file [/Users/sebastianvaldiviavillagra/Desktop/proyectos/petuser/target/classes/com/petuser/petuser/repository/UsuarioRepository.class]
2025-05-01T18:02:21.037-04:00 DEBUG 12281 --- [petuser] [           main] ssPathScanningCandidateComponentProvider : Identified candidate component class: file [/Users/sebastianvaldiviavillagra/Desktop/proyectos/petuser/target/classes/com/petuser/petuser/service/UsuarioServiceImpl.class]
2025-05-01T18:02:21.037-04:00  INFO 12281 --- [petuser] [           main] .s.d.r.c.RepositoryConfigurationDelegate : Finished Spring Data repository scanning in 2 ms. Found 1 JPA repository interface.
2025-05-01T18:02:21.047-04:00 DEBUG 12281 --- [petuser] [           main] o.s.b.f.s.DefaultListableBeanFactory     : Creating shared instance of singleton bean 'propertySourcesPlaceholderConfigurer'
2025-05-01T18:02:21.049-04:00 DEBUG 12281 --- [petuser] [           main] o.s.b.f.s.DefaultListableBeanFactory     : Creating shared instance of singleton bean 'org.springframework.boot.test.mock.mockito.MockitoPostProcessor'
2025-05-01T18:02:21.049-04:00 DEBUG 12281 --- [petuser] [           main] o.s.b.f.s.DefaultListableBeanFactory     : Creating shared instance of singleton bean 'emBeanDefinitionRegistrarPostProcessor'
2025-05-01T18:02:21.049-04:00 DEBUG 12281 --- [petuser] [           main] o.s.b.f.s.DefaultListableBeanFactory     : Creating shared instance of singleton bean 'org.springframework.boot.sql.init.dependency.DatabaseInitializationDependencyConfigurer$DependsOnDatabaseInitializationPostProcessor'
2025-05-01T18:02:21.058-04:00 DEBUG 12281 --- [petuser] [           main] o.s.b.f.s.DefaultListableBeanFactory     : Creating shared instance of singleton bean 'org.springframework.context.event.internalEventListenerProcessor'
2025-05-01T18:02:21.058-04:00 DEBUG 12281 --- [petuser] [           main] o.s.b.f.s.DefaultListableBeanFactory     : Creating shared instance of singleton bean 'preserveErrorControllerTargetClassPostProcessor'
2025-05-01T18:02:21.059-04:00 DEBUG 12281 --- [petuser] [           main] o.s.b.f.s.DefaultListableBeanFactory     : Creating shared instance of singleton bean 'org.springframework.context.event.internalEventListenerFactory'
2025-05-01T18:02:21.059-04:00 DEBUG 12281 --- [petuser] [           main] o.s.b.f.s.DefaultListableBeanFactory     : Creating shared instance of singleton bean 'org.springframework.transaction.config.internalTransactionalEventListenerFactory'
2025-05-01T18:02:21.059-04:00 DEBUG 12281 --- [petuser] [           main] o.s.b.f.s.DefaultListableBeanFactory     : Creating shared instance of singleton bean 'org.springframework.boot.test.mock.mockito.MockitoPostProcessor$SpyPostProcessor'
2025-05-01T18:02:21.060-04:00 DEBUG 12281 --- [petuser] [           main] o.s.b.f.s.DefaultListableBeanFactory     : Creating shared instance of singleton bean 'org.springframework.context.annotation.internalAutowiredAnnotationProcessor'
2025-05-01T18:02:21.060-04:00 DEBUG 12281 --- [petuser] [           main] o.s.b.f.s.DefaultListableBeanFactory     : Creating shared instance of singleton bean 'org.springframework.context.annotation.internalCommonAnnotationProcessor'
2025-05-01T18:02:21.060-04:00 DEBUG 12281 --- [petuser] [           main] o.s.b.f.s.DefaultListableBeanFactory     : Creating shared instance of singleton bean 'org.springframework.context.annotation.internalPersistenceAnnotationProcessor'
2025-05-01T18:02:21.060-04:00 DEBUG 12281 --- [petuser] [           main] o.s.b.f.s.DefaultListableBeanFactory     : Creating shared instance of singleton bean 'org.springframework.boot.context.properties.ConfigurationPropertiesBindingPostProcessor'
2025-05-01T18:02:21.060-04:00 DEBUG 12281 --- [petuser] [           main] o.s.b.f.s.DefaultListableBeanFactory     : Creating shared instance of singleton bean 'org.springframework.boot.context.internalConfigurationPropertiesBinder'
2025-05-01T18:02:21.060-04:00 DEBUG 12281 --- [petuser] [           main] o.s.b.f.s.DefaultListableBeanFactory     : Creating shared instance of singleton bean 'jdbcConnectionDetailsHikariBeanPostProcessor'
2025-05-01T18:02:21.060-04:00 DEBUG 12281 --- [petuser] [           main] o.s.b.f.s.DefaultListableBeanFactory     : Creating shared instance of singleton bean 'methodValidationPostProcessor'
2025-05-01T18:02:21.060-04:00 DEBUG 12281 --- [petuser] [           main] o.s.b.f.s.DefaultListableBeanFactory     : Autowiring by type from bean name 'methodValidationPostProcessor' via factory method to bean named 'environment'
2025-05-01T18:02:21.061-04:00 DEBUG 12281 --- [petuser] [           main] o.s.b.f.s.DefaultListableBeanFactory     : Creating shared instance of singleton bean 'org.springframework.boot.context.properties.EnableConfigurationPropertiesRegistrar.methodValidationExcludeFilter'
2025-05-01T18:02:21.063-04:00 DEBUG 12281 --- [petuser] [           main] o.s.b.f.s.DefaultListableBeanFactory     : Creating shared instance of singleton bean 'org.springframework.aop.config.internalAutoProxyCreator'
2025-05-01T18:02:21.066-04:00 DEBUG 12281 --- [petuser] [           main] o.s.b.f.s.DefaultListableBeanFactory     : Creating shared instance of singleton bean 'persistenceExceptionTranslationPostProcessor'
2025-05-01T18:02:21.066-04:00 DEBUG 12281 --- [petuser] [           main] o.s.b.f.s.DefaultListableBeanFactory     : Autowiring by type from bean name 'persistenceExceptionTranslationPostProcessor' via factory method to bean named 'environment'
2025-05-01T18:02:21.066-04:00 DEBUG 12281 --- [petuser] [           main] o.s.b.f.s.DefaultListableBeanFactory     : Creating shared instance of singleton bean 'webServerFactoryCustomizerBeanPostProcessor'
2025-05-01T18:02:21.066-04:00 DEBUG 12281 --- [petuser] [           main] o.s.b.f.s.DefaultListableBeanFactory     : Creating shared instance of singleton bean 'errorPageRegistrarBeanPostProcessor'
2025-05-01T18:02:21.066-04:00 DEBUG 12281 --- [petuser] [           main] o.s.b.f.s.DefaultListableBeanFactory     : Creating shared instance of singleton bean 'healthEndpointGroupsBeanPostProcessor'
2025-05-01T18:02:21.066-04:00 DEBUG 12281 --- [petuser] [           main] o.s.b.f.s.DefaultListableBeanFactory     : Creating shared instance of singleton bean 'org.springframework.transaction.config.internalTransactionAdvisor'
2025-05-01T18:02:21.066-04:00 DEBUG 12281 --- [petuser] [           main] o.s.b.f.s.DefaultListableBeanFactory     : Creating shared instance of singleton bean 'org.springframework.transaction.annotation.ProxyTransactionManagementConfiguration'
2025-05-01T18:02:21.070-04:00 DEBUG 12281 --- [petuser] [           main] .s.a.a.a.ReflectiveAspectJAdvisorFactory : Found AspectJ method: public java.lang.Object io.micrometer.observation.aop.ObservedAspect.observeClass(org.aspectj.lang.ProceedingJoinPoint) throws java.lang.Throwable
2025-05-01T18:02:21.070-04:00 DEBUG 12281 --- [petuser] [           main] .s.a.a.a.ReflectiveAspectJAdvisorFactory : Found AspectJ method: public java.lang.Object io.micrometer.observation.aop.ObservedAspect.observeMethod(org.aspectj.lang.ProceedingJoinPoint) throws java.lang.Throwable
2025-05-01T18:02:21.115-04:00 DEBUG 12281 --- [petuser] [           main] o.s.b.f.s.DefaultListableBeanFactory     : Creating shared instance of singleton bean 'transactionAttributeSource'
2025-05-01T18:02:21.117-04:00 DEBUG 12281 --- [petuser] [           main] o.s.b.f.s.DefaultListableBeanFactory     : Creating shared instance of singleton bean 'transactionInterceptor'
2025-05-01T18:02:21.117-04:00 DEBUG 12281 --- [petuser] [           main] o.s.b.f.s.DefaultListableBeanFactory     : Autowiring by type from bean name 'transactionInterceptor' via factory method to bean named 'transactionAttributeSource'
2025-05-01T18:02:21.117-04:00 DEBUG 12281 --- [petuser] [           main] o.s.b.f.s.DefaultListableBeanFactory     : Autowiring by type from bean name 'org.springframework.transaction.config.internalTransactionAdvisor' via factory method to bean named 'transactionAttributeSource'
2025-05-01T18:02:21.117-04:00 DEBUG 12281 --- [petuser] [           main] o.s.b.f.s.DefaultListableBeanFactory     : Autowiring by type from bean name 'org.springframework.transaction.config.internalTransactionAdvisor' via factory method to bean named 'transactionInterceptor'
2025-05-01T18:02:21.119-04:00 DEBUG 12281 --- [petuser] [           main] o.s.b.f.s.DefaultListableBeanFactory     : Creating shared instance of singleton bean 'meterRegistryPostProcessor'
2025-05-01T18:02:21.119-04:00 DEBUG 12281 --- [petuser] [           main] o.s.b.f.s.DefaultListableBeanFactory     : Autowiring by type from bean name 'meterRegistryPostProcessor' via factory method to bean named 'org.springframework.web.context.support.GenericWebApplicationContext@3b910a4b'
2025-05-01T18:02:21.120-04:00 DEBUG 12281 --- [petuser] [           main] o.s.b.f.s.DefaultListableBeanFactory     : Creating shared instance of singleton bean 'metricsRepositoryMethodInvocationListenerBeanPostProcessor'
2025-05-01T18:02:21.121-04:00 DEBUG 12281 --- [petuser] [           main] o.s.b.f.s.DefaultListableBeanFactory     : Creating shared instance of singleton bean 'observationRegistryPostProcessor'
2025-05-01T18:02:21.122-04:00 DEBUG 12281 --- [petuser] [           main] o.s.b.f.s.DefaultListableBeanFactory     : Creating shared instance of singleton bean 'projectingArgumentResolverBeanPostProcessor'
2025-05-01T18:02:21.124-04:00 DEBUG 12281 --- [petuser] [           main] o.s.u.c.s.UiApplicationContextUtils      : Unable to locate ThemeSource with name 'themeSource': using default [org.springframework.ui.context.support.ResourceBundleThemeSource@72c8af69]
2025-05-01T18:02:21.124-04:00 DEBUG 12281 --- [petuser] [           main] o.s.b.f.s.DefaultListableBeanFactory     : Creating shared instance of singleton bean 'org.springframework.test.context.support.internalDynamicPropertyRegistrarBeanInitializer'
2025-05-01T18:02:21.124-04:00 DEBUG 12281 --- [petuser] [           main] o.s.b.f.s.DefaultListableBeanFactory     : Creating shared instance of singleton bean 'dataSourceScriptDatabaseInitializer'
2025-05-01T18:02:21.124-04:00 DEBUG 12281 --- [petuser] [           main] o.s.b.f.s.DefaultListableBeanFactory     : Creating shared instance of singleton bean 'org.springframework.boot.autoconfigure.sql.init.DataSourceInitializationConfiguration'
2025-05-01T18:02:21.125-04:00 DEBUG 12281 --- [petuser] [           main] o.s.b.f.s.DefaultListableBeanFactory     : Creating shared instance of singleton bean 'dataSource'
2025-05-01T18:02:21.125-04:00 DEBUG 12281 --- [petuser] [           main] o.s.b.f.s.DefaultListableBeanFactory     : Creating shared instance of singleton bean 'org.springframework.boot.autoconfigure.jdbc.DataSourceConfiguration$Hikari'
2025-05-01T18:02:21.126-04:00 DEBUG 12281 --- [petuser] [           main] o.s.b.f.s.DefaultListableBeanFactory     : Creating shared instance of singleton bean 'spring.datasource-org.springframework.boot.autoconfigure.jdbc.DataSourceProperties'
2025-05-01T18:02:21.126-04:00 DEBUG 12281 --- [petuser] [           main] o.s.b.f.s.DefaultListableBeanFactory     : Creating shared instance of singleton bean 'org.springframework.boot.context.properties.BoundConfigurationProperties'
2025-05-01T18:02:21.129-04:00 DEBUG 12281 --- [petuser] [           main] o.s.b.f.s.DefaultListableBeanFactory     : Creating shared instance of singleton bean 'jdbcConnectionDetails'
2025-05-01T18:02:21.129-04:00 DEBUG 12281 --- [petuser] [           main] o.s.b.f.s.DefaultListableBeanFactory     : Creating shared instance of singleton bean 'org.springframework.boot.autoconfigure.jdbc.DataSourceAutoConfiguration$PooledDataSourceConfiguration'
2025-05-01T18:02:21.130-04:00 DEBUG 12281 --- [petuser] [           main] o.s.b.f.s.DefaultListableBeanFactory     : Autowiring by type from bean name 'jdbcConnectionDetails' via factory method to bean named 'spring.datasource-org.springframework.boot.autoconfigure.jdbc.DataSourceProperties'
2025-05-01T18:02:21.130-04:00 DEBUG 12281 --- [petuser] [           main] o.s.b.f.s.DefaultListableBeanFactory     : Autowiring by type from bean name 'dataSource' via factory method to bean named 'spring.datasource-org.springframework.boot.autoconfigure.jdbc.DataSourceProperties'
2025-05-01T18:02:21.130-04:00 DEBUG 12281 --- [petuser] [           main] o.s.b.f.s.DefaultListableBeanFactory     : Autowiring by type from bean name 'dataSource' via factory method to bean named 'jdbcConnectionDetails'
2025-05-01T18:02:21.135-04:00 DEBUG 12281 --- [petuser] [           main] o.s.b.f.s.DefaultListableBeanFactory     : Creating shared instance of singleton bean 'spring.sql.init-org.springframework.boot.autoconfigure.sql.init.SqlInitializationProperties'
2025-05-01T18:02:21.137-04:00 DEBUG 12281 --- [petuser] [           main] o.s.b.f.s.DefaultListableBeanFactory     : Autowiring by type from bean name 'dataSourceScriptDatabaseInitializer' via factory method to bean named 'dataSource'
2025-05-01T18:02:21.137-04:00 DEBUG 12281 --- [petuser] [           main] o.s.b.f.s.DefaultListableBeanFactory     : Autowiring by type from bean name 'dataSourceScriptDatabaseInitializer' via factory method to bean named 'spring.sql.init-org.springframework.boot.autoconfigure.sql.init.SqlInitializationProperties'
2025-05-01T18:02:21.138-04:00 DEBUG 12281 --- [petuser] [           main] o.s.b.f.s.DefaultListableBeanFactory     : Creating shared instance of singleton bean 'entityManagerFactory'
2025-05-01T18:02:21.138-04:00 DEBUG 12281 --- [petuser] [           main] o.s.b.f.s.DefaultListableBeanFactory     : Creating shared instance of singleton bean 'org.springframework.boot.autoconfigure.orm.jpa.HibernateJpaConfiguration'
2025-05-01T18:02:21.138-04:00 DEBUG 12281 --- [petuser] [           main] o.s.b.f.s.DefaultListableBeanFactory     : Creating shared instance of singleton bean 'spring.jpa-org.springframework.boot.autoconfigure.orm.jpa.JpaProperties'
2025-05-01T18:02:21.139-04:00 DEBUG 12281 --- [petuser] [           main] o.s.b.f.s.DefaultListableBeanFactory     : Creating shared instance of singleton bean 'spring.jpa.hibernate-org.springframework.boot.autoconfigure.orm.jpa.HibernateProperties'
2025-05-01T18:02:21.140-04:00 DEBUG 12281 --- [petuser] [           main] o.s.b.f.s.DefaultListableBeanFactory     : Autowiring by type from bean name 'org.springframework.boot.autoconfigure.orm.jpa.HibernateJpaConfiguration' via constructor to bean named 'dataSource'
2025-05-01T18:02:21.140-04:00 DEBUG 12281 --- [petuser] [           main] o.s.b.f.s.DefaultListableBeanFactory     : Autowiring by type from bean name 'org.springframework.boot.autoconfigure.orm.jpa.HibernateJpaConfiguration' via constructor to bean named 'spring.jpa-org.springframework.boot.autoconfigure.orm.jpa.JpaProperties'
2025-05-01T18:02:21.140-04:00 DEBUG 12281 --- [petuser] [           main] o.s.b.f.s.DefaultListableBeanFactory     : Autowiring by type from bean name 'org.springframework.boot.autoconfigure.orm.jpa.HibernateJpaConfiguration' via constructor to bean named 'org.springframework.beans.factory.support.DefaultListableBeanFactory@cc41d2d'
2025-05-01T18:02:21.140-04:00 DEBUG 12281 --- [petuser] [           main] o.s.b.f.s.DefaultListableBeanFactory     : Autowiring by type from bean name 'org.springframework.boot.autoconfigure.orm.jpa.HibernateJpaConfiguration' via constructor to bean named 'spring.jpa.hibernate-org.springframework.boot.autoconfigure.orm.jpa.HibernateProperties'
2025-05-01T18:02:21.140-04:00 DEBUG 12281 --- [petuser] [           main] o.s.b.f.s.DefaultListableBeanFactory     : Creating shared instance of singleton bean 'hikariPoolDataSourceMetadataProvider'
2025-05-01T18:02:21.140-04:00 DEBUG 12281 --- [petuser] [           main] o.s.b.f.s.DefaultListableBeanFactory     : Creating shared instance of singleton bean 'org.springframework.boot.autoconfigure.jdbc.metadata.DataSourcePoolMetadataProvidersConfiguration$HikariPoolDataSourceMetadataProviderConfiguration'
2025-05-01T18:02:21.142-04:00 DEBUG 12281 --- [petuser] [           main] o.s.b.f.s.DefaultListableBeanFactory     : Creating shared instance of singleton bean 'entityManagerFactoryBuilder'
2025-05-01T18:02:21.142-04:00 DEBUG 12281 --- [petuser] [           main] o.s.b.f.s.DefaultListableBeanFactory     : Creating shared instance of singleton bean 'jpaVendorAdapter'
2025-05-01T18:02:21.143-04:00 DEBUG 12281 --- [petuser] [           main] o.s.b.f.s.DefaultListableBeanFactory     : Autowiring by type from bean name 'entityManagerFactoryBuilder' via factory method to bean named 'jpaVendorAdapter'
2025-05-01T18:02:21.144-04:00 DEBUG 12281 --- [petuser] [           main] o.s.b.f.s.DefaultListableBeanFactory     : Creating shared instance of singleton bean 'persistenceManagedTypes'
2025-05-01T18:02:21.144-04:00 DEBUG 12281 --- [petuser] [           main] o.s.b.f.s.DefaultListableBeanFactory     : Autowiring by type from bean name 'persistenceManagedTypes' via factory method to bean named 'org.springframework.beans.factory.support.DefaultListableBeanFactory@cc41d2d'
2025-05-01T18:02:21.144-04:00 DEBUG 12281 --- [petuser] [           main] o.s.b.f.s.DefaultListableBeanFactory     : Autowiring by type from bean name 'persistenceManagedTypes' via factory method to bean named 'org.springframework.web.context.support.GenericWebApplicationContext@3b910a4b'
2025-05-01T18:02:21.149-04:00 DEBUG 12281 --- [petuser] [           main] o.s.b.f.s.DefaultListableBeanFactory     : Autowiring by type from bean name 'entityManagerFactory' via factory method to bean named 'entityManagerFactoryBuilder'
2025-05-01T18:02:21.149-04:00 DEBUG 12281 --- [petuser] [           main] o.s.b.f.s.DefaultListableBeanFactory     : Autowiring by type from bean name 'entityManagerFactory' via factory method to bean named 'persistenceManagedTypes'
2025-05-01T18:02:21.150-04:00 DEBUG 12281 --- [petuser] [           main] j.LocalContainerEntityManagerFactoryBean : Building JPA container EntityManagerFactory for persistence unit 'default'
2025-05-01T18:02:21.150-04:00 DEBUG 12281 --- [petuser] [           main] o.hibernate.jpa.internal.util.LogHelper  : PersistenceUnitInfo [
	name: default
	persistence provider classname: null
	classloader: jdk.internal.loader.ClassLoaders$AppClassLoader@2c854dc5
	excludeUnlistedClasses: true
	JTA datasource: null
	Non JTA datasource: HikariDataSource (null)
	Transaction type: RESOURCE_LOCAL
	PU root URL: file:/Users/sebastianvaldiviavillagra/Desktop/proyectos/petuser/target/test-classes/
	Shared Cache Mode: UNSPECIFIED
	Validation Mode: AUTO
	Jar files URLs []
	Managed classes names [
		com.petuser.petuser.model.Usuario]
	Mapping files names []
	Properties []
2025-05-01T18:02:21.150-04:00 DEBUG 12281 --- [petuser] [           main] o.h.i.internal.IntegratorServiceImpl     : Adding Integrator [org.hibernate.boot.beanvalidation.BeanValidationIntegrator].
2025-05-01T18:02:21.150-04:00 DEBUG 12281 --- [petuser] [           main] o.h.i.internal.IntegratorServiceImpl     : Adding Integrator [org.hibernate.cache.internal.CollectionCacheInvalidator].
2025-05-01T18:02:21.150-04:00 DEBUG 12281 --- [petuser] [           main] org.hibernate.orm.idgen.factory          : Registering IdentifierGenerator strategy [uuid2] -> [org.hibernate.id.UUIDGenerator]
2025-05-01T18:02:21.150-04:00 DEBUG 12281 --- [petuser] [           main] org.hibernate.orm.idgen.factory          : Registering IdentifierGenerator strategy [guid] -> [org.hibernate.id.GUIDGenerator]
2025-05-01T18:02:21.150-04:00 DEBUG 12281 --- [petuser] [           main] org.hibernate.orm.idgen.factory          : Registering IdentifierGenerator strategy [uuid] -> [org.hibernate.id.UUIDHexGenerator]
2025-05-01T18:02:21.150-04:00 DEBUG 12281 --- [petuser] [           main] org.hibernate.orm.idgen.factory          : Registering IdentifierGenerator strategy [uuid.hex] -> [org.hibernate.id.UUIDHexGenerator]
2025-05-01T18:02:21.150-04:00 DEBUG 12281 --- [petuser] [           main] org.hibernate.orm.idgen.factory          : Registering IdentifierGenerator strategy [assigned] -> [org.hibernate.id.Assigned]
2025-05-01T18:02:21.150-04:00 DEBUG 12281 --- [petuser] [           main] org.hibernate.orm.idgen.factory          : Registering IdentifierGenerator strategy [identity] -> [org.hibernate.id.IdentityGenerator]
2025-05-01T18:02:21.150-04:00 DEBUG 12281 --- [petuser] [           main] org.hibernate.orm.idgen.factory          : Registering IdentifierGenerator strategy [select] -> [org.hibernate.id.SelectGenerator]
2025-05-01T18:02:21.150-04:00 DEBUG 12281 --- [petuser] [           main] org.hibernate.orm.idgen.factory          : Registering IdentifierGenerator strategy [sequence] -> [org.hibernate.id.enhanced.SequenceStyleGenerator]
2025-05-01T18:02:21.150-04:00 DEBUG 12281 --- [petuser] [           main] org.hibernate.orm.idgen.factory          : Registering IdentifierGenerator strategy [increment] -> [org.hibernate.id.IncrementGenerator]
2025-05-01T18:02:21.150-04:00 DEBUG 12281 --- [petuser] [           main] org.hibernate.orm.idgen.factory          : Registering IdentifierGenerator strategy [foreign] -> [org.hibernate.id.ForeignGenerator]
2025-05-01T18:02:21.150-04:00 DEBUG 12281 --- [petuser] [           main] org.hibernate.orm.idgen.factory          : Registering IdentifierGenerator strategy [enhanced-sequence] -> [org.hibernate.id.enhanced.SequenceStyleGenerator]
2025-05-01T18:02:21.150-04:00 DEBUG 12281 --- [petuser] [           main] org.hibernate.orm.idgen.factory          : Registering IdentifierGenerator strategy [enhanced-table] -> [org.hibernate.id.enhanced.TableGenerator]
2025-05-01T18:02:21.151-04:00 DEBUG 12281 --- [petuser] [           main] o.h.c.internal.RegionFactoryInitiator    : Cannot default RegionFactory based on registered strategies as `[]` RegionFactory strategies were registered
2025-05-01T18:02:21.151-04:00  INFO 12281 --- [petuser] [           main] o.h.c.internal.RegionFactoryInitiator    : HHH000026: Second-level cache disabled
2025-05-01T18:02:21.151-04:00 DEBUG 12281 --- [petuser] [           main] org.hibernate.type.BasicTypeRegistry     : Adding type registration boolean -> org.hibernate.type.BasicTypeReference@52ae997b
2025-05-01T18:02:21.151-04:00 DEBUG 12281 --- [petuser] [           main] org.hibernate.type.BasicTypeRegistry     : Adding type registration boolean -> org.hibernate.type.BasicTypeReference@52ae997b
2025-05-01T18:02:21.151-04:00 DEBUG 12281 --- [petuser] [           main] org.hibernate.type.BasicTypeRegistry     : Adding type registration java.lang.Boolean -> org.hibernate.type.BasicTypeReference@52ae997b
2025-05-01T18:02:21.151-04:00 DEBUG 12281 --- [petuser] [           main] org.hibernate.type.BasicTypeRegistry     : Adding type registration numeric_boolean -> org.hibernate.type.BasicTypeReference@f557c37
2025-05-01T18:02:21.151-04:00 DEBUG 12281 --- [petuser] [           main] org.hibernate.type.BasicTypeRegistry     : Adding type registration org.hibernate.type.NumericBooleanConverter -> org.hibernate.type.BasicTypeReference@f557c37
2025-05-01T18:02:21.151-04:00 DEBUG 12281 --- [petuser] [           main] org.hibernate.type.BasicTypeRegistry     : Adding type registration true_false -> org.hibernate.type.BasicTypeReference@1a01d7f0
2025-05-01T18:02:21.151-04:00 DEBUG 12281 --- [petuser] [           main] org.hibernate.type.BasicTypeRegistry     : Adding type registration org.hibernate.type.TrueFalseConverter -> org.hibernate.type.BasicTypeReference@1a01d7f0
2025-05-01T18:02:21.151-04:00 DEBUG 12281 --- [petuser] [           main] org.hibernate.type.BasicTypeRegistry     : Adding type registration yes_no -> org.hibernate.type.BasicTypeReference@5856dbe4
2025-05-01T18:02:21.151-04:00 DEBUG 12281 --- [petuser] [           main] org.hibernate.type.BasicTypeRegistry     : Adding type registration org.hibernate.type.YesNoConverter -> org.hibernate.type.BasicTypeReference@5856dbe4
2025-05-01T18:02:21.151-04:00 DEBUG 12281 --- [petuser] [           main] org.hibernate.type.BasicTypeRegistry     : Adding type registration byte -> org.hibernate.type.BasicTypeReference@7e15f4d4
2025-05-01T18:02:21.151-04:00 DEBUG 12281 --- [petuser] [           main] org.hibernate.type.BasicTypeRegistry     : Adding type registration byte -> org.hibernate.type.BasicTypeReference@7e15f4d4
2025-05-01T18:02:21.151-04:00 DEBUG 12281 --- [petuser] [           main] org.hibernate.type.BasicTypeRegistry     : Adding type registration java.lang.Byte -> org.hibernate.type.BasicTypeReference@7e15f4d4
2025-05-01T18:02:21.151-04:00 DEBUG 12281 --- [petuser] [           main] org.hibernate.type.BasicTypeRegistry     : Adding type registration binary -> org.hibernate.type.BasicTypeReference@5a058be5
2025-05-01T18:02:21.151-04:00 DEBUG 12281 --- [petuser] [           main] org.hibernate.type.BasicTypeRegistry     : Adding type registration byte[] -> org.hibernate.type.BasicTypeReference@5a058be5
2025-05-01T18:02:21.151-04:00 DEBUG 12281 --- [petuser] [           main] org.hibernate.type.BasicTypeRegistry     : Adding type registration [B -> org.hibernate.type.BasicTypeReference@5a058be5
2025-05-01T18:02:21.151-04:00 DEBUG 12281 --- [petuser] [           main] org.hibernate.type.BasicTypeRegistry     : Adding type registration binary_wrapper -> org.hibernate.type.BasicTypeReference@4eaf7902
2025-05-01T18:02:21.151-04:00 DEBUG 12281 --- [petuser] [           main] org.hibernate.type.BasicTypeRegistry     : Adding type registration wrapper-binary -> org.hibernate.type.BasicTypeReference@4eaf7902
2025-05-01T18:02:21.151-04:00 DEBUG 12281 --- [petuser] [           main] org.hibernate.type.BasicTypeRegistry     : Adding type registration image -> org.hibernate.type.BasicTypeReference@20c812c8
2025-05-01T18:02:21.151-04:00 DEBUG 12281 --- [petuser] [           main] org.hibernate.type.BasicTypeRegistry     : Adding type registration blob -> org.hibernate.type.BasicTypeReference@71aaf151
2025-05-01T18:02:21.151-04:00 DEBUG 12281 --- [petuser] [           main] org.hibernate.type.BasicTypeRegistry     : Adding type registration java.sql.Blob -> org.hibernate.type.BasicTypeReference@71aaf151
2025-05-01T18:02:21.151-04:00 DEBUG 12281 --- [petuser] [           main] org.hibernate.type.BasicTypeRegistry     : Adding type registration materialized_blob -> org.hibernate.type.BasicTypeReference@7061622
2025-05-01T18:02:21.151-04:00 DEBUG 12281 --- [petuser] [           main] org.hibernate.type.BasicTypeRegistry     : Adding type registration materialized_blob_wrapper -> org.hibernate.type.BasicTypeReference@32d418a9
2025-05-01T18:02:21.151-04:00 DEBUG 12281 --- [petuser] [           main] org.hibernate.type.BasicTypeRegistry     : Adding type registration short -> org.hibernate.type.BasicTypeReference@52ea0269
2025-05-01T18:02:21.151-04:00 DEBUG 12281 --- [petuser] [           main] org.hibernate.type.BasicTypeRegistry     : Adding type registration short -> org.hibernate.type.BasicTypeReference@52ea0269
2025-05-01T18:02:21.151-04:00 DEBUG 12281 --- [petuser] [           main] org.hibernate.type.BasicTypeRegistry     : Adding type registration java.lang.Short -> org.hibernate.type.BasicTypeReference@52ea0269
2025-05-01T18:02:21.151-04:00 DEBUG 12281 --- [petuser] [           main] org.hibernate.type.BasicTypeRegistry     : Adding type registration integer -> org.hibernate.type.BasicTypeReference@746c411c
2025-05-01T18:02:21.151-04:00 DEBUG 12281 --- [petuser] [           main] org.hibernate.type.BasicTypeRegistry     : Adding type registration int -> org.hibernate.type.BasicTypeReference@746c411c
2025-05-01T18:02:21.151-04:00 DEBUG 12281 --- [petuser] [           main] org.hibernate.type.BasicTypeRegistry     : Adding type registration java.lang.Integer -> org.hibernate.type.BasicTypeReference@746c411c
2025-05-01T18:02:21.151-04:00 DEBUG 12281 --- [petuser] [           main] org.hibernate.type.BasicTypeRegistry     : Adding type registration long -> org.hibernate.type.BasicTypeReference@43ecfeb5
2025-05-01T18:02:21.151-04:00 DEBUG 12281 --- [petuser] [           main] org.hibernate.type.BasicTypeRegistry     : Adding type registration long -> org.hibernate.type.BasicTypeReference@43ecfeb5
2025-05-01T18:02:21.151-04:00 DEBUG 12281 --- [petuser] [           main] org.hibernate.type.BasicTypeRegistry     : Adding type registration java.lang.Long -> org.hibernate.type.BasicTypeReference@43ecfeb5
2025-05-01T18:02:21.151-04:00 DEBUG 12281 --- [petuser] [           main] org.hibernate.type.BasicTypeRegistry     : Adding type registration float -> org.hibernate.type.BasicTypeReference@51efb731
2025-05-01T18:02:21.151-04:00 DEBUG 12281 --- [petuser] [           main] org.hibernate.type.BasicTypeRegistry     : Adding type registration float -> org.hibernate.type.BasicTypeReference@51efb731
2025-05-01T18:02:21.151-04:00 DEBUG 12281 --- [petuser] [           main] org.hibernate.type.BasicTypeRegistry     : Adding type registration java.lang.Float -> org.hibernate.type.BasicTypeReference@51efb731
2025-05-01T18:02:21.151-04:00 DEBUG 12281 --- [petuser] [           main] org.hibernate.type.BasicTypeRegistry     : Adding type registration double -> org.hibernate.type.BasicTypeReference@53940e2f
2025-05-01T18:02:21.151-04:00 DEBUG 12281 --- [petuser] [           main] org.hibernate.type.BasicTypeRegistry     : Adding type registration double -> org.hibernate.type.BasicTypeReference@53940e2f
2025-05-01T18:02:21.151-04:00 DEBUG 12281 --- [petuser] [           main] org.hibernate.type.BasicTypeRegistry     : Adding type registration java.lang.Double -> org.hibernate.type.BasicTypeReference@53940e2f
2025-05-01T18:02:21.151-04:00 DEBUG 12281 --- [petuser] [           main] org.hibernate.type.BasicTypeRegistry     : Adding type registration big_integer -> org.hibernate.type.BasicTypeReference@45e6d1e0
2025-05-01T18:02:21.151-04:00 DEBUG 12281 --- [petuser] [           main] org.hibernate.type.BasicTypeRegistry     : Adding type registration java.math.BigInteger -> org.hibernate.type.BasicTypeReference@45e6d1e0
2025-05-01T18:02:21.151-04:00 DEBUG 12281 --- [petuser] [           main] org.hibernate.type.BasicTypeRegistry     : Adding type registration big_decimal -> org.hibernate.type.BasicTypeReference@61db86bf
2025-05-01T18:02:21.151-04:00 DEBUG 12281 --- [petuser] [           main] org.hibernate.type.BasicTypeRegistry     : Adding type registration java.math.BigDecimal -> org.hibernate.type.BasicTypeReference@61db86bf
2025-05-01T18:02:21.151-04:00 DEBUG 12281 --- [petuser] [           main] org.hibernate.type.BasicTypeRegistry     : Adding type registration character -> org.hibernate.type.BasicTypeReference@4da1f38a
2025-05-01T18:02:21.151-04:00 DEBUG 12281 --- [petuser] [           main] org.hibernate.type.BasicTypeRegistry     : Adding type registration char -> org.hibernate.type.BasicTypeReference@4da1f38a
2025-05-01T18:02:21.151-04:00 DEBUG 12281 --- [petuser] [           main] org.hibernate.type.BasicTypeRegistry     : Adding type registration java.lang.Character -> org.hibernate.type.BasicTypeReference@4da1f38a
2025-05-01T18:02:21.151-04:00 DEBUG 12281 --- [petuser] [           main] org.hibernate.type.BasicTypeRegistry     : Adding type registration character_nchar -> org.hibernate.type.BasicTypeReference@3e377967
2025-05-01T18:02:21.151-04:00 DEBUG 12281 --- [petuser] [           main] org.hibernate.type.BasicTypeRegistry     : Adding type registration string -> org.hibernate.type.BasicTypeReference@4dadd690
2025-05-01T18:02:21.151-04:00 DEBUG 12281 --- [petuser] [           main] org.hibernate.type.BasicTypeRegistry     : Adding type registration java.lang.String -> org.hibernate.type.BasicTypeReference@4dadd690
2025-05-01T18:02:21.151-04:00 DEBUG 12281 --- [petuser] [           main] org.hibernate.type.BasicTypeRegistry     : Adding type registration nstring -> org.hibernate.type.BasicTypeReference@707e4fe4
2025-05-01T18:02:21.151-04:00 DEBUG 12281 --- [petuser] [           main] org.hibernate.type.BasicTypeRegistry     : Adding type registration characters -> org.hibernate.type.BasicTypeReference@3281dfc2
2025-05-01T18:02:21.151-04:00 DEBUG 12281 --- [petuser] [           main] org.hibernate.type.BasicTypeRegistry     : Adding type registration char[] -> org.hibernate.type.BasicTypeReference@3281dfc2
2025-05-01T18:02:21.151-04:00 DEBUG 12281 --- [petuser] [           main] org.hibernate.type.BasicTypeRegistry     : Adding type registration [C -> org.hibernate.type.BasicTypeReference@3281dfc2
2025-05-01T18:02:21.151-04:00 DEBUG 12281 --- [petuser] [           main] org.hibernate.type.BasicTypeRegistry     : Adding type registration wrapper-characters -> org.hibernate.type.BasicTypeReference@377874b4
2025-05-01T18:02:21.151-04:00 DEBUG 12281 --- [petuser] [           main] org.hibernate.type.BasicTypeRegistry     : Adding type registration text -> org.hibernate.type.BasicTypeReference@14422d9d
2025-05-01T18:02:21.151-04:00 DEBUG 12281 --- [petuser] [           main] org.hibernate.type.BasicTypeRegistry     : Adding type registration ntext -> org.hibernate.type.BasicTypeReference@16c1519e
2025-05-01T18:02:21.151-04:00 DEBUG 12281 --- [petuser] [           main] org.hibernate.type.BasicTypeRegistry     : Adding type registration clob -> org.hibernate.type.BasicTypeReference@2a02e34b
2025-05-01T18:02:21.151-04:00 DEBUG 12281 --- [petuser] [           main] org.hibernate.type.BasicTypeRegistry     : Adding type registration java.sql.Clob -> org.hibernate.type.BasicTypeReference@2a02e34b
2025-05-01T18:02:21.151-04:00 DEBUG 12281 --- [petuser] [           main] org.hibernate.type.BasicTypeRegistry     : Adding type registration nclob -> org.hibernate.type.BasicTypeReference@5eabff6b
2025-05-01T18:02:21.151-04:00 DEBUG 12281 --- [petuser] [           main] org.hibernate.type.BasicTypeRegistry     : Adding type registration java.sql.NClob -> org.hibernate.type.BasicTypeReference@5eabff6b
2025-05-01T18:02:21.151-04:00 DEBUG 12281 --- [petuser] [           main] org.hibernate.type.BasicTypeRegistry     : Adding type registration materialized_clob -> org.hibernate.type.BasicTypeReference@5b000fe6
2025-05-01T18:02:21.151-04:00 DEBUG 12281 --- [petuser] [           main] org.hibernate.type.BasicTypeRegistry     : Adding type registration materialized_clob_char_array -> org.hibernate.type.BasicTypeReference@4751e8b9
2025-05-01T18:02:21.151-04:00 DEBUG 12281 --- [petuser] [           main] org.hibernate.type.BasicTypeRegistry     : Adding type registration materialized_clob_character_array -> org.hibernate.type.BasicTypeReference@7af443a3
2025-05-01T18:02:21.151-04:00 DEBUG 12281 --- [petuser] [           main] org.hibernate.type.BasicTypeRegistry     : Adding type registration materialized_nclob -> org.hibernate.type.BasicTypeReference@7b25ab31
2025-05-01T18:02:21.151-04:00 DEBUG 12281 --- [petuser] [           main] org.hibernate.type.BasicTypeRegistry     : Adding type registration materialized_nclob_character_array -> org.hibernate.type.BasicTypeReference@2001e48c
2025-05-01T18:02:21.151-04:00 DEBUG 12281 --- [petuser] [           main] org.hibernate.type.BasicTypeRegistry     : Adding type registration materialized_nclob_char_array -> org.hibernate.type.BasicTypeReference@68ddd415
2025-05-01T18:02:21.151-04:00 DEBUG 12281 --- [petuser] [           main] org.hibernate.type.BasicTypeRegistry     : Adding type registration Duration -> org.hibernate.type.BasicTypeReference@306c7bf6
2025-05-01T18:02:21.151-04:00 DEBUG 12281 --- [petuser] [           main] org.hibernate.type.BasicTypeRegistry     : Adding type registration java.time.Duration -> org.hibernate.type.BasicTypeReference@306c7bf6
2025-05-01T18:02:21.151-04:00 DEBUG 12281 --- [petuser] [           main] org.hibernate.type.BasicTypeRegistry     : Adding type registration LocalDateTime -> org.hibernate.type.BasicTypeReference@664632e9
2025-05-01T18:02:21.151-04:00 DEBUG 12281 --- [petuser] [           main] org.hibernate.type.BasicTypeRegistry     : Adding type registration java.time.LocalDateTime -> org.hibernate.type.BasicTypeReference@664632e9
2025-05-01T18:02:21.151-04:00 DEBUG 12281 --- [petuser] [           main] org.hibernate.type.BasicTypeRegistry     : Adding type registration LocalDate -> org.hibernate.type.BasicTypeReference@494c8f29
2025-05-01T18:02:21.151-04:00 DEBUG 12281 --- [petuser] [           main] org.hibernate.type.BasicTypeRegistry     : Adding type registration java.time.LocalDate -> org.hibernate.type.BasicTypeReference@494c8f29
2025-05-01T18:02:21.151-04:00 DEBUG 12281 --- [petuser] [           main] org.hibernate.type.BasicTypeRegistry     : Adding type registration LocalTime -> org.hibernate.type.BasicTypeReference@4f379769
2025-05-01T18:02:21.151-04:00 DEBUG 12281 --- [petuser] [           main] org.hibernate.type.BasicTypeRegistry     : Adding type registration java.time.LocalTime -> org.hibernate.type.BasicTypeReference@4f379769
2025-05-01T18:02:21.151-04:00 DEBUG 12281 --- [petuser] [           main] org.hibernate.type.BasicTypeRegistry     : Adding type registration OffsetDateTime -> org.hibernate.type.BasicTypeReference@1c57f6b2
2025-05-01T18:02:21.151-04:00 DEBUG 12281 --- [petuser] [           main] org.hibernate.type.BasicTypeRegistry     : Adding type registration java.time.OffsetDateTime -> org.hibernate.type.BasicTypeReference@1c57f6b2
2025-05-01T18:02:21.151-04:00 DEBUG 12281 --- [petuser] [           main] org.hibernate.type.BasicTypeRegistry     : Adding type registration OffsetDateTimeWithTimezone -> org.hibernate.type.BasicTypeReference@4b515eab
2025-05-01T18:02:21.151-04:00 DEBUG 12281 --- [petuser] [           main] org.hibernate.type.BasicTypeRegistry     : Adding type registration OffsetDateTimeWithoutTimezone -> org.hibernate.type.BasicTypeReference@66c9b52f
2025-05-01T18:02:21.151-04:00 DEBUG 12281 --- [petuser] [           main] org.hibernate.type.BasicTypeRegistry     : Adding type registration OffsetTime -> org.hibernate.type.BasicTypeReference@1536ea40
2025-05-01T18:02:21.151-04:00 DEBUG 12281 --- [petuser] [           main] org.hibernate.type.BasicTypeRegistry     : Adding type registration java.time.OffsetTime -> org.hibernate.type.BasicTypeReference@1536ea40
2025-05-01T18:02:21.151-04:00 DEBUG 12281 --- [petuser] [           main] org.hibernate.type.BasicTypeRegistry     : Adding type registration OffsetTimeUtc -> org.hibernate.type.BasicTypeReference@36776c32
2025-05-01T18:02:21.151-04:00 DEBUG 12281 --- [petuser] [           main] org.hibernate.type.BasicTypeRegistry     : Adding type registration OffsetTimeWithTimezone -> org.hibernate.type.BasicTypeReference@7792d851
2025-05-01T18:02:21.151-04:00 DEBUG 12281 --- [petuser] [           main] org.hibernate.type.BasicTypeRegistry     : Adding type registration OffsetTimeWithoutTimezone -> org.hibernate.type.BasicTypeReference@5cd96b41
2025-05-01T18:02:21.151-04:00 DEBUG 12281 --- [petuser] [           main] org.hibernate.type.BasicTypeRegistry     : Adding type registration ZonedDateTime -> org.hibernate.type.BasicTypeReference@7e1ffe70
2025-05-01T18:02:21.151-04:00 DEBUG 12281 --- [petuser] [           main] org.hibernate.type.BasicTypeRegistry     : Adding type registration java.time.ZonedDateTime -> org.hibernate.type.BasicTypeReference@7e1ffe70
2025-05-01T18:02:21.151-04:00 DEBUG 12281 --- [petuser] [           main] org.hibernate.type.BasicTypeRegistry     : Adding type registration ZonedDateTimeWithTimezone -> org.hibernate.type.BasicTypeReference@73041b7d
2025-05-01T18:02:21.151-04:00 DEBUG 12281 --- [petuser] [           main] org.hibernate.type.BasicTypeRegistry     : Adding type registration ZonedDateTimeWithoutTimezone -> org.hibernate.type.BasicTypeReference@1235151c
2025-05-01T18:02:21.151-04:00 DEBUG 12281 --- [petuser] [           main] org.hibernate.type.BasicTypeRegistry     : Adding type registration date -> org.hibernate.type.BasicTypeReference@5a1f778
2025-05-01T18:02:21.151-04:00 DEBUG 12281 --- [petuser] [           main] org.hibernate.type.BasicTypeRegistry     : Adding type registration java.sql.Date -> org.hibernate.type.BasicTypeReference@5a1f778
2025-05-01T18:02:21.151-04:00 DEBUG 12281 --- [petuser] [           main] org.hibernate.type.BasicTypeRegistry     : Adding type registration time -> org.hibernate.type.BasicTypeReference@4cc65c2
2025-05-01T18:02:21.151-04:00 DEBUG 12281 --- [petuser] [           main] org.hibernate.type.BasicTypeRegistry     : Adding type registration java.sql.Time -> org.hibernate.type.BasicTypeReference@4cc65c2
2025-05-01T18:02:21.151-04:00 DEBUG 12281 --- [petuser] [           main] org.hibernate.type.BasicTypeRegistry     : Adding type registration timestamp -> org.hibernate.type.BasicTypeReference@574059d5
2025-05-01T18:02:21.151-04:00 DEBUG 12281 --- [petuser] [           main] org.hibernate.type.BasicTypeRegistry     : Adding type registration java.sql.Timestamp -> org.hibernate.type.BasicTypeReference@574059d5
2025-05-01T18:02:21.151-04:00 DEBUG 12281 --- [petuser] [           main] org.hibernate.type.BasicTypeRegistry     : Adding type registration java.util.Date -> org.hibernate.type.BasicTypeReference@574059d5
2025-05-01T18:02:21.151-04:00 DEBUG 12281 --- [petuser] [           main] org.hibernate.type.BasicTypeRegistry     : Adding type registration calendar -> org.hibernate.type.BasicTypeReference@6d672bd4
2025-05-01T18:02:21.151-04:00 DEBUG 12281 --- [petuser] [           main] org.hibernate.type.BasicTypeRegistry     : Adding type registration java.util.Calendar -> org.hibernate.type.BasicTypeReference@6d672bd4
2025-05-01T18:02:21.151-04:00 DEBUG 12281 --- [petuser] [           main] org.hibernate.type.BasicTypeRegistry     : Adding type registration java.util.GregorianCalendar -> org.hibernate.type.BasicTypeReference@6d672bd4
2025-05-01T18:02:21.151-04:00 DEBUG 12281 --- [petuser] [           main] org.hibernate.type.BasicTypeRegistry     : Adding type registration calendar_date -> org.hibernate.type.BasicTypeReference@67770b37
2025-05-01T18:02:21.151-04:00 DEBUG 12281 --- [petuser] [           main] org.hibernate.type.BasicTypeRegistry     : Adding type registration calendar_time -> org.hibernate.type.BasicTypeReference@5529ff44
2025-05-01T18:02:21.151-04:00 DEBUG 12281 --- [petuser] [           main] org.hibernate.type.BasicTypeRegistry     : Adding type registration instant -> org.hibernate.type.BasicTypeReference@14447be
2025-05-01T18:02:21.151-04:00 DEBUG 12281 --- [petuser] [           main] org.hibernate.type.BasicTypeRegistry     : Adding type registration java.time.Instant -> org.hibernate.type.BasicTypeReference@14447be
2025-05-01T18:02:21.151-04:00 DEBUG 12281 --- [petuser] [           main] org.hibernate.type.BasicTypeRegistry     : Adding type registration uuid -> org.hibernate.type.BasicTypeReference@5eb5da12
2025-05-01T18:02:21.151-04:00 DEBUG 12281 --- [petuser] [           main] org.hibernate.type.BasicTypeRegistry     : Adding type registration java.util.UUID -> org.hibernate.type.BasicTypeReference@5eb5da12
2025-05-01T18:02:21.151-04:00 DEBUG 12281 --- [petuser] [           main] org.hibernate.type.BasicTypeRegistry     : Adding type registration pg-uuid -> org.hibernate.type.BasicTypeReference@5eb5da12
2025-05-01T18:02:21.151-04:00 DEBUG 12281 --- [petuser] [           main] org.hibernate.type.BasicTypeRegistry     : Adding type registration uuid-binary -> org.hibernate.type.BasicTypeReference@4a50d04a
2025-05-01T18:02:21.151-04:00 DEBUG 12281 --- [petuser] [           main] org.hibernate.type.BasicTypeRegistry     : Adding type registration uuid-char -> org.hibernate.type.BasicTypeReference@5099c59b
2025-05-01T18:02:21.151-04:00 DEBUG 12281 --- [petuser] [           main] org.hibernate.type.BasicTypeRegistry     : Adding type registration class -> org.hibernate.type.BasicTypeReference@73c31181
2025-05-01T18:02:21.151-04:00 DEBUG 12281 --- [petuser] [           main] org.hibernate.type.BasicTypeRegistry     : Adding type registration java.lang.Class -> org.hibernate.type.BasicTypeReference@73c31181
2025-05-01T18:02:21.151-04:00 DEBUG 12281 --- [petuser] [           main] org.hibernate.type.BasicTypeRegistry     : Adding type registration currency -> org.hibernate.type.BasicTypeReference@3d620a1
2025-05-01T18:02:21.151-04:00 DEBUG 12281 --- [petuser] [           main] org.hibernate.type.BasicTypeRegistry     : Adding type registration Currency -> org.hibernate.type.BasicTypeReference@3d620a1
2025-05-01T18:02:21.151-04:00 DEBUG 12281 --- [petuser] [           main] org.hibernate.type.BasicTypeRegistry     : Adding type registration java.util.Currency -> org.hibernate.type.BasicTypeReference@3d620a1
2025-05-01T18:02:21.151-04:00 DEBUG 12281 --- [petuser] [           main] org.hibernate.type.BasicTypeRegistry     : Adding type registration locale -> org.hibernate.type.BasicTypeReference@4f486211
2025-05-01T18:02:21.151-04:00 DEBUG 12281 --- [petuser] [           main] org.hibernate.type.BasicTypeRegistry     : Adding type registration java.util.Locale -> org.hibernate.type.BasicTypeReference@4f486211
2025-05-01T18:02:21.151-04:00 DEBUG 12281 --- [petuser] [           main] org.hibernate.type.BasicTypeRegistry     : Adding type registration serializable -> org.hibernate.type.BasicTypeReference@51e3d37e
2025-05-01T18:02:21.151-04:00 DEBUG 12281 --- [petuser] [           main] org.hibernate.type.BasicTypeRegistry     : Adding type registration java.io.Serializable -> org.hibernate.type.BasicTypeReference@51e3d37e
2025-05-01T18:02:21.151-04:00 DEBUG 12281 --- [petuser] [           main] org.hibernate.type.BasicTypeRegistry     : Adding type registration timezone -> org.hibernate.type.BasicTypeReference@3a479fda
2025-05-01T18:02:21.151-04:00 DEBUG 12281 --- [petuser] [           main] org.hibernate.type.BasicTypeRegistry     : Adding type registration java.util.TimeZone -> org.hibernate.type.BasicTypeReference@3a479fda
2025-05-01T18:02:21.151-04:00 DEBUG 12281 --- [petuser] [           main] org.hibernate.type.BasicTypeRegistry     : Adding type registration ZoneOffset -> org.hibernate.type.BasicTypeReference@8a6631b
2025-05-01T18:02:21.151-04:00 DEBUG 12281 --- [petuser] [           main] org.hibernate.type.BasicTypeRegistry     : Adding type registration java.time.ZoneOffset -> org.hibernate.type.BasicTypeReference@8a6631b
2025-05-01T18:02:21.151-04:00 DEBUG 12281 --- [petuser] [           main] org.hibernate.type.BasicTypeRegistry     : Adding type registration url -> org.hibernate.type.BasicTypeReference@472d0f4
2025-05-01T18:02:21.151-04:00 DEBUG 12281 --- [petuser] [           main] org.hibernate.type.BasicTypeRegistry     : Adding type registration java.net.URL -> org.hibernate.type.BasicTypeReference@472d0f4
2025-05-01T18:02:21.151-04:00 DEBUG 12281 --- [petuser] [           main] org.hibernate.type.BasicTypeRegistry     : Adding type registration vector -> org.hibernate.type.BasicTypeReference@4bc59b27
2025-05-01T18:02:21.151-04:00 DEBUG 12281 --- [petuser] [           main] org.hibernate.type.BasicTypeRegistry     : Adding type registration float_vector -> org.hibernate.type.BasicTypeReference@4d7a64ca
2025-05-01T18:02:21.151-04:00 DEBUG 12281 --- [petuser] [           main] org.hibernate.type.BasicTypeRegistry     : Adding type registration double_vector -> org.hibernate.type.BasicTypeReference@76ff68c5
2025-05-01T18:02:21.151-04:00 DEBUG 12281 --- [petuser] [           main] org.hibernate.type.BasicTypeRegistry     : Adding type registration byte_vector -> org.hibernate.type.BasicTypeReference@6418e39e
2025-05-01T18:02:21.151-04:00 DEBUG 12281 --- [petuser] [           main] org.hibernate.type.BasicTypeRegistry     : Adding type registration row_version -> org.hibernate.type.BasicTypeReference@3635099
2025-05-01T18:02:21.151-04:00 DEBUG 12281 --- [petuser] [           main] org.hibernate.type.BasicTypeRegistry     : Adding type registration object -> org.hibernate.type.JavaObjectType@5ae1c281
2025-05-01T18:02:21.151-04:00 DEBUG 12281 --- [petuser] [           main] org.hibernate.type.BasicTypeRegistry     : Adding type registration java.lang.Object -> org.hibernate.type.JavaObjectType@5ae1c281
2025-05-01T18:02:21.151-04:00 DEBUG 12281 --- [petuser] [           main] org.hibernate.type.BasicTypeRegistry     : Adding type registration null -> org.hibernate.type.NullType@29a33620
2025-05-01T18:02:21.151-04:00 DEBUG 12281 --- [petuser] [           main] org.hibernate.type.BasicTypeRegistry     : Adding type registration imm_date -> org.hibernate.type.BasicTypeReference@2290186e
2025-05-01T18:02:21.151-04:00 DEBUG 12281 --- [petuser] [           main] org.hibernate.type.BasicTypeRegistry     : Adding type registration imm_time -> org.hibernate.type.BasicTypeReference@686a192d
2025-05-01T18:02:21.151-04:00 DEBUG 12281 --- [petuser] [           main] org.hibernate.type.BasicTypeRegistry     : Adding type registration imm_timestamp -> org.hibernate.type.BasicTypeReference@aecfc07
2025-05-01T18:02:21.151-04:00 DEBUG 12281 --- [petuser] [           main] org.hibernate.type.BasicTypeRegistry     : Adding type registration imm_calendar -> org.hibernate.type.BasicTypeReference@6f14ce3
2025-05-01T18:02:21.151-04:00 DEBUG 12281 --- [petuser] [           main] org.hibernate.type.BasicTypeRegistry     : Adding type registration imm_calendar_date -> org.hibernate.type.BasicTypeReference@2400673b
2025-05-01T18:02:21.151-04:00 DEBUG 12281 --- [petuser] [           main] org.hibernate.type.BasicTypeRegistry     : Adding type registration imm_calendar_time -> org.hibernate.type.BasicTypeReference@1c1bb1e7
2025-05-01T18:02:21.151-04:00 DEBUG 12281 --- [petuser] [           main] org.hibernate.type.BasicTypeRegistry     : Adding type registration imm_binary -> org.hibernate.type.BasicTypeReference@71fa6aa7
2025-05-01T18:02:21.151-04:00 DEBUG 12281 --- [petuser] [           main] org.hibernate.type.BasicTypeRegistry     : Adding type registration imm_serializable -> org.hibernate.type.BasicTypeReference@7d60a62f
2025-05-01T18:02:21.152-04:00 DEBUG 12281 --- [petuser] [           main] o.h.boot.internal.BootstrapContextImpl   : Injecting JPA temp ClassLoader [org.springframework.instrument.classloading.SimpleThrowawayClassLoader@1bab3926] into BootstrapContext; was [null]
2025-05-01T18:02:21.152-04:00 DEBUG 12281 --- [petuser] [           main] o.h.boot.internal.ClassLoaderAccessImpl  : ClassLoaderAccessImpl#injectTempClassLoader(org.springframework.instrument.classloading.SimpleThrowawayClassLoader@1bab3926) [was null]
2025-05-01T18:02:21.152-04:00 DEBUG 12281 --- [petuser] [           main] o.h.boot.internal.BootstrapContextImpl   : Injecting ScanEnvironment [org.hibernate.jpa.boot.internal.StandardJpaScanEnvironmentImpl@39a6c7a6] into BootstrapContext; was [null]
2025-05-01T18:02:21.152-04:00 DEBUG 12281 --- [petuser] [           main] o.h.boot.internal.BootstrapContextImpl   : Injecting ScanOptions [org.hibernate.boot.archive.scan.internal.StandardScanOptions@418f5f63] into BootstrapContext; was [org.hibernate.boot.archive.scan.internal.StandardScanOptions@6a225642]
2025-05-01T18:02:21.153-04:00 DEBUG 12281 --- [petuser] [           main] o.h.j.b.i.PersistenceUnitInfoDescriptor  : Pushing class transformers for PU named 'default' on loading classloader jdk.internal.loader.ClassLoaders$AppClassLoader@2c854dc5
2025-05-01T18:02:21.156-04:00  INFO 12281 --- [petuser] [           main] o.s.o.j.p.SpringPersistenceUnitInfo      : No LoadTimeWeaver setup: ignoring JPA class transformer
2025-05-01T18:02:21.156-04:00 DEBUG 12281 --- [petuser] [           main] o.h.boot.internal.BootstrapContextImpl   : Injecting JPA temp ClassLoader [null] into BootstrapContext; was [org.springframework.instrument.classloading.SimpleThrowawayClassLoader@1bab3926]
2025-05-01T18:02:21.156-04:00 DEBUG 12281 --- [petuser] [           main] o.h.boot.internal.ClassLoaderAccessImpl  : ClassLoaderAccessImpl#injectTempClassLoader(null) [was org.springframework.instrument.classloading.SimpleThrowawayClassLoader@1bab3926]
2025-05-01T18:02:21.156-04:00  INFO 12281 --- [petuser] [           main] com.zaxxer.hikari.HikariDataSource       : HikariPool-2 - Starting...
2025-05-01T18:02:21.156-04:00  WARN 12281 --- [petuser] [           main] c.zaxxer.hikari.util.DriverDataSource    : Registered driver with driverClassName=oracle.jdbc.driver.OracleDriver was not found, trying direct instantiation.
2025-05-01T18:02:21.356-04:00  INFO 12281 --- [petuser] [           main] com.zaxxer.hikari.pool.HikariPool        : HikariPool-2 - Added connection oracle.jdbc.driver.T4CConnection@28c06c3c
2025-05-01T18:02:21.356-04:00  INFO 12281 --- [petuser] [           main] com.zaxxer.hikari.HikariDataSource       : HikariPool-2 - Start completed.
2025-05-01T18:02:21.366-04:00 DEBUG 12281 --- [petuser] [           main] o.h.e.j.e.i.JdbcEnvironmentInitiator     : Database ->
	   name : Oracle
	version : Oracle Database 19c Enterprise Edition Release 19.0.0.0.0 - Production
Version 19.27.0.1.0
	  major : 19
	  minor : 27
2025-05-01T18:02:21.366-04:00 DEBUG 12281 --- [petuser] [           main] o.h.e.j.e.i.JdbcEnvironmentInitiator     : Driver ->
	   name : Oracle JDBC driver
	version : 23.5.0.24.07
	  major : 23
	  minor : 5
2025-05-01T18:02:21.366-04:00 DEBUG 12281 --- [petuser] [           main] o.h.e.j.e.i.JdbcEnvironmentInitiator     : JDBC version : 4.3
2025-05-01T18:02:21.375-04:00  WARN 12281 --- [petuser] [           main] org.hibernate.orm.deprecation            : HHH90000025: OracleDialect does not need to be specified explicitly using 'hibernate.dialect' (remove the property setting and it will be selected by default)
2025-05-01T18:02:21.375-04:00 DEBUG 12281 --- [petuser] [           main] org.hibernate.orm.dialect                : HHH035001: Using dialect: org.hibernate.dialect.OracleDialect, version: 19.27
2025-05-01T18:02:21.404-04:00  INFO 12281 --- [petuser] [           main] org.hibernate.orm.connections.pooling    : HHH10001005: Database info:
	Database JDBC URL [Connecting through datasource 'HikariDataSource (HikariPool-2)']
	Database driver: undefined/unknown
	Database version: 19.27
	Autocommit mode: undefined/unknown
	Isolation level: undefined/unknown
	Minimum pool size: undefined/unknown
	Maximum pool size: undefined/unknown
2025-05-01T18:02:21.405-04:00 DEBUG 12281 --- [petuser] [           main] o.h.t.d.jdbc.spi.JdbcTypeRegistry        : addDescriptor(NCharTypeDescriptor) replaced previous registration(CharTypeDescriptor)
2025-05-01T18:02:21.405-04:00 DEBUG 12281 --- [petuser] [           main] o.h.t.d.jdbc.spi.JdbcTypeRegistry        : addDescriptor(NVarcharTypeDescriptor) replaced previous registration(VarcharTypeDescriptor)
2025-05-01T18:02:21.405-04:00 DEBUG 12281 --- [petuser] [           main] o.h.t.d.jdbc.spi.JdbcTypeRegistry        : addDescriptor(LongNVarcharTypeDescriptor) replaced previous registration(LongVarcharTypeDescriptor)
2025-05-01T18:02:21.405-04:00 DEBUG 12281 --- [petuser] [           main] o.h.t.d.jdbc.spi.JdbcTypeRegistry        : addDescriptor(NClobTypeDescriptor(DEFAULT)) replaced previous registration(ClobTypeDescriptor(DEFAULT))
2025-05-01T18:02:21.405-04:00 DEBUG 12281 --- [petuser] [           main] o.h.t.d.jdbc.spi.JdbcTypeRegistry        : addDescriptor(BooleanTypeDescriptor) replaced previous registration(BooleanTypeDescriptor)
2025-05-01T18:02:21.405-04:00 DEBUG 12281 --- [petuser] [           main] org.hibernate.type.BasicTypeRegistry     : Adding type registration null -> org.hibernate.type.NullType@100ed29a
2025-05-01T18:02:21.405-04:00 DEBUG 12281 --- [petuser] [           main] org.hibernate.type.BasicTypeRegistry     : Type registration key [null] overrode previous entry : `org.hibernate.type.NullType@29a33620`
2025-05-01T18:02:21.405-04:00 DEBUG 12281 --- [petuser] [           main] org.hibernate.type.BasicTypeRegistry     : Adding type registration JAVA_OBJECT -> org.hibernate.type.JavaObjectType@4058b398
2025-05-01T18:02:21.405-04:00 DEBUG 12281 --- [petuser] [           main] org.hibernate.type.BasicTypeRegistry     : Adding type registration java.lang.Object -> org.hibernate.type.JavaObjectType@4058b398
2025-05-01T18:02:21.405-04:00 DEBUG 12281 --- [petuser] [           main] org.hibernate.type.BasicTypeRegistry     : Type registration key [java.lang.Object] overrode previous entry : `org.hibernate.type.JavaObjectType@5ae1c281`
2025-05-01T18:02:21.405-04:00 DEBUG 12281 --- [petuser] [           main] org.hibernate.type.BasicTypeRegistry     : Adding type registration org.hibernate.type.DurationType -> basicType@21(java.time.Duration,3015)
2025-05-01T18:02:21.405-04:00 DEBUG 12281 --- [petuser] [           main] org.hibernate.type.BasicTypeRegistry     : Adding type registration Duration -> basicType@21(java.time.Duration,3015)
2025-05-01T18:02:21.405-04:00 DEBUG 12281 --- [petuser] [           main] org.hibernate.type.BasicTypeRegistry     : Adding type registration java.time.Duration -> basicType@21(java.time.Duration,3015)
2025-05-01T18:02:21.405-04:00 DEBUG 12281 --- [petuser] [           main] o.h.type.spi.TypeConfiguration$Scope     : Scoping TypeConfiguration [org.hibernate.type.spi.TypeConfiguration@e0865e7] to MetadataBuildingContext [org.hibernate.boot.internal.MetadataBuildingContextRootImpl@3eb814dd]
2025-05-01T18:02:21.405-04:00 DEBUG 12281 --- [petuser] [           main] o.h.boot.model.relational.Namespace      : Created database namespace [logicalName=Name{catalog=null, schema=null}, physicalName=Name{catalog=null, schema=null}]
2025-05-01T18:02:21.405-04:00 DEBUG 12281 --- [petuser] [           main] o.h.boot.model.internal.EntityBinder     : Binding entity from annotated class: com.petuser.petuser.model.Usuario
2025-05-01T18:02:21.405-04:00 DEBUG 12281 --- [petuser] [           main] o.h.boot.model.internal.EntityBinder     : Import with entity name Usuario
2025-05-01T18:02:21.405-04:00 DEBUG 12281 --- [petuser] [           main] o.h.boot.model.internal.EntityBinder     : Bind entity com.petuser.petuser.model.Usuario on table usuarios
2025-05-01T18:02:21.405-04:00 DEBUG 12281 --- [petuser] [           main] o.h.boot.model.internal.AnnotatedColumn  : Binding column: AnnotatedDiscriminatorColumn(column='DTYPE')
2025-05-01T18:02:21.405-04:00 DEBUG 12281 --- [petuser] [           main] o.h.boot.model.internal.AnnotatedColumn  : Binding column: AnnotatedColumn()
2025-05-01T18:02:21.405-04:00 DEBUG 12281 --- [petuser] [           main] o.h.boot.internal.ClassLoaderAccessImpl  : Not known whether passed class name [com.petuser.petuser.model.Usuario] is safe
2025-05-01T18:02:21.405-04:00 DEBUG 12281 --- [petuser] [           main] o.h.boot.internal.ClassLoaderAccessImpl  : No temp ClassLoader provided; using live ClassLoader for loading potentially unsafe class : com.petuser.petuser.model.Usuario
2025-05-01T18:02:21.406-04:00 DEBUG 12281 --- [petuser] [           main] o.h.boot.model.internal.PropertyBinder   : MetadataSourceProcessor property id with lazy=false
2025-05-01T18:02:21.406-04:00 DEBUG 12281 --- [petuser] [           main] o.h.b.m.internal.AbstractPropertyHolder  : Attempting to locate auto-apply AttributeConverter for property [com.petuser.petuser.model.Usuario:id]
2025-05-01T18:02:21.406-04:00 DEBUG 12281 --- [petuser] [           main] o.h.b.model.internal.BasicValueBinder    : building BasicValue for id
2025-05-01T18:02:21.406-04:00 DEBUG 12281 --- [petuser] [           main] org.hibernate.mapping.BasicValue         : Skipping column re-registration: usuarios.id
2025-05-01T18:02:21.406-04:00 DEBUG 12281 --- [petuser] [           main] o.h.boot.model.internal.PropertyBinder   : Building property id
2025-05-01T18:02:21.406-04:00 DEBUG 12281 --- [petuser] [           main] o.h.boot.model.internal.BinderHelper     : #makeIdGenerator(BasicValue([Column(id)]), id, identity, , ...)
2025-05-01T18:02:21.406-04:00 DEBUG 12281 --- [petuser] [           main] o.h.boot.model.internal.AnnotatedColumn  : Binding column: AnnotatedColumn()
2025-05-01T18:02:21.406-04:00 DEBUG 12281 --- [petuser] [           main] o.h.boot.model.internal.PropertyBinder   : MetadataSourceProcessor property apellido with lazy=false
2025-05-01T18:02:21.406-04:00 DEBUG 12281 --- [petuser] [           main] o.h.b.m.internal.AbstractPropertyHolder  : Attempting to locate auto-apply AttributeConverter for property [com.petuser.petuser.model.Usuario:apellido]
2025-05-01T18:02:21.406-04:00 DEBUG 12281 --- [petuser] [           main] o.h.b.model.internal.BasicValueBinder    : building BasicValue for apellido
2025-05-01T18:02:21.406-04:00 DEBUG 12281 --- [petuser] [           main] org.hibernate.mapping.BasicValue         : Skipping column re-registration: usuarios.apellido
2025-05-01T18:02:21.406-04:00 DEBUG 12281 --- [petuser] [           main] o.h.boot.model.internal.PropertyBinder   : Building property apellido
2025-05-01T18:02:21.406-04:00 DEBUG 12281 --- [petuser] [           main] o.h.boot.model.internal.AnnotatedColumn  : Binding column: AnnotatedColumn()
2025-05-01T18:02:21.406-04:00 DEBUG 12281 --- [petuser] [           main] o.h.boot.model.internal.PropertyBinder   : MetadataSourceProcessor property direccion with lazy=false
2025-05-01T18:02:21.406-04:00 DEBUG 12281 --- [petuser] [           main] o.h.b.m.internal.AbstractPropertyHolder  : Attempting to locate auto-apply AttributeConverter for property [com.petuser.petuser.model.Usuario:direccion]
2025-05-01T18:02:21.406-04:00 DEBUG 12281 --- [petuser] [           main] o.h.b.model.internal.BasicValueBinder    : building BasicValue for direccion
2025-05-01T18:02:21.406-04:00 DEBUG 12281 --- [petuser] [           main] org.hibernate.mapping.BasicValue         : Skipping column re-registration: usuarios.direccion
2025-05-01T18:02:21.406-04:00 DEBUG 12281 --- [petuser] [           main] o.h.boot.model.internal.PropertyBinder   : Building property direccion
2025-05-01T18:02:21.406-04:00 DEBUG 12281 --- [petuser] [           main] o.h.boot.model.internal.AnnotatedColumn  : Binding column: AnnotatedColumn()
2025-05-01T18:02:21.406-04:00 DEBUG 12281 --- [petuser] [           main] o.h.boot.model.internal.PropertyBinder   : MetadataSourceProcessor property email with lazy=false
2025-05-01T18:02:21.406-04:00 DEBUG 12281 --- [petuser] [           main] o.h.b.m.internal.AbstractPropertyHolder  : Attempting to locate auto-apply AttributeConverter for property [com.petuser.petuser.model.Usuario:email]
2025-05-01T18:02:21.406-04:00 DEBUG 12281 --- [petuser] [           main] o.h.b.model.internal.BasicValueBinder    : building BasicValue for email
2025-05-01T18:02:21.406-04:00 DEBUG 12281 --- [petuser] [           main] org.hibernate.mapping.BasicValue         : Skipping column re-registration: usuarios.email
2025-05-01T18:02:21.406-04:00 DEBUG 12281 --- [petuser] [           main] o.h.boot.model.internal.PropertyBinder   : Building property email
2025-05-01T18:02:21.406-04:00 DEBUG 12281 --- [petuser] [           main] o.h.boot.model.internal.AnnotatedColumn  : Binding column: AnnotatedColumn()
2025-05-01T18:02:21.406-04:00 DEBUG 12281 --- [petuser] [           main] o.h.boot.model.internal.PropertyBinder   : MetadataSourceProcessor property nombre with lazy=false
2025-05-01T18:02:21.406-04:00 DEBUG 12281 --- [petuser] [           main] o.h.b.m.internal.AbstractPropertyHolder  : Attempting to locate auto-apply AttributeConverter for property [com.petuser.petuser.model.Usuario:nombre]
2025-05-01T18:02:21.406-04:00 DEBUG 12281 --- [petuser] [           main] o.h.b.model.internal.BasicValueBinder    : building BasicValue for nombre
2025-05-01T18:02:21.406-04:00 DEBUG 12281 --- [petuser] [           main] org.hibernate.mapping.BasicValue         : Skipping column re-registration: usuarios.nombre
2025-05-01T18:02:21.406-04:00 DEBUG 12281 --- [petuser] [           main] o.h.boot.model.internal.PropertyBinder   : Building property nombre
2025-05-01T18:02:21.406-04:00 DEBUG 12281 --- [petuser] [           main] o.h.boot.model.internal.AnnotatedColumn  : Binding column: AnnotatedColumn()
2025-05-01T18:02:21.406-04:00 DEBUG 12281 --- [petuser] [           main] o.h.boot.model.internal.PropertyBinder   : MetadataSourceProcessor property password with lazy=false
2025-05-01T18:02:21.406-04:00 DEBUG 12281 --- [petuser] [           main] o.h.b.m.internal.AbstractPropertyHolder  : Attempting to locate auto-apply AttributeConverter for property [com.petuser.petuser.model.Usuario:password]
2025-05-01T18:02:21.406-04:00 DEBUG 12281 --- [petuser] [           main] o.h.b.model.internal.BasicValueBinder    : building BasicValue for password
2025-05-01T18:02:21.406-04:00 DEBUG 12281 --- [petuser] [           main] org.hibernate.mapping.BasicValue         : Skipping column re-registration: usuarios.password
2025-05-01T18:02:21.406-04:00 DEBUG 12281 --- [petuser] [           main] o.h.boot.model.internal.PropertyBinder   : Building property password
2025-05-01T18:02:21.406-04:00 DEBUG 12281 --- [petuser] [           main] o.h.boot.model.internal.AnnotatedColumn  : Binding column: AnnotatedColumn()
2025-05-01T18:02:21.406-04:00 DEBUG 12281 --- [petuser] [           main] o.h.boot.model.internal.PropertyBinder   : MetadataSourceProcessor property rol with lazy=false
2025-05-01T18:02:21.406-04:00 DEBUG 12281 --- [petuser] [           main] o.h.b.m.internal.AbstractPropertyHolder  : Attempting to locate auto-apply AttributeConverter for property [com.petuser.petuser.model.Usuario:rol]
2025-05-01T18:02:21.406-04:00 DEBUG 12281 --- [petuser] [           main] o.h.b.model.internal.BasicValueBinder    : building BasicValue for rol
2025-05-01T18:02:21.406-04:00 DEBUG 12281 --- [petuser] [           main] org.hibernate.mapping.BasicValue         : Skipping column re-registration: usuarios.rol
2025-05-01T18:02:21.406-04:00 DEBUG 12281 --- [petuser] [           main] o.h.boot.model.internal.PropertyBinder   : Building property rol
2025-05-01T18:02:21.406-04:00 DEBUG 12281 --- [petuser] [           main] o.h.boot.model.internal.AnnotatedColumn  : Binding column: AnnotatedColumn()
2025-05-01T18:02:21.406-04:00 DEBUG 12281 --- [petuser] [           main] o.h.boot.model.internal.PropertyBinder   : MetadataSourceProcessor property telefono with lazy=false
2025-05-01T18:02:21.406-04:00 DEBUG 12281 --- [petuser] [           main] o.h.b.m.internal.AbstractPropertyHolder  : Attempting to locate auto-apply AttributeConverter for property [com.petuser.petuser.model.Usuario:telefono]
2025-05-01T18:02:21.406-04:00 DEBUG 12281 --- [petuser] [           main] o.h.b.model.internal.BasicValueBinder    : building BasicValue for telefono
2025-05-01T18:02:21.406-04:00 DEBUG 12281 --- [petuser] [           main] org.hibernate.mapping.BasicValue         : Skipping column re-registration: usuarios.telefono
2025-05-01T18:02:21.406-04:00 DEBUG 12281 --- [petuser] [           main] o.h.boot.model.internal.PropertyBinder   : Building property telefono
2025-05-01T18:02:21.406-04:00 DEBUG 12281 --- [petuser] [           main] o.h.b.r.c.i.ClassLoaderServiceImpl       : HHH000194: Package not found or no package-info.java: com.petuser.petuser.model
2025-05-01T18:02:21.407-04:00 DEBUG 12281 --- [petuser] [           main] o.h.b.model.internal.BasicValueBinder    : Starting `BasicValueBinder#fillSimpleValue` for id
2025-05-01T18:02:21.407-04:00 DEBUG 12281 --- [petuser] [           main] o.h.b.model.internal.BasicValueBinder    : Starting `BasicValueBinder#fillSimpleValue` for apellido
2025-05-01T18:02:21.407-04:00 DEBUG 12281 --- [petuser] [           main] o.h.b.model.internal.BasicValueBinder    : Starting `BasicValueBinder#fillSimpleValue` for direccion
2025-05-01T18:02:21.407-04:00 DEBUG 12281 --- [petuser] [           main] o.h.b.model.internal.BasicValueBinder    : Starting `BasicValueBinder#fillSimpleValue` for email
2025-05-01T18:02:21.407-04:00 DEBUG 12281 --- [petuser] [           main] o.h.b.model.internal.BasicValueBinder    : Starting `BasicValueBinder#fillSimpleValue` for nombre
2025-05-01T18:02:21.407-04:00 DEBUG 12281 --- [petuser] [           main] o.h.b.model.internal.BasicValueBinder    : Starting `BasicValueBinder#fillSimpleValue` for password
2025-05-01T18:02:21.407-04:00 DEBUG 12281 --- [petuser] [           main] o.h.b.model.internal.BasicValueBinder    : Starting `BasicValueBinder#fillSimpleValue` for rol
2025-05-01T18:02:21.407-04:00 DEBUG 12281 --- [petuser] [           main] o.h.b.model.internal.BasicValueBinder    : Starting `BasicValueBinder#fillSimpleValue` for telefono
2025-05-01T18:02:21.407-04:00 DEBUG 12281 --- [petuser] [           main] org.hibernate.mapping.PrimaryKey         : Forcing column [id] to be non-null as it is part of the primary key for table [usuarios]
2025-05-01T18:02:21.411-04:00 DEBUG 12281 --- [petuser] [           main] o.hibernate.internal.SessionFactoryImpl  : Building session factory
2025-05-01T18:02:21.411-04:00 DEBUG 12281 --- [petuser] [           main] .h.s.i.SessionFactoryServiceRegistryImpl : EventListenerRegistry access via ServiceRegistry is deprecated.  Use `sessionFactory.getEventEngine().getListenerRegistry()` instead
2025-05-01T18:02:21.411-04:00 DEBUG 12281 --- [petuser] [           main] o.hibernate.internal.SessionFactoryImpl  : Instantiating SessionFactory with settings: {java.specification.version=21, hibernate.resource.beans.container=org.springframework.orm.hibernate5.SpringBeanContainer@7a696a6b, hibernate.connection.handling_mode=DELAYED_ACQUISITION_AND_HOLD, sun.jnu.encoding=UTF-8, hibernate.dialect=org.hibernate.dialect.OracleDialect, hibernate.implicit_naming_strategy=org.springframework.boot.orm.jpa.hibernate.SpringImplicitNamingStrategy, java.class.path=/Users/sebastianvaldiviavillagra/Desktop/proyectos/petuser/target/test-classes:/Users/sebastianvaldiviavillagra/Desktop/proyectos/petuser/target/classes:/Users/sebastianvaldiviavillagra/.m2/repository/org/springframework/boot/spring-boot-starter-actuator/3.4.4/spring-boot-starter-actuator-3.4.4.jar:/Users/sebastianvaldiviavillagra/.m2/repository/org/springframework/boot/spring-boot-starter/3.4.4/spring-boot-starter-3.4.4.jar:/Users/sebastianvaldiviavillagra/.m2/repository/org/springframework/boot/spring-boot-starter-logging/3.4.4/spring-boot-starter-logging-3.4.4.jar:/Users/sebastianvaldiviavillagra/.m2/repository/ch/qos/logback/logback-classic/1.5.18/logback-classic-1.5.18.jar:/Users/sebastianvaldiviavillagra/.m2/repository/ch/qos/logback/logback-core/1.5.18/logback-core-1.5.18.jar:/Users/sebastianvaldiviavillagra/.m2/repository/org/apache/logging/log4j/log4j-to-slf4j/2.24.3/log4j-to-slf4j-2.24.3.jar:/Users/sebastianvaldiviavillagra/.m2/repository/org/apache/logging/log4j/log4j-api/2.24.3/log4j-api-2.24.3.jar:/Users/sebastianvaldiviavillagra/.m2/repository/org/slf4j/jul-to-slf4j/2.0.17/jul-to-slf4j-2.0.17.jar:/Users/sebastianvaldiviavillagra/.m2/repository/jakarta/annotation/jakarta.annotation-api/2.1.1/jakarta.annotation-api-2.1.1.jar:/Users/sebastianvaldiviavillagra/.m2/repository/org/yaml/snakeyaml/2.3/snakeyaml-2.3.jar:/Users/sebastianvaldiviavillagra/.m2/repository/org/springframework/boot/spring-boot-actuator-autoc
[...]

   RemoteDevToolsAutoConfiguration:
      Did not match:
         - @ConditionalOnProperty (spring.devtools.remote.secret) did not find property 'secret' (OnPropertyCondition)
      Matched:
         - @ConditionalOnClass found required classes 'jakarta.servlet.Filter', 'org.springframework.http.server.ServerHttpRequest' (OnClassCondition)

   RepositoryRestMvcAutoConfiguration:
      Did not match:
         - @ConditionalOnClass did not find required class 'org.springframework.data.rest.webmvc.config.RepositoryRestMvcConfiguration' (OnClassCondition)

   Saml2RelyingPartyAutoConfiguration:
      Did not match:
         - @ConditionalOnClass did not find required class 'org.springframework.security.saml2.provider.service.registration.RelyingPartyRegistrationRepository' (OnClassCondition)

   SbomEndpointAutoConfiguration:
      Did not match:
         - @ConditionalOnAvailableEndpoint not exposed (OnAvailableEndpointCondition)

   ScheduledTasksEndpointAutoConfiguration:
      Did not match:
         - @ConditionalOnAvailableEndpoint not exposed (OnAvailableEndpointCondition)

   SecurityAutoConfiguration:
      Did not match:
         - @ConditionalOnClass did not find required class 'org.springframework.security.authentication.DefaultAuthenticationEventPublisher' (OnClassCondition)

   SecurityFilterAutoConfiguration:
      Did not match:
         - @ConditionalOnClass did not find required class 'org.springframework.security.config.http.SessionCreationPolicy' (OnClassCondition)

   SecurityRequestMatchersManagementContextConfiguration:
      Did not match:
         - @ConditionalOnClass did not find required class 'org.springframework.security.web.util.matcher.RequestMatcher' (OnClassCondition)

   SendGridAutoConfiguration:
      Did not match:
         - @ConditionalOnClass did not find required class 'com.sendgrid.SendGrid' (OnClassCondition)

   ServletEndpointManagementContextConfiguration.JerseyServletEndpointManagementContextConfiguration:
      Did not match:
         - @ConditionalOnClass did not find required class 'org.glassfish.jersey.server.ResourceConfig' (OnClassCondition)

   ServletManagementContextAutoConfiguration.ApplicationContextFilterConfiguration:
      Did not match:
         - @ConditionalOnProperty (management.server.add-application-context-header=true) did not find property 'add-application-context-header' (OnPropertyCondition)

   ServletWebServerFactoryAutoConfiguration.ForwardedHeaderFilterConfiguration:
      Did not match:
         - @ConditionalOnProperty (server.forward-headers-strategy=framework) did not find property 'server.forward-headers-strategy' (OnPropertyCondition)

   ServletWebServerFactoryConfiguration.EmbeddedJetty:
      Did not match:
         - @ConditionalOnClass did not find required classes 'org.eclipse.jetty.server.Server', 'org.eclipse.jetty.util.Loader', 'org.eclipse.jetty.ee10.webapp.WebAppContext' (OnClassCondition)

   ServletWebServerFactoryConfiguration.EmbeddedUndertow:
      Did not match:
         - @ConditionalOnClass did not find required classes 'io.undertow.Undertow', 'org.xnio.SslClientAuthMode' (OnClassCondition)

   SessionAutoConfiguration:
      Did not match:
         - @ConditionalOnClass did not find required class 'org.springframework.session.Session' (OnClassCondition)

   SessionsEndpointAutoConfiguration:
      Did not match:
         - @ConditionalOnClass did not find required class 'org.springframework.session.Session' (OnClassCondition)

   ShutdownEndpointAutoConfiguration:
      Did not match:
         - @ConditionalOnAvailableEndpoint the configured access for endpoint 'shutdown' is NONE (OnAvailableEndpointCondition)

   SignalFxMetricsExportAutoConfiguration:
      Did not match:
         - @ConditionalOnClass did not find required class 'io.micrometer.signalfx.SignalFxMeterRegistry' (OnClassCondition)

   SpringApplicationAdminJmxAutoConfiguration:
      Did not match:
         - @ConditionalOnProperty (spring.application.admin.enabled=true) did not find property 'enabled' (OnPropertyCondition)

   StackdriverMetricsExportAutoConfiguration:
      Did not match:
         - @ConditionalOnClass did not find required class 'io.micrometer.stackdriver.StackdriverMeterRegistry' (OnClassCondition)

   StartupEndpointAutoConfiguration:
      Did not match:
         - ApplicationStartup configured applicationStartup is of type class org.springframework.core.metrics.DefaultApplicationStartup, expected BufferingApplicationStartup. (StartupEndpointAutoConfiguration.ApplicationStartupCondition)

   StatsdMetricsExportAutoConfiguration:
      Did not match:
         - @ConditionalOnClass did not find required class 'io.micrometer.statsd.StatsdMeterRegistry' (OnClassCondition)

   TaskExecutorConfigurations.SimpleAsyncTaskExecutorBuilderConfiguration#simpleAsyncTaskExecutorBuilderVirtualThreads:
      Did not match:
         - @ConditionalOnMissingBean (types: org.springframework.boot.task.SimpleAsyncTaskExecutorBuilder; SearchStrategy: all) found beans of type 'org.springframework.boot.task.SimpleAsyncTaskExecutorBuilder' simpleAsyncTaskExecutorBuilder (OnBeanCondition)

   TaskExecutorConfigurations.TaskExecutorConfiguration#applicationTaskExecutorVirtualThreads:
      Did not match:
         - @ConditionalOnThreading did not find VIRTUAL (OnThreadingCondition)

   TaskSchedulingAutoConfiguration#scheduledBeanLazyInitializationExcludeFilter:
      Did not match:
         - @ConditionalOnBean (names: org.springframework.context.annotation.internalScheduledAnnotationProcessor; SearchStrategy: all) did not find any beans named org.springframework.context.annotation.internalScheduledAnnotationProcessor (OnBeanCondition)

   TaskSchedulingConfigurations.SimpleAsyncTaskSchedulerBuilderConfiguration#simpleAsyncTaskSchedulerBuilderVirtualThreads:
      Did not match:
         - @ConditionalOnMissingBean (types: org.springframework.boot.task.SimpleAsyncTaskSchedulerBuilder; SearchStrategy: all) found beans of type 'org.springframework.boot.task.SimpleAsyncTaskSchedulerBuilder' simpleAsyncTaskSchedulerBuilder (OnBeanCondition)

   TaskSchedulingConfigurations.TaskSchedulerConfiguration:
      Did not match:
         - @ConditionalOnBean (names: org.springframework.context.annotation.internalScheduledAnnotationProcessor; SearchStrategy: all) did not find any beans named org.springframework.context.annotation.internalScheduledAnnotationProcessor (OnBeanCondition)

   ThreadDumpEndpointAutoConfiguration:
      Did not match:
         - @ConditionalOnAvailableEndpoint not exposed (OnAvailableEndpointCondition)

   ThymeleafAutoConfiguration:
      Did not match:
         - @ConditionalOnClass did not find required class 'org.thymeleaf.spring6.SpringTemplateEngine' (OnClassCondition)

   TransactionAutoConfiguration#transactionalOperator:
      Did not match:
         - @ConditionalOnSingleCandidate (types: org.springframework.transaction.ReactiveTransactionManager; SearchStrategy: all) did not find any beans (OnBeanCondition)

   TransactionAutoConfiguration.AspectJTransactionManagementConfiguration:
      Did not match:
         - @ConditionalOnBean (types: org.springframework.transaction.aspectj.AbstractTransactionAspect; SearchStrategy: all) did not find any beans of type org.springframework.transaction.aspectj.AbstractTransactionAspect (OnBeanCondition)

   TransactionAutoConfiguration.EnableTransactionManagementConfiguration.JdkDynamicAutoProxyConfiguration:
      Did not match:
         - @ConditionalOnProperty (spring.aop.proxy-target-class=false) did not find property 'proxy-target-class' (OnPropertyCondition)

   UserDetailsServiceAutoConfiguration:
      Did not match:
         - @ConditionalOnClass did not find required class 'org.springframework.security.authentication.AuthenticationManager' (OnClassCondition)

   WavefrontAutoConfiguration:
      Did not match:
         - @ConditionalOnClass did not find required class 'com.wavefront.sdk.common.application.ApplicationTags' (OnClassCondition)

   WavefrontMetricsExportAutoConfiguration:
      Did not match:
         - @ConditionalOnClass did not find required class 'com.wavefront.sdk.common.WavefrontSender' (OnClassCondition)

   WavefrontTracingAutoConfiguration:
      Did not match:
         - @ConditionalOnClass did not find required class 'com.wavefront.sdk.common.WavefrontSender' (OnClassCondition)

   WebClientAutoConfiguration:
      Did not match:
         - @ConditionalOnClass did not find required class 'org.springframework.web.reactive.function.client.WebClient' (OnClassCondition)

   WebClientObservationConfiguration:
      Did not match:
         - @ConditionalOnClass did not find required class 'org.springframework.web.reactive.function.client.WebClient' (OnClassCondition)

   WebFluxAutoConfiguration:
      Did not match:
         - @ConditionalOnClass did not find required class 'org.springframework.web.reactive.config.WebFluxConfigurer' (OnClassCondition)

   WebFluxEndpointManagementContextConfiguration:
      Did not match:
         - @ConditionalOnClass did not find required class 'org.springframework.web.reactive.DispatcherHandler' (OnClassCondition)

   WebFluxObservationAutoConfiguration:
      Did not match:
         - @ConditionalOnWebApplication did not find reactive web application classes (OnWebApplicationCondition)

   WebMvcAutoConfiguration#hiddenHttpMethodFilter:
      Did not match:
         - @ConditionalOnProperty (spring.mvc.hiddenmethod.filter.enabled) did not find property 'enabled' (OnPropertyCondition)

   WebMvcAutoConfiguration.ProblemDetailsErrorHandlingConfiguration:
      Did not match:
         - @ConditionalOnProperty (spring.mvc.problemdetails.enabled=true) did not find property 'enabled' (OnPropertyCondition)

   WebMvcAutoConfiguration.ResourceChainCustomizerConfiguration:
      Did not match:
         - @ConditionalOnEnabledResourceChain did not find class org.webjars.WebJarVersionLocator (OnEnabledResourceChainCondition)

   WebMvcAutoConfiguration.WebMvcAutoConfigurationAdapter#beanNameViewResolver:
      Did not match:
         - @ConditionalOnMissingBean (types: org.springframework.web.servlet.view.BeanNameViewResolver; SearchStrategy: all) found beans of type 'org.springframework.web.servlet.view.BeanNameViewResolver' beanNameViewResolver (OnBeanCondition)

   WebMvcEndpointManagementContextConfiguration#managementHealthEndpointWebMvcHandlerMapping:
      Did not match:
         - Management Port actual port type (SAME) did not match required type (DIFFERENT) (OnManagementPortCondition)

   WebServiceTemplateAutoConfiguration:
      Did not match:
         - @ConditionalOnClass did not find required class 'org.springframework.oxm.Marshaller' (OnClassCondition)

   WebServicesAutoConfiguration:
      Did not match:
         - @ConditionalOnClass did not find required class 'org.springframework.ws.transport.http.MessageDispatcherServlet' (OnClassCondition)

   WebSessionIdResolverAutoConfiguration:
      Did not match:
         - @ConditionalOnClass did not find required class 'reactor.core.publisher.Mono' (OnClassCondition)

   WebSocketMessagingAutoConfiguration:
      Did not match:
         - @ConditionalOnClass did not find required class 'org.springframework.web.socket.config.annotation.WebSocketMessageBrokerConfigurer' (OnClassCondition)

   WebSocketReactiveAutoConfiguration:
      Did not match:
         - @ConditionalOnWebApplication did not find reactive web application classes (OnWebApplicationCondition)

   WebSocketServletAutoConfiguration.JettyWebSocketConfiguration:
      Did not match:
         - @ConditionalOnClass did not find required class 'org.eclipse.jetty.ee10.websocket.jakarta.server.config.JakartaWebSocketServletContainerInitializer' (OnClassCondition)

   WebSocketServletAutoConfiguration.UndertowWebSocketConfiguration:
      Did not match:
         - @ConditionalOnClass did not find required class 'io.undertow.websockets.jsr.Bootstrap' (OnClassCondition)

   XADataSourceAutoConfiguration:
      Did not match:
         - @ConditionalOnBean (types: org.springframework.boot.jdbc.XADataSourceWrapper; SearchStrategy: all) did not find any beans of type org.springframework.boot.jdbc.XADataSourceWrapper (OnBeanCondition)
      Matched:
         - @ConditionalOnClass found required classes 'javax.sql.DataSource', 'jakarta.transaction.TransactionManager', 'org.springframework.jdbc.datasource.embedded.EmbeddedDatabaseType' (OnClassCondition)

   ZipkinAutoConfiguration:
      Did not match:
         - @ConditionalOnClass did not find required class 'zipkin2.reporter.Encoding' (OnClassCondition)


Exclusions:
-----------

    None


Unconditional classes:
----------------------

    org.springframework.boot.autoconfigure.context.ConfigurationPropertiesAutoConfiguration

    org.springframework.boot.actuate.autoconfigure.availability.AvailabilityHealthContributorAutoConfiguration

    org.springframework.boot.autoconfigure.ssl.SslAutoConfiguration

    org.springframework.boot.actuate.autoconfigure.info.InfoContributorAutoConfiguration

    org.springframework.boot.autoconfigure.context.PropertyPlaceholderAutoConfiguration

    org.springframework.boot.autoconfigure.context.LifecycleAutoConfiguration

    org.springframework.boot.actuate.autoconfigure.metrics.integration.IntegrationMetricsAutoConfiguration

    org.springframework.boot.actuate.autoconfigure.endpoint.EndpointAutoConfiguration

    org.springframework.boot.actuate.autoconfigure.web.server.ManagementContextAutoConfiguration

    org.springframework.boot.actuate.autoconfigure.health.HealthContributorAutoConfiguration

    org.springframework.boot.actuate.autoconfigure.endpoint.jackson.JacksonEndpointAutoConfiguration

    org.springframework.boot.autoconfigure.availability.ApplicationAvailabilityAutoConfiguration

    org.springframework.boot.autoconfigure.info.ProjectInfoAutoConfiguration



2025-05-01T18:02:24.852-04:00  INFO 12281 --- [petuser] [           main] c.p.petuser.PetuserApplicationTests      : Started PetuserApplicationTests in 3.972 seconds (process running for 9.697)
2025-05-01T18:02:24.853-04:00 DEBUG 12281 --- [petuser] [           main] o.s.b.a.ApplicationAvailabilityBean      : Application availability state LivenessState changed to CORRECT
2025-05-01T18:02:24.853-04:00 DEBUG 12281 --- [petuser] [           main] o.s.b.a.ApplicationAvailabilityBean      : Application availability state ReadinessState changed to ACCEPTING_TRAFFIC
2025-05-01T18:02:24.853-04:00 DEBUG 12281 --- [petuser] [           main] org.springframework.test.context.cache   : Spring test ApplicationContext cache statistics: [DefaultContextCache@1ed0128b size = 2, maxSize = 32, parentContextCount = 0, hitCount = 99, missCount = 2, failureCount = 0]
2025-05-01T18:02:24.853-04:00 DEBUG 12281 --- [petuser] [           main] o.s.t.c.w.ServletTestExecutionListener   : Setting up MockHttpServletRequest, MockHttpServletResponse, ServletWebRequest, and RequestContextHolder for test class com.petuser.petuser.PetuserApplicationTests
2025-05-01T18:02:24.861-04:00 DEBUG 12281 --- [petuser] [           main] DependencyInjectionTestExecutionListener : Performing dependency injection for test class com.petuser.petuser.PetuserApplicationTests
2025-05-01T18:02:24.861-04:00 DEBUG 12281 --- [petuser] [           main] org.springframework.test.context.cache   : Spring test ApplicationContext cache statistics: [DefaultContextCache@1ed0128b size = 2, maxSize = 32, parentContextCount = 0, hitCount = 100, missCount = 2, failureCount = 0]
2025-05-01T18:02:24.861-04:00 DEBUG 12281 --- [petuser] [           main] org.springframework.test.context.cache   : Spring test ApplicationContext cache statistics: [DefaultContextCache@1ed0128b size = 2, maxSize = 32, parentContextCount = 0, hitCount = 101, missCount = 2, failureCount = 0]
2025-05-01T18:02:24.861-04:00 DEBUG 12281 --- [petuser] [           main] sContextBeforeModesTestExecutionListener : Before test method: class [PetuserApplicationTests], method [contextLoads], class annotated with @DirtiesContext [false] with mode [null], method annotated with @DirtiesContext [false] with mode [null]
2025-05-01T18:02:24.861-04:00 DEBUG 12281 --- [petuser] [           main] org.springframework.test.context.cache   : Spring test ApplicationContext cache statistics: [DefaultContextCache@1ed0128b size = 2, maxSize = 32, parentContextCount = 0, hitCount = 102, missCount = 2, failureCount = 0]
2025-05-01T18:02:24.861-04:00 DEBUG 12281 --- [petuser] [           main] org.springframework.test.context.cache   : Spring test ApplicationContext cache statistics: [DefaultContextCache@1ed0128b size = 2, maxSize = 32, parentContextCount = 0, hitCount = 103, missCount = 2, failureCount = 0]
2025-05-01T18:02:24.863-04:00 DEBUG 12281 --- [petuser] [           main] org.springframework.test.context.cache   : Spring test ApplicationContext cache statistics: [DefaultContextCache@1ed0128b size = 2, maxSize = 32, parentContextCount = 0, hitCount = 104, missCount = 2, failureCount = 0]
2025-05-01T18:02:24.863-04:00 DEBUG 12281 --- [petuser] [           main] org.springframework.test.context.cache   : Spring test ApplicationContext cache statistics: [DefaultContextCache@1ed0128b size = 2, maxSize = 32, parentContextCount = 0, hitCount = 105, missCount = 2, failureCount = 0]
2025-05-01T18:02:24.863-04:00 DEBUG 12281 --- [petuser] [           main] org.springframework.test.context.cache   : Spring test ApplicationContext cache statistics: [DefaultContextCache@1ed0128b size = 2, maxSize = 32, parentContextCount = 0, hitCount = 106, missCount = 2, failureCount = 0]
2025-05-01T18:02:24.863-04:00 DEBUG 12281 --- [petuser] [           main] org.springframework.test.context.cache   : Spring test ApplicationContext cache statistics: [DefaultContextCache@1ed0128b size = 2, maxSize = 32, parentContextCount = 0, hitCount = 107, missCount = 2, failureCount = 0]
2025-05-01T18:02:24.863-04:00 DEBUG 12281 --- [petuser] [           main] org.springframework.test.context.cache   : Spring test ApplicationContext cache statistics: [DefaultContextCache@1ed0128b size = 2, maxSize = 32, parentContextCount = 0, hitCount = 108, missCount = 2, failureCount = 0]
2025-05-01T18:02:24.863-04:00 DEBUG 12281 --- [petuser] [           main] org.springframework.test.context.cache   : Spring test ApplicationContext cache statistics: [DefaultContextCache@1ed0128b size = 2, maxSize = 32, parentContextCount = 0, hitCount = 109, missCount = 2, failureCount = 0]
2025-05-01T18:02:24.863-04:00 DEBUG 12281 --- [petuser] [           main] org.springframework.test.context.cache   : Spring test ApplicationContext cache statistics: [DefaultContextCache@1ed0128b size = 2, maxSize = 32, parentContextCount = 0, hitCount = 110, missCount = 2, failureCount = 0]
2025-05-01T18:02:24.863-04:00 DEBUG 12281 --- [petuser] [           main] org.springframework.test.context.cache   : Spring test ApplicationContext cache statistics: [DefaultContextCache@1ed0128b size = 2, maxSize = 32, parentContextCount = 0, hitCount = 111, missCount = 2, failureCount = 0]
2025-05-01T18:02:24.864-04:00 DEBUG 12281 --- [petuser] [           main] org.springframework.test.context.cache   : Spring test ApplicationContext cache statistics: [DefaultContextCache@1ed0128b size = 2, maxSize = 32, parentContextCount = 0, hitCount = 112, missCount = 2, failureCount = 0]
2025-05-01T18:02:24.864-04:00 DEBUG 12281 --- [petuser] [           main] .c.s.DirtiesContextTestExecutionListener : After test method: class [PetuserApplicationTests], method [contextLoads], class annotated with @DirtiesContext [false] with mode [null], method annotated with @DirtiesContext [false] with mode [null]
2025-05-01T18:02:24.864-04:00 DEBUG 12281 --- [petuser] [           main] o.s.t.c.w.ServletTestExecutionListener   : Resetting RequestContextHolder for test class com.petuser.petuser.PetuserApplicationTests
]]></system-out>
  </testcase>
</testsuite>