<?xml version="1.0" encoding="UTF-8"?>
<testsuite xmlns:xsi="http://www.w3.org/2001/XMLSchema-instance" xsi:noNamespaceSchemaLocation="https://maven.apache.org/surefire/maven-surefire-plugin/xsd/surefire-test-report.xsd" version="3.0.2" name="com.petuser.petuser.repository.UsuarioRepositoryTest" time="5.485" tests="7" errors="0" skipped="0" failures="0">
  <properties>
[...]
</properties>
  <testcase name="guardarUsuarioConEmailDuplicadoTest" classname="com.petuser.petuser.repository.UsuarioRepositoryTest" time="0.358">
    <system-out><![CDATA[21:52:34.469 [main] INFO org.springframework.test.context.support.AnnotationConfigContextLoaderUtils -- Could not detect default configuration classes for test class [com.petuser.petuser.repository.UsuarioRepositoryTest]: UsuarioRepositoryTest does not declare any static, non-private, non-final, nested classes annotated with @Configuration.
21:52:34.528 [main] INFO org.springframework.boot.test.context.SpringBootTestContextBootstrapper -- Found @SpringBootConfiguration com.petuser.petuser.PetuserApplication for test class com.petuser.petuser.repository.UsuarioRepositoryTest
21:52:34.558 [main] INFO org.springframework.boot.devtools.restart.RestartApplicationListener -- Restart disabled due to context in which it is running

  .   ____          _            __ _ _
 /\\ / ___'_ __ _ _(_)_ __  __ _ \ \ \ \
( ( )\___ | '_ | '_| | '_ \/ _` | \ \ \ \
 \\/  ___)| |_)| | | | | || (_| |  ) ) ) )
  '  |____| .__|_| |_|_| |_\__, | / / / /
 =========|_|==============|___/=/_/_/_/

 :: Spring Boot ::                (v3.4.4)

2025-05-04T21:52:34.697-04:00 DEBUG 13813 --- [petuser] [kground-preinit] o.h.v.i.xml.config.ValidationXmlParser   : Trying to load META-INF/validation.xml for XML based Validator configuration.
2025-05-04T21:52:34.698-04:00 DEBUG 13813 --- [petuser] [kground-preinit] o.h.v.i.xml.config.ResourceLoaderHelper  : Trying to load META-INF/validation.xml via TCCL
2025-05-04T21:52:34.699-04:00 DEBUG 13813 --- [petuser] [kground-preinit] o.h.v.i.xml.config.ResourceLoaderHelper  : Trying to load META-INF/validation.xml via Hibernate Validator's class loader
2025-05-04T21:52:34.699-04:00 DEBUG 13813 --- [petuser] [kground-preinit] o.h.v.i.xml.config.ValidationXmlParser   : No META-INF/validation.xml found. Using annotation based configuration only.
2025-05-04T21:52:34.702-04:00 DEBUG 13813 --- [petuser] [kground-preinit] o.h.v.i.e.resolver.TraversableResolvers  : Found jakarta.persistence.Persistence on classpath containing 'getPersistenceUtil'. Assuming JPA 2 environment. Trying to instantiate JPA aware TraversableResolver
2025-05-04T21:52:34.702-04:00 DEBUG 13813 --- [petuser] [kground-preinit] o.h.v.i.e.resolver.TraversableResolvers  : Instantiated JPA aware TraversableResolver of type org.hibernate.validator.internal.engine.resolver.JPATraversableResolver.
2025-05-04T21:52:34.712-04:00  INFO 13813 --- [petuser] [           main] c.p.p.repository.UsuarioRepositoryTest   : Starting UsuarioRepositoryTest using Java 21.0.6 with PID 13813 (started by sebastianvaldiviavillagra in /Users/sebastianvaldiviavillagra/Desktop/proyectos/petuser)
2025-05-04T21:52:34.712-04:00  INFO 13813 --- [petuser] [           main] c.p.p.repository.UsuarioRepositoryTest   : No active profile set, falling back to 1 default profile: "default"
2025-05-04T21:52:34.712-04:00 DEBUG 13813 --- [petuser] [           main] o.s.boot.SpringApplication               : Loading source class com.petuser.petuser.PetuserApplication
2025-05-04T21:52:34.713-04:00 DEBUG 13813 --- [petuser] [kground-preinit] .h.v.m.ResourceBundleMessageInterpolator : Loaded expression factory via original TCCL
2025-05-04T21:52:34.719-04:00 DEBUG 13813 --- [petuser] [           main] s.c.a.AnnotationConfigApplicationContext : Refreshing org.springframework.context.annotation.AnnotationConfigApplicationContext@cd7f1ae
2025-05-04T21:52:34.725-04:00 DEBUG 13813 --- [petuser] [           main] o.s.b.f.s.DefaultListableBeanFactory     : Creating shared instance of singleton bean 'org.springframework.context.annotation.internalConfigurationAnnotationProcessor'
2025-05-04T21:52:34.732-04:00 DEBUG 13813 --- [petuser] [           main] o.s.b.f.s.DefaultListableBeanFactory     : Creating shared instance of singleton bean 'org.springframework.boot.autoconfigure.internalCachingMetadataReaderFactory'
2025-05-04T21:52:34.758-04:00 DEBUG 13813 --- [petuser] [kground-preinit] .i.e.ValidatorFactoryConfigurationHelper : HV000252: Using org.hibernate.validator.internal.engine.DefaultPropertyNodeNameProvider as property node name provider.
2025-05-04T21:52:34.761-04:00 DEBUG 13813 --- [petuser] [kground-preinit] .i.e.ValidatorFactoryConfigurationHelper : HV000234: Using org.hibernate.validator.messageinterpolation.ResourceBundleMessageInterpolator as ValidatorFactory-scoped message interpolator.
2025-05-04T21:52:34.761-04:00 DEBUG 13813 --- [petuser] [kground-preinit] .i.e.ValidatorFactoryConfigurationHelper : HV000234: Using org.hibernate.validator.internal.engine.resolver.JPATraversableResolver as ValidatorFactory-scoped traversable resolver.
2025-05-04T21:52:34.761-04:00 DEBUG 13813 --- [petuser] [kground-preinit] .i.e.ValidatorFactoryConfigurationHelper : HV000234: Using org.hibernate.validator.internal.util.ExecutableParameterNameProvider as ValidatorFactory-scoped parameter name provider.
2025-05-04T21:52:34.761-04:00 DEBUG 13813 --- [petuser] [kground-preinit] .i.e.ValidatorFactoryConfigurationHelper : HV000234: Using org.hibernate.validator.internal.engine.DefaultClockProvider as ValidatorFactory-scoped clock provider.
2025-05-04T21:52:34.761-04:00 DEBUG 13813 --- [petuser] [kground-preinit] .i.e.ValidatorFactoryConfigurationHelper : HV000234: Using org.hibernate.validator.internal.engine.scripting.DefaultScriptEvaluatorFactory as ValidatorFactory-scoped script evaluator factory.
2025-05-04T21:52:34.887-04:00  INFO 13813 --- [petuser] [           main] .s.d.r.c.RepositoryConfigurationDelegate : Bootstrapping Spring Data JPA repositories in DEFAULT mode.
2025-05-04T21:52:34.895-04:00 DEBUG 13813 --- [petuser] [           main] o.s.b.f.s.DefaultListableBeanFactory     : Creating shared instance of singleton bean 'org.springframework.boot.autoconfigure.AutoConfigurationPackages'
2025-05-04T21:52:34.902-04:00 DEBUG 13813 --- [petuser] [           main] o.s.b.a.AutoConfigurationPackages        : @EnableAutoConfiguration was declared on a class in the package 'com.petuser.petuser'. Automatic @Repository and @Entity scanning is enabled.
2025-05-04T21:52:34.903-04:00 DEBUG 13813 --- [petuser] [           main] .s.d.r.c.RepositoryConfigurationDelegate : Scanning for JPA repositories in packages com.petuser.petuser.
2025-05-04T21:52:34.910-04:00 DEBUG 13813 --- [petuser] [           main] o.s.d.r.c.RepositoryComponentProvider    : Identified candidate component class: file [/Users/sebastianvaldiviavillagra/Desktop/proyectos/petuser/target/classes/com/petuser/petuser/repository/UsuarioRepository.class]
2025-05-04T21:52:34.924-04:00 DEBUG 13813 --- [petuser] [           main] ssPathScanningCandidateComponentProvider : Identified candidate component class: file [/Users/sebastianvaldiviavillagra/Desktop/proyectos/petuser/target/classes/com/petuser/petuser/service/UsuarioServiceImpl.class]
2025-05-04T21:52:34.931-04:00  INFO 13813 --- [petuser] [           main] .s.d.r.c.RepositoryConfigurationDelegate : Finished Spring Data repository scanning in 26 ms. Found 1 JPA repository interface.
2025-05-04T21:52:34.961-04:00 DEBUG 13813 --- [petuser] [           main] o.s.b.f.s.DefaultListableBeanFactory     : Creating shared instance of singleton bean 'org.springframework.boot.test.context.ImportsContextCustomizer$ImportsCleanupPostProcessor'
2025-05-04T21:52:34.962-04:00 DEBUG 13813 --- [petuser] [           main] o.s.b.f.s.DefaultListableBeanFactory     : Creating shared instance of singleton bean 'org.springframework.boot.test.mock.mockito.MockitoPostProcessor'
2025-05-04T21:52:34.962-04:00 DEBUG 13813 --- [petuser] [           main] o.s.b.f.s.DefaultListableBeanFactory     : Creating shared instance of singleton bean 'emBeanDefinitionRegistrarPostProcessor'
2025-05-04T21:52:34.963-04:00 DEBUG 13813 --- [petuser] [           main] o.s.b.f.s.DefaultListableBeanFactory     : Creating shared instance of singleton bean 'org.springframework.boot.sql.init.dependency.DatabaseInitializationDependencyConfigurer$DependsOnDatabaseInitializationPostProcessor'
2025-05-04T21:52:34.973-04:00 DEBUG 13813 --- [petuser] [           main] o.s.b.f.s.DefaultListableBeanFactory     : Creating shared instance of singleton bean 'org.springframework.context.event.internalEventListenerProcessor'
2025-05-04T21:52:34.976-04:00 DEBUG 13813 --- [petuser] [           main] o.s.b.f.s.DefaultListableBeanFactory     : Creating shared instance of singleton bean 'org.springframework.context.event.internalEventListenerFactory'
2025-05-04T21:52:34.977-04:00 DEBUG 13813 --- [petuser] [           main] o.s.b.f.s.DefaultListableBeanFactory     : Creating shared instance of singleton bean 'org.springframework.transaction.config.internalTransactionalEventListenerFactory'
2025-05-04T21:52:34.979-04:00 DEBUG 13813 --- [petuser] [           main] o.s.b.f.s.DefaultListableBeanFactory     : Creating shared instance of singleton bean 'org.springframework.context.annotation.internalAutowiredAnnotationProcessor'
2025-05-04T21:52:34.980-04:00 DEBUG 13813 --- [petuser] [           main] o.s.b.f.s.DefaultListableBeanFactory     : Creating shared instance of singleton bean 'org.springframework.context.annotation.internalCommonAnnotationProcessor'
2025-05-04T21:52:34.981-04:00 DEBUG 13813 --- [petuser] [           main] o.s.b.f.s.DefaultListableBeanFactory     : Creating shared instance of singleton bean 'org.springframework.context.annotation.internalPersistenceAnnotationProcessor'
2025-05-04T21:52:34.982-04:00 DEBUG 13813 --- [petuser] [           main] o.s.b.f.s.DefaultListableBeanFactory     : Creating shared instance of singleton bean 'org.springframework.boot.test.mock.mockito.MockitoPostProcessor$SpyPostProcessor'
2025-05-04T21:52:34.982-04:00 DEBUG 13813 --- [petuser] [           main] o.s.b.f.s.DefaultListableBeanFactory     : Creating shared instance of singleton bean 'jdbcConnectionDetailsHikariBeanPostProcessor'
2025-05-04T21:52:34.984-04:00 DEBUG 13813 --- [petuser] [           main] o.s.b.f.s.DefaultListableBeanFactory     : Creating shared instance of singleton bean 'org.springframework.boot.context.properties.ConfigurationPropertiesBindingPostProcessor'
2025-05-04T21:52:34.984-04:00 DEBUG 13813 --- [petuser] [           main] o.s.b.f.s.DefaultListableBeanFactory     : Creating shared instance of singleton bean 'org.springframework.boot.context.internalConfigurationPropertiesBinder'
2025-05-04T21:52:34.986-04:00 DEBUG 13813 --- [petuser] [           main] o.s.b.f.s.DefaultListableBeanFactory     : Creating shared instance of singleton bean 'org.springframework.aop.config.internalAutoProxyCreator'
2025-05-04T21:52:34.993-04:00 DEBUG 13813 --- [petuser] [           main] o.s.b.f.s.DefaultListableBeanFactory     : Creating shared instance of singleton bean 'org.springframework.test.context.support.internalDynamicPropertyRegistrarBeanInitializer'
2025-05-04T21:52:34.997-04:00 DEBUG 13813 --- [petuser] [           main] o.s.b.f.s.DefaultListableBeanFactory     : Creating shared instance of singleton bean 'org.springframework.transaction.config.internalTransactionAdvisor'
2025-05-04T21:52:34.997-04:00 DEBUG 13813 --- [petuser] [           main] o.s.b.f.s.DefaultListableBeanFactory     : Creating shared instance of singleton bean 'org.springframework.transaction.annotation.ProxyTransactionManagementConfiguration'
2025-05-04T21:52:35.007-04:00 DEBUG 13813 --- [petuser] [           main] o.s.b.f.s.DefaultListableBeanFactory     : Creating shared instance of singleton bean 'transactionAttributeSource'
2025-05-04T21:52:35.008-04:00 DEBUG 13813 --- [petuser] [           main] o.s.b.f.s.DefaultListableBeanFactory     : Creating shared instance of singleton bean 'transactionInterceptor'
2025-05-04T21:52:35.009-04:00 DEBUG 13813 --- [petuser] [           main] o.s.b.f.s.DefaultListableBeanFactory     : Autowiring by type from bean name 'transactionInterceptor' via factory method to bean named 'transactionAttributeSource'
2025-05-04T21:52:35.010-04:00 DEBUG 13813 --- [petuser] [           main] o.s.b.f.s.DefaultListableBeanFactory     : Autowiring by type from bean name 'org.springframework.transaction.config.internalTransactionAdvisor' via factory method to bean named 'transactionAttributeSource'
2025-05-04T21:52:35.010-04:00 DEBUG 13813 --- [petuser] [           main] o.s.b.f.s.DefaultListableBeanFactory     : Autowiring by type from bean name 'org.springframework.transaction.config.internalTransactionAdvisor' via factory method to bean named 'transactionInterceptor'
2025-05-04T21:52:35.012-04:00 DEBUG 13813 --- [petuser] [           main] o.s.b.f.s.DefaultListableBeanFactory     : Creating shared instance of singleton bean 'dataSourceScriptDatabaseInitializer'
2025-05-04T21:52:35.012-04:00 DEBUG 13813 --- [petuser] [           main] o.s.b.f.s.DefaultListableBeanFactory     : Creating shared instance of singleton bean 'org.springframework.boot.autoconfigure.sql.init.DataSourceInitializationConfiguration'
2025-05-04T21:52:35.012-04:00 DEBUG 13813 --- [petuser] [           main] o.s.b.f.s.DefaultListableBeanFactory     : Creating shared instance of singleton bean 'dataSource'
2025-05-04T21:52:35.012-04:00 DEBUG 13813 --- [petuser] [           main] o.s.b.f.s.DefaultListableBeanFactory     : Creating shared instance of singleton bean 'org.springframework.boot.autoconfigure.jdbc.DataSourceConfiguration$Hikari'
2025-05-04T21:52:35.012-04:00 DEBUG 13813 --- [petuser] [           main] o.s.b.f.s.DefaultListableBeanFactory     : Creating shared instance of singleton bean 'spring.datasource-org.springframework.boot.autoconfigure.jdbc.DataSourceProperties'
2025-05-04T21:52:35.013-04:00 DEBUG 13813 --- [petuser] [           main] o.s.b.f.s.DefaultListableBeanFactory     : Creating shared instance of singleton bean 'org.springframework.boot.context.properties.BoundConfigurationProperties'
2025-05-04T21:52:35.017-04:00 DEBUG 13813 --- [petuser] [           main] o.s.b.f.s.DefaultListableBeanFactory     : Creating shared instance of singleton bean 'jdbcConnectionDetails'
2025-05-04T21:52:35.017-04:00 DEBUG 13813 --- [petuser] [           main] o.s.b.f.s.DefaultListableBeanFactory     : Creating shared instance of singleton bean 'org.springframework.boot.autoconfigure.jdbc.DataSourceAutoConfiguration$PooledDataSourceConfiguration'
2025-05-04T21:52:35.017-04:00 DEBUG 13813 --- [petuser] [           main] o.s.b.f.s.DefaultListableBeanFactory     : Autowiring by type from bean name 'jdbcConnectionDetails' via factory method to bean named 'spring.datasource-org.springframework.boot.autoconfigure.jdbc.DataSourceProperties'
2025-05-04T21:52:35.018-04:00 DEBUG 13813 --- [petuser] [           main] o.s.b.f.s.DefaultListableBeanFactory     : Autowiring by type from bean name 'dataSource' via factory method to bean named 'spring.datasource-org.springframework.boot.autoconfigure.jdbc.DataSourceProperties'
2025-05-04T21:52:35.018-04:00 DEBUG 13813 --- [petuser] [           main] o.s.b.f.s.DefaultListableBeanFactory     : Autowiring by type from bean name 'dataSource' via factory method to bean named 'jdbcConnectionDetails'
2025-05-04T21:52:35.084-04:00 DEBUG 13813 --- [petuser] [           main] o.s.b.f.s.DefaultListableBeanFactory     : Creating shared instance of singleton bean 'spring.sql.init-org.springframework.boot.autoconfigure.sql.init.SqlInitializationProperties'
2025-05-04T21:52:35.088-04:00 DEBUG 13813 --- [petuser] [           main] o.s.b.f.s.DefaultListableBeanFactory     : Autowiring by type from bean name 'dataSourceScriptDatabaseInitializer' via factory method to bean named 'dataSource'
2025-05-04T21:52:35.088-04:00 DEBUG 13813 --- [petuser] [           main] o.s.b.f.s.DefaultListableBeanFactory     : Autowiring by type from bean name 'dataSourceScriptDatabaseInitializer' via factory method to bean named 'spring.sql.init-org.springframework.boot.autoconfigure.sql.init.SqlInitializationProperties'
2025-05-04T21:52:35.090-04:00 DEBUG 13813 --- [petuser] [           main] o.s.b.f.s.DefaultListableBeanFactory     : Creating shared instance of singleton bean 'entityManagerFactory'
2025-05-04T21:52:35.090-04:00 DEBUG 13813 --- [petuser] [           main] o.s.b.f.s.DefaultListableBeanFactory     : Creating shared instance of singleton bean 'org.springframework.boot.autoconfigure.orm.jpa.HibernateJpaConfiguration'
2025-05-04T21:52:35.091-04:00 DEBUG 13813 --- [petuser] [           main] o.s.b.f.s.DefaultListableBeanFactory     : Creating shared instance of singleton bean 'spring.jpa-org.springframework.boot.autoconfigure.orm.jpa.JpaProperties'
2025-05-04T21:52:35.092-04:00 DEBUG 13813 --- [petuser] [           main] o.s.b.f.s.DefaultListableBeanFactory     : Creating shared instance of singleton bean 'spring.jpa.hibernate-org.springframework.boot.autoconfigure.orm.jpa.HibernateProperties'
2025-05-04T21:52:35.093-04:00 DEBUG 13813 --- [petuser] [           main] o.s.b.f.s.DefaultListableBeanFactory     : Autowiring by type from bean name 'org.springframework.boot.autoconfigure.orm.jpa.HibernateJpaConfiguration' via constructor to bean named 'dataSource'
2025-05-04T21:52:35.093-04:00 DEBUG 13813 --- [petuser] [           main] o.s.b.f.s.DefaultListableBeanFactory     : Autowiring by type from bean name 'org.springframework.boot.autoconfigure.orm.jpa.HibernateJpaConfiguration' via constructor to bean named 'spring.jpa-org.springframework.boot.autoconfigure.orm.jpa.JpaProperties'
2025-05-04T21:52:35.093-04:00 DEBUG 13813 --- [petuser] [           main] o.s.b.f.s.DefaultListableBeanFactory     : Autowiring by type from bean name 'org.springframework.boot.autoconfigure.orm.jpa.HibernateJpaConfiguration' via constructor to bean named 'org.springframework.beans.factory.support.DefaultListableBeanFactory@37c5fc56'
2025-05-04T21:52:35.093-04:00 DEBUG 13813 --- [petuser] [           main] o.s.b.f.s.DefaultListableBeanFactory     : Autowiring by type from bean name 'org.springframework.boot.autoconfigure.orm.jpa.HibernateJpaConfiguration' via constructor to bean named 'spring.jpa.hibernate-org.springframework.boot.autoconfigure.orm.jpa.HibernateProperties'
2025-05-04T21:52:35.096-04:00 DEBUG 13813 --- [petuser] [           main] o.s.b.f.s.DefaultListableBeanFactory     : Creating shared instance of singleton bean 'hikariPoolDataSourceMetadataProvider'
2025-05-04T21:52:35.096-04:00 DEBUG 13813 --- [petuser] [           main] o.s.b.f.s.DefaultListableBeanFactory     : Creating shared instance of singleton bean 'org.springframework.boot.autoconfigure.jdbc.metadata.DataSourcePoolMetadataProvidersConfiguration$HikariPoolDataSourceMetadataProviderConfiguration'
2025-05-04T21:52:35.098-04:00 DEBUG 13813 --- [petuser] [           main] o.s.b.f.s.DefaultListableBeanFactory     : Creating shared instance of singleton bean 'entityManagerFactoryBuilder'
2025-05-04T21:52:35.098-04:00 DEBUG 13813 --- [petuser] [           main] o.s.b.f.s.DefaultListableBeanFactory     : Creating shared instance of singleton bean 'jpaVendorAdapter'
2025-05-04T21:52:35.105-04:00 DEBUG 13813 --- [petuser] [           main] o.s.b.f.s.DefaultListableBeanFactory     : Autowiring by type from bean name 'entityManagerFactoryBuilder' via factory method to bean named 'jpaVendorAdapter'
2025-05-04T21:52:35.107-04:00 DEBUG 13813 --- [petuser] [           main] o.s.b.f.s.DefaultListableBeanFactory     : Creating shared instance of singleton bean 'persistenceManagedTypes'
2025-05-04T21:52:35.107-04:00 DEBUG 13813 --- [petuser] [           main] o.s.b.f.s.DefaultListableBeanFactory     : Autowiring by type from bean name 'persistenceManagedTypes' via factory method to bean named 'org.springframework.beans.factory.support.DefaultListableBeanFactory@37c5fc56'
2025-05-04T21:52:35.107-04:00 DEBUG 13813 --- [petuser] [           main] o.s.b.f.s.DefaultListableBeanFactory     : Autowiring by type from bean name 'persistenceManagedTypes' via factory method to bean named 'org.springframework.context.annotation.AnnotationConfigApplicationContext@cd7f1ae'
2025-05-04T21:52:35.110-04:00 DEBUG 13813 --- [petuser] [           main] o.s.b.f.s.DefaultListableBeanFactory     : Autowiring by type from bean name 'entityManagerFactory' via factory method to bean named 'entityManagerFactoryBuilder'
2025-05-04T21:52:35.110-04:00 DEBUG 13813 --- [petuser] [           main] o.s.b.f.s.DefaultListableBeanFactory     : Autowiring by type from bean name 'entityManagerFactory' via factory method to bean named 'persistenceManagedTypes'
2025-05-04T21:52:35.116-04:00 DEBUG 13813 --- [petuser] [           main] j.LocalContainerEntityManagerFactoryBean : Building JPA container EntityManagerFactory for persistence unit 'default'
2025-05-04T21:52:35.125-04:00 DEBUG 13813 --- [petuser] [           main] o.hibernate.jpa.internal.util.LogHelper  : PersistenceUnitInfo [
	name: default
	persistence provider classname: null
	classloader: jdk.internal.loader.ClassLoaders$AppClassLoader@2c854dc5
	excludeUnlistedClasses: true
	JTA datasource: null
	Non JTA datasource: HikariDataSource (null)
	Transaction type: RESOURCE_LOCAL
	PU root URL: file:/Users/sebastianvaldiviavillagra/Desktop/proyectos/petuser/target/test-classes/
	Shared Cache Mode: UNSPECIFIED
	Validation Mode: AUTO
	Jar files URLs []
	Managed classes names [
		com.petuser.petuser.model.Usuario]
	Mapping files names []
	Properties []
2025-05-04T21:52:35.127-04:00 DEBUG 13813 --- [petuser] [           main] o.h.i.internal.IntegratorServiceImpl     : Adding Integrator [org.hibernate.boot.beanvalidation.BeanValidationIntegrator].
2025-05-04T21:52:35.127-04:00 DEBUG 13813 --- [petuser] [           main] o.h.i.internal.IntegratorServiceImpl     : Adding Integrator [org.hibernate.cache.internal.CollectionCacheInvalidator].
2025-05-04T21:52:35.143-04:00  INFO 13813 --- [petuser] [           main] org.hibernate.Version                    : HHH000412: Hibernate ORM core version 6.6.11.Final
2025-05-04T21:52:35.144-04:00 DEBUG 13813 --- [petuser] [           main] org.hibernate.cfg.Environment            : HHH000206: 'hibernate.properties' not found
2025-05-04T21:52:35.151-04:00 DEBUG 13813 --- [petuser] [           main] org.hibernate.orm.idgen.factory          : Registering IdentifierGenerator strategy [uuid2] -> [org.hibernate.id.UUIDGenerator]
2025-05-04T21:52:35.151-04:00 DEBUG 13813 --- [petuser] [           main] org.hibernate.orm.idgen.factory          : Registering IdentifierGenerator strategy [guid] -> [org.hibernate.id.GUIDGenerator]
2025-05-04T21:52:35.151-04:00 DEBUG 13813 --- [petuser] [           main] org.hibernate.orm.idgen.factory          : Registering IdentifierGenerator strategy [uuid] -> [org.hibernate.id.UUIDHexGenerator]
2025-05-04T21:52:35.151-04:00 DEBUG 13813 --- [petuser] [           main] org.hibernate.orm.idgen.factory          : Registering IdentifierGenerator strategy [uuid.hex] -> [org.hibernate.id.UUIDHexGenerator]
2025-05-04T21:52:35.151-04:00 DEBUG 13813 --- [petuser] [           main] org.hibernate.orm.idgen.factory          : Registering IdentifierGenerator strategy [assigned] -> [org.hibernate.id.Assigned]
2025-05-04T21:52:35.151-04:00 DEBUG 13813 --- [petuser] [           main] org.hibernate.orm.idgen.factory          : Registering IdentifierGenerator strategy [identity] -> [org.hibernate.id.IdentityGenerator]
2025-05-04T21:52:35.152-04:00 DEBUG 13813 --- [petuser] [           main] org.hibernate.orm.idgen.factory          : Registering IdentifierGenerator strategy [select] -> [org.hibernate.id.SelectGenerator]
2025-05-04T21:52:35.152-04:00 DEBUG 13813 --- [petuser] [           main] org.hibernate.orm.idgen.factory          : Registering IdentifierGenerator strategy [sequence] -> [org.hibernate.id.enhanced.SequenceStyleGenerator]
2025-05-04T21:52:35.152-04:00 DEBUG 13813 --- [petuser] [           main] org.hibernate.orm.idgen.factory          : Registering IdentifierGenerator strategy [increment] -> [org.hibernate.id.IncrementGenerator]
2025-05-04T21:52:35.152-04:00 DEBUG 13813 --- [petuser] [           main] org.hibernate.orm.idgen.factory          : Registering IdentifierGenerator strategy [foreign] -> [org.hibernate.id.ForeignGenerator]
2025-05-04T21:52:35.152-04:00 DEBUG 13813 --- [petuser] [           main] org.hibernate.orm.idgen.factory          : Registering IdentifierGenerator strategy [enhanced-sequence] -> [org.hibernate.id.enhanced.SequenceStyleGenerator]
2025-05-04T21:52:35.153-04:00 DEBUG 13813 --- [petuser] [           main] org.hibernate.orm.idgen.factory          : Registering IdentifierGenerator strategy [enhanced-table] -> [org.hibernate.id.enhanced.TableGenerator]
2025-05-04T21:52:35.157-04:00 DEBUG 13813 --- [petuser] [           main] o.h.c.internal.RegionFactoryInitiator    : Cannot default RegionFactory based on registered strategies as `[]` RegionFactory strategies were registered
2025-05-04T21:52:35.157-04:00  INFO 13813 --- [petuser] [           main] o.h.c.internal.RegionFactoryInitiator    : HHH000026: Second-level cache disabled
2025-05-04T21:52:35.186-04:00 DEBUG 13813 --- [petuser] [           main] org.hibernate.type.BasicTypeRegistry     : Adding type registration boolean -> org.hibernate.type.BasicTypeReference@43ecfeb5
2025-05-04T21:52:35.186-04:00 DEBUG 13813 --- [petuser] [           main] org.hibernate.type.BasicTypeRegistry     : Adding type registration boolean -> org.hibernate.type.BasicTypeReference@43ecfeb5
2025-05-04T21:52:35.186-04:00 DEBUG 13813 --- [petuser] [           main] org.hibernate.type.BasicTypeRegistry     : Adding type registration java.lang.Boolean -> org.hibernate.type.BasicTypeReference@43ecfeb5
2025-05-04T21:52:35.186-04:00 DEBUG 13813 --- [petuser] [           main] org.hibernate.type.BasicTypeRegistry     : Adding type registration numeric_boolean -> org.hibernate.type.BasicTypeReference@51efb731
2025-05-04T21:52:35.186-04:00 DEBUG 13813 --- [petuser] [           main] org.hibernate.type.BasicTypeRegistry     : Adding type registration org.hibernate.type.NumericBooleanConverter -> org.hibernate.type.BasicTypeReference@51efb731
2025-05-04T21:52:35.186-04:00 DEBUG 13813 --- [petuser] [           main] org.hibernate.type.BasicTypeRegistry     : Adding type registration true_false -> org.hibernate.type.BasicTypeReference@53940e2f
2025-05-04T21:52:35.186-04:00 DEBUG 13813 --- [petuser] [           main] org.hibernate.type.BasicTypeRegistry     : Adding type registration org.hibernate.type.TrueFalseConverter -> org.hibernate.type.BasicTypeReference@53940e2f
2025-05-04T21:52:35.186-04:00 DEBUG 13813 --- [petuser] [           main] org.hibernate.type.BasicTypeRegistry     : Adding type registration yes_no -> org.hibernate.type.BasicTypeReference@45e6d1e0
2025-05-04T21:52:35.186-04:00 DEBUG 13813 --- [petuser] [           main] org.hibernate.type.BasicTypeRegistry     : Adding type registration org.hibernate.type.YesNoConverter -> org.hibernate.type.BasicTypeReference@45e6d1e0
2025-05-04T21:52:35.186-04:00 DEBUG 13813 --- [petuser] [           main] org.hibernate.type.BasicTypeRegistry     : Adding type registration byte -> org.hibernate.type.BasicTypeReference@61db86bf
2025-05-04T21:52:35.186-04:00 DEBUG 13813 --- [petuser] [           main] org.hibernate.type.BasicTypeRegistry     : Adding type registration byte -> org.hibernate.type.BasicTypeReference@61db86bf
2025-05-04T21:52:35.186-04:00 DEBUG 13813 --- [petuser] [           main] org.hibernate.type.BasicTypeRegistry     : Adding type registration java.lang.Byte -> org.hibernate.type.BasicTypeReference@61db86bf
2025-05-04T21:52:35.186-04:00 DEBUG 13813 --- [petuser] [           main] org.hibernate.type.BasicTypeRegistry     : Adding type registration binary -> org.hibernate.type.BasicTypeReference@4da1f38a
2025-05-04T21:52:35.186-04:00 DEBUG 13813 --- [petuser] [           main] org.hibernate.type.BasicTypeRegistry     : Adding type registration byte[] -> org.hibernate.type.BasicTypeReference@4da1f38a
2025-05-04T21:52:35.186-04:00 DEBUG 13813 --- [petuser] [           main] org.hibernate.type.BasicTypeRegistry     : Adding type registration [B -> org.hibernate.type.BasicTypeReference@4da1f38a
2025-05-04T21:52:35.186-04:00 DEBUG 13813 --- [petuser] [           main] org.hibernate.type.BasicTypeRegistry     : Adding type registration binary_wrapper -> org.hibernate.type.BasicTypeReference@3e377967
2025-05-04T21:52:35.186-04:00 DEBUG 13813 --- [petuser] [           main] org.hibernate.type.BasicTypeRegistry     : Adding type registration wrapper-binary -> org.hibernate.type.BasicTypeReference@3e377967
2025-05-04T21:52:35.187-04:00 DEBUG 13813 --- [petuser] [           main] org.hibernate.type.BasicTypeRegistry     : Adding type registration image -> org.hibernate.type.BasicTypeReference@4dadd690
2025-05-04T21:52:35.187-04:00 DEBUG 13813 --- [petuser] [           main] org.hibernate.type.BasicTypeRegistry     : Adding type registration blob -> org.hibernate.type.BasicTypeReference@707e4fe4
2025-05-04T21:52:35.187-04:00 DEBUG 13813 --- [petuser] [           main] org.hibernate.type.BasicTypeRegistry     : Adding type registration java.sql.Blob -> org.hibernate.type.BasicTypeReference@707e4fe4
2025-05-04T21:52:35.187-04:00 DEBUG 13813 --- [petuser] [           main] org.hibernate.type.BasicTypeRegistry     : Adding type registration materialized_blob -> org.hibernate.type.BasicTypeReference@3281dfc2
2025-05-04T21:52:35.187-04:00 DEBUG 13813 --- [petuser] [           main] org.hibernate.type.BasicTypeRegistry     : Adding type registration materialized_blob_wrapper -> org.hibernate.type.BasicTypeReference@377874b4
2025-05-04T21:52:35.187-04:00 DEBUG 13813 --- [petuser] [           main] org.hibernate.type.BasicTypeRegistry     : Adding type registration short -> org.hibernate.type.BasicTypeReference@14422d9d
2025-05-04T21:52:35.187-04:00 DEBUG 13813 --- [petuser] [           main] org.hibernate.type.BasicTypeRegistry     : Adding type registration short -> org.hibernate.type.BasicTypeReference@14422d9d
2025-05-04T21:52:35.187-04:00 DEBUG 13813 --- [petuser] [           main] org.hibernate.type.BasicTypeRegistry     : Adding type registration java.lang.Short -> org.hibernate.type.BasicTypeReference@14422d9d
2025-05-04T21:52:35.187-04:00 DEBUG 13813 --- [petuser] [           main] org.hibernate.type.BasicTypeRegistry     : Adding type registration integer -> org.hibernate.type.BasicTypeReference@16c1519e
2025-05-04T21:52:35.187-04:00 DEBUG 13813 --- [petuser] [           main] org.hibernate.type.BasicTypeRegistry     : Adding type registration int -> org.hibernate.type.BasicTypeReference@16c1519e
2025-05-04T21:52:35.187-04:00 DEBUG 13813 --- [petuser] [           main] org.hibernate.type.BasicTypeRegistry     : Adding type registration java.lang.Integer -> org.hibernate.type.BasicTypeReference@16c1519e
2025-05-04T21:52:35.187-04:00 DEBUG 13813 --- [petuser] [           main] org.hibernate.type.BasicTypeRegistry     : Adding type registration long -> org.hibernate.type.BasicTypeReference@2a02e34b
2025-05-04T21:52:35.187-04:00 DEBUG 13813 --- [petuser] [           main] org.hibernate.type.BasicTypeRegistry     : Adding type registration long -> org.hibernate.type.BasicTypeReference@2a02e34b
2025-05-04T21:52:35.187-04:00 DEBUG 13813 --- [petuser] [           main] org.hibernate.type.BasicTypeRegistry     : Adding type registration java.lang.Long -> org.hibernate.type.BasicTypeReference@2a02e34b
2025-05-04T21:52:35.187-04:00 DEBUG 13813 --- [petuser] [           main] org.hibernate.type.BasicTypeRegistry     : Adding type registration float -> org.hibernate.type.BasicTypeReference@5eabff6b
2025-05-04T21:52:35.187-04:00 DEBUG 13813 --- [petuser] [           main] org.hibernate.type.BasicTypeRegistry     : Adding type registration float -> org.hibernate.type.BasicTypeReference@5eabff6b
2025-05-04T21:52:35.187-04:00 DEBUG 13813 --- [petuser] [           main] org.hibernate.type.BasicTypeRegistry     : Adding type registration java.lang.Float -> org.hibernate.type.BasicTypeReference@5eabff6b
2025-05-04T21:52:35.187-04:00 DEBUG 13813 --- [petuser] [           main] org.hibernate.type.BasicTypeRegistry     : Adding type registration double -> org.hibernate.type.BasicTypeReference@5b000fe6
2025-05-04T21:52:35.187-04:00 DEBUG 13813 --- [petuser] [           main] org.hibernate.type.BasicTypeRegistry     : Adding type registration double -> org.hibernate.type.BasicTypeReference@5b000fe6
2025-05-04T21:52:35.187-04:00 DEBUG 13813 --- [petuser] [           main] org.hibernate.type.BasicTypeRegistry     : Adding type registration java.lang.Double -> org.hibernate.type.BasicTypeReference@5b000fe6
2025-05-04T21:52:35.187-04:00 DEBUG 13813 --- [petuser] [           main] org.hibernate.type.BasicTypeRegistry     : Adding type registration big_integer -> org.hibernate.type.BasicTypeReference@4751e8b9
2025-05-04T21:52:35.187-04:00 DEBUG 13813 --- [petuser] [           main] org.hibernate.type.BasicTypeRegistry     : Adding type registration java.math.BigInteger -> org.hibernate.type.BasicTypeReference@4751e8b9
2025-05-04T21:52:35.187-04:00 DEBUG 13813 --- [petuser] [           main] org.hibernate.type.BasicTypeRegistry     : Adding type registration big_decimal -> org.hibernate.type.BasicTypeReference@7af443a3
2025-05-04T21:52:35.187-04:00 DEBUG 13813 --- [petuser] [           main] org.hibernate.type.BasicTypeRegistry     : Adding type registration java.math.BigDecimal -> org.hibernate.type.BasicTypeReference@7af443a3
2025-05-04T21:52:35.187-04:00 DEBUG 13813 --- [petuser] [           main] org.hibernate.type.BasicTypeRegistry     : Adding type registration character -> org.hibernate.type.BasicTypeReference@7b25ab31
2025-05-04T21:52:35.187-04:00 DEBUG 13813 --- [petuser] [           main] org.hibernate.type.BasicTypeRegistry     : Adding type registration char -> org.hibernate.type.BasicTypeReference@7b25ab31
2025-05-04T21:52:35.187-04:00 DEBUG 13813 --- [petuser] [           main] org.hibernate.type.BasicTypeRegistry     : Adding type registration java.lang.Character -> org.hibernate.type.BasicTypeReference@7b25ab31
2025-05-04T21:52:35.187-04:00 DEBUG 13813 --- [petuser] [           main] org.hibernate.type.BasicTypeRegistry     : Adding type registration character_nchar -> org.hibernate.type.BasicTypeReference@2001e48c
2025-05-04T21:52:35.187-04:00 DEBUG 13813 --- [petuser] [           main] org.hibernate.type.BasicTypeRegistry     : Adding type registration string -> org.hibernate.type.BasicTypeReference@68ddd415
2025-05-04T21:52:35.187-04:00 DEBUG 13813 --- [petuser] [           main] org.hibernate.type.BasicTypeRegistry     : Adding type registration java.lang.String -> org.hibernate.type.BasicTypeReference@68ddd415
2025-05-04T21:52:35.187-04:00 DEBUG 13813 --- [petuser] [           main] org.hibernate.type.BasicTypeRegistry     : Adding type registration nstring -> org.hibernate.type.BasicTypeReference@306c7bf6
2025-05-04T21:52:35.187-04:00 DEBUG 13813 --- [petuser] [           main] org.hibernate.type.BasicTypeRegistry     : Adding type registration characters -> org.hibernate.type.BasicTypeReference@664632e9
2025-05-04T21:52:35.187-04:00 DEBUG 13813 --- [petuser] [           main] org.hibernate.type.BasicTypeRegistry     : Adding type registration char[] -> org.hibernate.type.BasicTypeReference@664632e9
2025-05-04T21:52:35.187-04:00 DEBUG 13813 --- [petuser] [           main] org.hibernate.type.BasicTypeRegistry     : Adding type registration [C -> org.hibernate.type.BasicTypeReference@664632e9
2025-05-04T21:52:35.187-04:00 DEBUG 13813 --- [petuser] [           main] org.hibernate.type.BasicTypeRegistry     : Adding type registration wrapper-characters -> org.hibernate.type.BasicTypeReference@494c8f29
2025-05-04T21:52:35.187-04:00 DEBUG 13813 --- [petuser] [           main] org.hibernate.type.BasicTypeRegistry     : Adding type registration text -> org.hibernate.type.BasicTypeReference@4f379769
2025-05-04T21:52:35.188-04:00 DEBUG 13813 --- [petuser] [           main] org.hibernate.type.BasicTypeRegistry     : Adding type registration ntext -> org.hibernate.type.BasicTypeReference@1c57f6b2
2025-05-04T21:52:35.188-04:00 DEBUG 13813 --- [petuser] [           main] org.hibernate.type.BasicTypeRegistry     : Adding type registration clob -> org.hibernate.type.BasicTypeReference@4b515eab
2025-05-04T21:52:35.188-04:00 DEBUG 13813 --- [petuser] [           main] org.hibernate.type.BasicTypeRegistry     : Adding type registration java.sql.Clob -> org.hibernate.type.BasicTypeReference@4b515eab
2025-05-04T21:52:35.188-04:00 DEBUG 13813 --- [petuser] [           main] org.hibernate.type.BasicTypeRegistry     : Adding type registration nclob -> org.hibernate.type.BasicTypeReference@66c9b52f
2025-05-04T21:52:35.188-04:00 DEBUG 13813 --- [petuser] [           main] org.hibernate.type.BasicTypeRegistry     : Adding type registration java.sql.NClob -> org.hibernate.type.BasicTypeReference@66c9b52f
2025-05-04T21:52:35.188-04:00 DEBUG 13813 --- [petuser] [           main] org.hibernate.type.BasicTypeRegistry     : Adding type registration materialized_clob -> org.hibernate.type.BasicTypeReference@1536ea40
2025-05-04T21:52:35.188-04:00 DEBUG 13813 --- [petuser] [           main] org.hibernate.type.BasicTypeRegistry     : Adding type registration materialized_clob_char_array -> org.hibernate.type.BasicTypeReference@36776c32
2025-05-04T21:52:35.188-04:00 DEBUG 13813 --- [petuser] [           main] org.hibernate.type.BasicTypeRegistry     : Adding type registration materialized_clob_character_array -> org.hibernate.type.BasicTypeReference@7792d851
2025-05-04T21:52:35.188-04:00 DEBUG 13813 --- [petuser] [           main] org.hibernate.type.BasicTypeRegistry     : Adding type registration materialized_nclob -> org.hibernate.type.BasicTypeReference@5cd96b41
2025-05-04T21:52:35.188-04:00 DEBUG 13813 --- [petuser] [           main] org.hibernate.type.BasicTypeRegistry     : Adding type registration materialized_nclob_character_array -> org.hibernate.type.BasicTypeReference@7e1ffe70
2025-05-04T21:52:35.188-04:00 DEBUG 13813 --- [petuser] [           main] org.hibernate.type.BasicTypeRegistry     : Adding type registration materialized_nclob_char_array -> org.hibernate.type.BasicTypeReference@73041b7d
2025-05-04T21:52:35.188-04:00 DEBUG 13813 --- [petuser] [           main] org.hibernate.type.BasicTypeRegistry     : Adding type registration Duration -> org.hibernate.type.BasicTypeReference@1235151c
2025-05-04T21:52:35.188-04:00 DEBUG 13813 --- [petuser] [           main] org.hibernate.type.BasicTypeRegistry     : Adding type registration java.time.Duration -> org.hibernate.type.BasicTypeReference@1235151c
2025-05-04T21:52:35.188-04:00 DEBUG 13813 --- [petuser] [           main] org.hibernate.type.BasicTypeRegistry     : Adding type registration LocalDateTime -> org.hibernate.type.BasicTypeReference@5a1f778
2025-05-04T21:52:35.188-04:00 DEBUG 13813 --- [petuser] [           main] org.hibernate.type.BasicTypeRegistry     : Adding type registration java.time.LocalDateTime -> org.hibernate.type.BasicTypeReference@5a1f778
2025-05-04T21:52:35.188-04:00 DEBUG 13813 --- [petuser] [           main] org.hibernate.type.BasicTypeRegistry     : Adding type registration LocalDate -> org.hibernate.type.BasicTypeReference@4cc65c2
2025-05-04T21:52:35.188-04:00 DEBUG 13813 --- [petuser] [           main] org.hibernate.type.BasicTypeRegistry     : Adding type registration java.time.LocalDate -> org.hibernate.type.BasicTypeReference@4cc65c2
2025-05-04T21:52:35.188-04:00 DEBUG 13813 --- [petuser] [           main] org.hibernate.type.BasicTypeRegistry     : Adding type registration LocalTime -> org.hibernate.type.BasicTypeReference@574059d5
2025-05-04T21:52:35.188-04:00 DEBUG 13813 --- [petuser] [           main] org.hibernate.type.BasicTypeRegistry     : Adding type registration java.time.LocalTime -> org.hibernate.type.BasicTypeReference@574059d5
2025-05-04T21:52:35.188-04:00 DEBUG 13813 --- [petuser] [           main] org.hibernate.type.BasicTypeRegistry     : Adding type registration OffsetDateTime -> org.hibernate.type.BasicTypeReference@6d672bd4
2025-05-04T21:52:35.188-04:00 DEBUG 13813 --- [petuser] [           main] org.hibernate.type.BasicTypeRegistry     : Adding type registration java.time.OffsetDateTime -> org.hibernate.type.BasicTypeReference@6d672bd4
2025-05-04T21:52:35.188-04:00 DEBUG 13813 --- [petuser] [           main] org.hibernate.type.BasicTypeRegistry     : Adding type registration OffsetDateTimeWithTimezone -> org.hibernate.type.BasicTypeReference@67770b37
2025-05-04T21:52:35.188-04:00 DEBUG 13813 --- [petuser] [           main] org.hibernate.type.BasicTypeRegistry     : Adding type registration OffsetDateTimeWithoutTimezone -> org.hibernate.type.BasicTypeReference@72906e
2025-05-04T21:52:35.188-04:00 DEBUG 13813 --- [petuser] [           main] org.hibernate.type.BasicTypeRegistry     : Adding type registration OffsetTime -> org.hibernate.type.BasicTypeReference@5529ff44
2025-05-04T21:52:35.188-04:00 DEBUG 13813 --- [petuser] [           main] org.hibernate.type.BasicTypeRegistry     : Adding type registration java.time.OffsetTime -> org.hibernate.type.BasicTypeReference@5529ff44
2025-05-04T21:52:35.188-04:00 DEBUG 13813 --- [petuser] [           main] org.hibernate.type.BasicTypeRegistry     : Adding type registration OffsetTimeUtc -> org.hibernate.type.BasicTypeReference@14447be
2025-05-04T21:52:35.188-04:00 DEBUG 13813 --- [petuser] [           main] org.hibernate.type.BasicTypeRegistry     : Adding type registration OffsetTimeWithTimezone -> org.hibernate.type.BasicTypeReference@5eb5da12
2025-05-04T21:52:35.188-04:00 DEBUG 13813 --- [petuser] [           main] org.hibernate.type.BasicTypeRegistry     : Adding type registration OffsetTimeWithoutTimezone -> org.hibernate.type.BasicTypeReference@4a50d04a
2025-05-04T21:52:35.188-04:00 DEBUG 13813 --- [petuser] [           main] org.hibernate.type.BasicTypeRegistry     : Adding type registration ZonedDateTime -> org.hibernate.type.BasicTypeReference@5099c59b
2025-05-04T21:52:35.188-04:00 DEBUG 13813 --- [petuser] [           main] org.hibernate.type.BasicTypeRegistry     : Adding type registration java.time.ZonedDateTime -> org.hibernate.type.BasicTypeReference@5099c59b
2025-05-04T21:52:35.188-04:00 DEBUG 13813 --- [petuser] [           main] org.hibernate.type.BasicTypeRegistry     : Adding type registration ZonedDateTimeWithTimezone -> org.hibernate.type.BasicTypeReference@73c31181
2025-05-04T21:52:35.189-04:00 DEBUG 13813 --- [petuser] [           main] org.hibernate.type.BasicTypeRegistry     : Adding type registration ZonedDateTimeWithoutTimezone -> org.hibernate.type.BasicTypeReference@3d620a1
2025-05-04T21:52:35.189-04:00 DEBUG 13813 --- [petuser] [           main] org.hibernate.type.BasicTypeRegistry     : Adding type registration date -> org.hibernate.type.BasicTypeReference@4f486211
2025-05-04T21:52:35.189-04:00 DEBUG 13813 --- [petuser] [           main] org.hibernate.type.BasicTypeRegistry     : Adding type registration java.sql.Date -> org.hibernate.type.BasicTypeReference@4f486211
2025-05-04T21:52:35.189-04:00 DEBUG 13813 --- [petuser] [           main] org.hibernate.type.BasicTypeRegistry     : Adding type registration time -> org.hibernate.type.BasicTypeReference@51e3d37e
2025-05-04T21:52:35.189-04:00 DEBUG 13813 --- [petuser] [           main] org.hibernate.type.BasicTypeRegistry     : Adding type registration java.sql.Time -> org.hibernate.type.BasicTypeReference@51e3d37e
2025-05-04T21:52:35.189-04:00 DEBUG 13813 --- [petuser] [           main] org.hibernate.type.BasicTypeRegistry     : Adding type registration timestamp -> org.hibernate.type.BasicTypeReference@3a479fda
2025-05-04T21:52:35.189-04:00 DEBUG 13813 --- [petuser] [           main] org.hibernate.type.BasicTypeRegistry     : Adding type registration java.sql.Timestamp -> org.hibernate.type.BasicTypeReference@3a479fda
2025-05-04T21:52:35.189-04:00 DEBUG 13813 --- [petuser] [           main] org.hibernate.type.BasicTypeRegistry     : Adding type registration java.util.Date -> org.hibernate.type.BasicTypeReference@3a479fda
2025-05-04T21:52:35.189-04:00 DEBUG 13813 --- [petuser] [           main] org.hibernate.type.BasicTypeRegistry     : Adding type registration calendar -> org.hibernate.type.BasicTypeReference@8a6631b
2025-05-04T21:52:35.189-04:00 DEBUG 13813 --- [petuser] [           main] org.hibernate.type.BasicTypeRegistry     : Adding type registration java.util.Calendar -> org.hibernate.type.BasicTypeReference@8a6631b
2025-05-04T21:52:35.189-04:00 DEBUG 13813 --- [petuser] [           main] org.hibernate.type.BasicTypeRegistry     : Adding type registration java.util.GregorianCalendar -> org.hibernate.type.BasicTypeReference@8a6631b
2025-05-04T21:52:35.190-04:00 DEBUG 13813 --- [petuser] [           main] org.hibernate.type.BasicTypeRegistry     : Adding type registration calendar_date -> org.hibernate.type.BasicTypeReference@472d0f4
2025-05-04T21:52:35.190-04:00 DEBUG 13813 --- [petuser] [           main] org.hibernate.type.BasicTypeRegistry     : Adding type registration calendar_time -> org.hibernate.type.BasicTypeReference@4d7a64ca
2025-05-04T21:52:35.190-04:00 DEBUG 13813 --- [petuser] [           main] org.hibernate.type.BasicTypeRegistry     : Adding type registration instant -> org.hibernate.type.BasicTypeReference@76ff68c5
2025-05-04T21:52:35.190-04:00 DEBUG 13813 --- [petuser] [           main] org.hibernate.type.BasicTypeRegistry     : Adding type registration java.time.Instant -> org.hibernate.type.BasicTypeReference@76ff68c5
2025-05-04T21:52:35.190-04:00 DEBUG 13813 --- [petuser] [           main] org.hibernate.type.BasicTypeRegistry     : Adding type registration uuid -> org.hibernate.type.BasicTypeReference@6418e39e
2025-05-04T21:52:35.190-04:00 DEBUG 13813 --- [petuser] [           main] org.hibernate.type.BasicTypeRegistry     : Adding type registration java.util.UUID -> org.hibernate.type.BasicTypeReference@6418e39e
2025-05-04T21:52:35.190-04:00 DEBUG 13813 --- [petuser] [           main] org.hibernate.type.BasicTypeRegistry     : Adding type registration pg-uuid -> org.hibernate.type.BasicTypeReference@6418e39e
2025-05-04T21:52:35.190-04:00 DEBUG 13813 --- [petuser] [           main] org.hibernate.type.BasicTypeRegistry     : Adding type registration uuid-binary -> org.hibernate.type.BasicTypeReference@3635099
2025-05-04T21:52:35.190-04:00 DEBUG 13813 --- [petuser] [           main] org.hibernate.type.BasicTypeRegistry     : Adding type registration uuid-char -> org.hibernate.type.BasicTypeReference@1da1380b
2025-05-04T21:52:35.190-04:00 DEBUG 13813 --- [petuser] [           main] org.hibernate.type.BasicTypeRegistry     : Adding type registration class -> org.hibernate.type.BasicTypeReference@1095d23a
2025-05-04T21:52:35.190-04:00 DEBUG 13813 --- [petuser] [           main] org.hibernate.type.BasicTypeRegistry     : Adding type registration java.lang.Class -> org.hibernate.type.BasicTypeReference@1095d23a
2025-05-04T21:52:35.191-04:00 DEBUG 13813 --- [petuser] [           main] org.hibernate.type.BasicTypeRegistry     : Adding type registration currency -> org.hibernate.type.BasicTypeReference@3332c7a5
2025-05-04T21:52:35.191-04:00 DEBUG 13813 --- [petuser] [           main] org.hibernate.type.BasicTypeRegistry     : Adding type registration Currency -> org.hibernate.type.BasicTypeReference@3332c7a5
2025-05-04T21:52:35.191-04:00 DEBUG 13813 --- [petuser] [           main] org.hibernate.type.BasicTypeRegistry     : Adding type registration java.util.Currency -> org.hibernate.type.BasicTypeReference@3332c7a5
2025-05-04T21:52:35.191-04:00 DEBUG 13813 --- [petuser] [           main] org.hibernate.type.BasicTypeRegistry     : Adding type registration locale -> org.hibernate.type.BasicTypeReference@2accaec2
2025-05-04T21:52:35.191-04:00 DEBUG 13813 --- [petuser] [           main] org.hibernate.type.BasicTypeRegistry     : Adding type registration java.util.Locale -> org.hibernate.type.BasicTypeReference@2accaec2
2025-05-04T21:52:35.191-04:00 DEBUG 13813 --- [petuser] [           main] org.hibernate.type.BasicTypeRegistry     : Adding type registration serializable -> org.hibernate.type.BasicTypeReference@3e39baf0
2025-05-04T21:52:35.191-04:00 DEBUG 13813 --- [petuser] [           main] org.hibernate.type.BasicTypeRegistry     : Adding type registration java.io.Serializable -> org.hibernate.type.BasicTypeReference@3e39baf0
2025-05-04T21:52:35.191-04:00 DEBUG 13813 --- [petuser] [           main] org.hibernate.type.BasicTypeRegistry     : Adding type registration timezone -> org.hibernate.type.BasicTypeReference@83bb0f
2025-05-04T21:52:35.191-04:00 DEBUG 13813 --- [petuser] [           main] org.hibernate.type.BasicTypeRegistry     : Adding type registration java.util.TimeZone -> org.hibernate.type.BasicTypeReference@83bb0f
2025-05-04T21:52:35.191-04:00 DEBUG 13813 --- [petuser] [           main] org.hibernate.type.BasicTypeRegistry     : Adding type registration ZoneOffset -> org.hibernate.type.BasicTypeReference@25a94b55
2025-05-04T21:52:35.192-04:00 DEBUG 13813 --- [petuser] [           main] org.hibernate.type.BasicTypeRegistry     : Adding type registration java.time.ZoneOffset -> org.hibernate.type.BasicTypeReference@25a94b55
2025-05-04T21:52:35.192-04:00 DEBUG 13813 --- [petuser] [           main] org.hibernate.type.BasicTypeRegistry     : Adding type registration url -> org.hibernate.type.BasicTypeReference@6adc5b9c
2025-05-04T21:52:35.192-04:00 DEBUG 13813 --- [petuser] [           main] org.hibernate.type.BasicTypeRegistry     : Adding type registration java.net.URL -> org.hibernate.type.BasicTypeReference@6adc5b9c
2025-05-04T21:52:35.192-04:00 DEBUG 13813 --- [petuser] [           main] org.hibernate.type.BasicTypeRegistry     : Adding type registration vector -> org.hibernate.type.BasicTypeReference@19c1820d
2025-05-04T21:52:35.192-04:00 DEBUG 13813 --- [petuser] [           main] org.hibernate.type.BasicTypeRegistry     : Adding type registration float_vector -> org.hibernate.type.BasicTypeReference@40709f9
2025-05-04T21:52:35.192-04:00 DEBUG 13813 --- [petuser] [           main] org.hibernate.type.BasicTypeRegistry     : Adding type registration double_vector -> org.hibernate.type.BasicTypeReference@6b1b19cf
2025-05-04T21:52:35.192-04:00 DEBUG 13813 --- [petuser] [           main] org.hibernate.type.BasicTypeRegistry     : Adding type registration byte_vector -> org.hibernate.type.BasicTypeReference@6393bf8b
2025-05-04T21:52:35.192-04:00 DEBUG 13813 --- [petuser] [           main] org.hibernate.type.BasicTypeRegistry     : Adding type registration row_version -> org.hibernate.type.BasicTypeReference@76d7881e
2025-05-04T21:52:35.193-04:00 DEBUG 13813 --- [petuser] [           main] org.hibernate.type.BasicTypeRegistry     : Adding type registration object -> org.hibernate.type.JavaObjectType@134f8ef6
2025-05-04T21:52:35.193-04:00 DEBUG 13813 --- [petuser] [           main] org.hibernate.type.BasicTypeRegistry     : Adding type registration java.lang.Object -> org.hibernate.type.JavaObjectType@134f8ef6
2025-05-04T21:52:35.194-04:00 DEBUG 13813 --- [petuser] [           main] org.hibernate.type.BasicTypeRegistry     : Adding type registration null -> org.hibernate.type.NullType@58a84a12
2025-05-04T21:52:35.194-04:00 DEBUG 13813 --- [petuser] [           main] org.hibernate.type.BasicTypeRegistry     : Adding type registration imm_date -> org.hibernate.type.BasicTypeReference@e700eba
2025-05-04T21:52:35.194-04:00 DEBUG 13813 --- [petuser] [           main] org.hibernate.type.BasicTypeRegistry     : Adding type registration imm_time -> org.hibernate.type.BasicTypeReference@6436e181
2025-05-04T21:52:35.194-04:00 DEBUG 13813 --- [petuser] [           main] org.hibernate.type.BasicTypeRegistry     : Adding type registration imm_timestamp -> org.hibernate.type.BasicTypeReference@7186b202
2025-05-04T21:52:35.194-04:00 DEBUG 13813 --- [petuser] [           main] org.hibernate.type.BasicTypeRegistry     : Adding type registration imm_calendar -> org.hibernate.type.BasicTypeReference@6b649efa
2025-05-04T21:52:35.194-04:00 DEBUG 13813 --- [petuser] [           main] org.hibernate.type.BasicTypeRegistry     : Adding type registration imm_calendar_date -> org.hibernate.type.BasicTypeReference@65ef48f2
2025-05-04T21:52:35.194-04:00 DEBUG 13813 --- [petuser] [           main] org.hibernate.type.BasicTypeRegistry     : Adding type registration imm_calendar_time -> org.hibernate.type.BasicTypeReference@36068727
2025-05-04T21:52:35.194-04:00 DEBUG 13813 --- [petuser] [           main] org.hibernate.type.BasicTypeRegistry     : Adding type registration imm_binary -> org.hibernate.type.BasicTypeReference@72543547
2025-05-04T21:52:35.194-04:00 DEBUG 13813 --- [petuser] [           main] org.hibernate.type.BasicTypeRegistry     : Adding type registration imm_serializable -> org.hibernate.type.BasicTypeReference@3d88e6b9
2025-05-04T21:52:35.195-04:00 DEBUG 13813 --- [petuser] [           main] o.h.boot.internal.BootstrapContextImpl   : Injecting JPA temp ClassLoader [org.springframework.instrument.classloading.SimpleThrowawayClassLoader@79e7188e] into BootstrapContext; was [null]
2025-05-04T21:52:35.195-04:00 DEBUG 13813 --- [petuser] [           main] o.h.boot.internal.ClassLoaderAccessImpl  : ClassLoaderAccessImpl#injectTempClassLoader(org.springframework.instrument.classloading.SimpleThrowawayClassLoader@79e7188e) [was null]
2025-05-04T21:52:35.195-04:00 DEBUG 13813 --- [petuser] [           main] o.h.boot.internal.BootstrapContextImpl   : Injecting ScanEnvironment [org.hibernate.jpa.boot.internal.StandardJpaScanEnvironmentImpl@26865482] into BootstrapContext; was [null]
2025-05-04T21:52:35.195-04:00 DEBUG 13813 --- [petuser] [           main] o.h.boot.internal.BootstrapContextImpl   : Injecting ScanOptions [org.hibernate.boot.archive.scan.internal.StandardScanOptions@34451ed8] into BootstrapContext; was [org.hibernate.boot.archive.scan.internal.StandardScanOptions@c1050f2]
2025-05-04T21:52:35.199-04:00 DEBUG 13813 --- [petuser] [           main] o.h.j.b.i.PersistenceUnitInfoDescriptor  : Pushing class transformers for PU named 'default' on loading classloader jdk.internal.loader.ClassLoaders$AppClassLoader@2c854dc5
2025-05-04T21:52:35.261-04:00  INFO 13813 --- [petuser] [           main] o.s.o.j.p.SpringPersistenceUnitInfo      : No LoadTimeWeaver setup: ignoring JPA class transformer
2025-05-04T21:52:35.261-04:00 DEBUG 13813 --- [petuser] [           main] o.h.boot.internal.BootstrapContextImpl   : Injecting JPA temp ClassLoader [null] into BootstrapContext; was [org.springframework.instrument.classloading.SimpleThrowawayClassLoader@79e7188e]
2025-05-04T21:52:35.261-04:00 DEBUG 13813 --- [petuser] [           main] o.h.boot.internal.ClassLoaderAccessImpl  : ClassLoaderAccessImpl#injectTempClassLoader(null) [was org.springframework.instrument.classloading.SimpleThrowawayClassLoader@79e7188e]
2025-05-04T21:52:35.272-04:00  INFO 13813 --- [petuser] [           main] com.zaxxer.hikari.HikariDataSource       : HikariPool-1 - Starting...
2025-05-04T21:52:35.273-04:00  WARN 13813 --- [petuser] [           main] c.zaxxer.hikari.util.DriverDataSource    : Registered driver with driverClassName=oracle.jdbc.driver.OracleDriver was not found, trying direct instantiation.
2025-05-04T21:52:35.741-04:00  INFO 13813 --- [petuser] [           main] com.zaxxer.hikari.pool.HikariPool        : HikariPool-1 - Added connection oracle.jdbc.driver.T4CConnection@25699aa7
2025-05-04T21:52:35.742-04:00  INFO 13813 --- [petuser] [           main] com.zaxxer.hikari.HikariDataSource       : HikariPool-1 - Start completed.
2025-05-04T21:52:35.751-04:00 DEBUG 13813 --- [petuser] [           main] o.h.e.j.e.i.JdbcEnvironmentInitiator     : Database ->
	   name : Oracle
	version : Oracle Database 19c Enterprise Edition Release 19.0.0.0.0 - Production
Version 19.27.0.1.0
	  major : 19
	  minor : 27
2025-05-04T21:52:35.751-04:00 DEBUG 13813 --- [petuser] [           main] o.h.e.j.e.i.JdbcEnvironmentInitiator     : Driver ->
	   name : Oracle JDBC driver
	version : 23.5.0.24.07
	  major : 23
	  minor : 5
2025-05-04T21:52:35.751-04:00 DEBUG 13813 --- [petuser] [           main] o.h.e.j.e.i.JdbcEnvironmentInitiator     : JDBC version : 4.3
2025-05-04T21:52:35.826-04:00  WARN 13813 --- [petuser] [           main] org.hibernate.orm.deprecation            : HHH90000025: OracleDialect does not need to be specified explicitly using 'hibernate.dialect' (remove the property setting and it will be selected by default)
2025-05-04T21:52:35.827-04:00 DEBUG 13813 --- [petuser] [           main] org.hibernate.orm.dialect                : HHH035001: Using dialect: org.hibernate.dialect.OracleDialect, version: 19.27
2025-05-04T21:52:35.862-04:00  INFO 13813 --- [petuser] [           main] org.hibernate.orm.connections.pooling    : HHH10001005: Database info:
	Database JDBC URL [Connecting through datasource 'HikariDataSource (HikariPool-1)']
	Database driver: undefined/unknown
	Database version: 19.27
	Autocommit mode: undefined/unknown
	Isolation level: undefined/unknown
	Minimum pool size: undefined/unknown
	Maximum pool size: undefined/unknown
2025-05-04T21:52:35.866-04:00 DEBUG 13813 --- [petuser] [           main] o.h.t.d.jdbc.spi.JdbcTypeRegistry        : addDescriptor(NCharTypeDescriptor) replaced previous registration(CharTypeDescriptor)
2025-05-04T21:52:35.866-04:00 DEBUG 13813 --- [petuser] [           main] o.h.t.d.jdbc.spi.JdbcTypeRegistry        : addDescriptor(NVarcharTypeDescriptor) replaced previous registration(VarcharTypeDescriptor)
2025-05-04T21:52:35.866-04:00 DEBUG 13813 --- [petuser] [           main] o.h.t.d.jdbc.spi.JdbcTypeRegistry        : addDescriptor(LongNVarcharTypeDescriptor) replaced previous registration(LongVarcharTypeDescriptor)
2025-05-04T21:52:35.867-04:00 DEBUG 13813 --- [petuser] [           main] o.h.t.d.jdbc.spi.JdbcTypeRegistry        : addDescriptor(NClobTypeDescriptor(DEFAULT)) replaced previous registration(ClobTypeDescriptor(DEFAULT))
2025-05-04T21:52:35.867-04:00 DEBUG 13813 --- [petuser] [           main] o.h.t.d.jdbc.spi.JdbcTypeRegistry        : addDescriptor(BooleanTypeDescriptor) replaced previous registration(BooleanTypeDescriptor)
2025-05-04T21:52:35.870-04:00 DEBUG 13813 --- [petuser] [           main] org.hibernate.type.BasicTypeRegistry     : Adding type registration null -> org.hibernate.type.NullType@63c4d16
2025-05-04T21:52:35.870-04:00 DEBUG 13813 --- [petuser] [           main] org.hibernate.type.BasicTypeRegistry     : Type registration key [null] overrode previous entry : `org.hibernate.type.NullType@58a84a12`
2025-05-04T21:52:35.870-04:00 DEBUG 13813 --- [petuser] [           main] org.hibernate.type.BasicTypeRegistry     : Adding type registration JAVA_OBJECT -> org.hibernate.type.JavaObjectType@7ebc5be6
2025-05-04T21:52:35.870-04:00 DEBUG 13813 --- [petuser] [           main] org.hibernate.type.BasicTypeRegistry     : Adding type registration java.lang.Object -> org.hibernate.type.JavaObjectType@7ebc5be6
2025-05-04T21:52:35.870-04:00 DEBUG 13813 --- [petuser] [           main] org.hibernate.type.BasicTypeRegistry     : Type registration key [java.lang.Object] overrode previous entry : `org.hibernate.type.JavaObjectType@134f8ef6`
2025-05-04T21:52:35.871-04:00 DEBUG 13813 --- [petuser] [           main] org.hibernate.type.BasicTypeRegistry     : Adding type registration org.hibernate.type.DurationType -> basicType@1(java.time.Duration,3015)
2025-05-04T21:52:35.871-04:00 DEBUG 13813 --- [petuser] [           main] org.hibernate.type.BasicTypeRegistry     : Adding type registration Duration -> basicType@1(java.time.Duration,3015)
2025-05-04T21:52:35.871-04:00 DEBUG 13813 --- [petuser] [           main] org.hibernate.type.BasicTypeRegistry     : Adding type registration java.time.Duration -> basicType@1(java.time.Duration,3015)
2025-05-04T21:52:35.872-04:00 DEBUG 13813 --- [petuser] [           main] o.h.type.spi.TypeConfiguration$Scope     : Scoping TypeConfiguration [org.hibernate.type.spi.TypeConfiguration@5b64f771] to MetadataBuildingContext [org.hibernate.boot.internal.MetadataBuildingContextRootImpl@153c6603]
2025-05-04T21:52:35.883-04:00 DEBUG 13813 --- [petuser] [           main] o.h.boot.model.relational.Namespace      : Created database namespace [logicalName=Name{catalog=null, schema=null}, physicalName=Name{catalog=null, schema=null}]
2025-05-04T21:52:35.890-04:00 DEBUG 13813 --- [petuser] [           main] o.h.boot.model.internal.EntityBinder     : Binding entity from annotated class: com.petuser.petuser.model.Usuario
2025-05-04T21:52:35.891-04:00 DEBUG 13813 --- [petuser] [           main] o.h.boot.model.internal.EntityBinder     : Import with entity name Usuario
2025-05-04T21:52:35.895-04:00 DEBUG 13813 --- [petuser] [           main] o.h.boot.model.internal.EntityBinder     : Bind entity com.petuser.petuser.model.Usuario on table usuarios
2025-05-04T21:52:35.898-04:00 DEBUG 13813 --- [petuser] [           main] o.h.boot.model.internal.AnnotatedColumn  : Binding column: AnnotatedDiscriminatorColumn(column='DTYPE')
2025-05-04T21:52:35.904-04:00 DEBUG 13813 --- [petuser] [           main] o.h.boot.model.internal.AnnotatedColumn  : Binding column: AnnotatedColumn()
2025-05-04T21:52:35.904-04:00 DEBUG 13813 --- [petuser] [           main] o.h.boot.internal.ClassLoaderAccessImpl  : Not known whether passed class name [com.petuser.petuser.model.Usuario] is safe
2025-05-04T21:52:35.904-04:00 DEBUG 13813 --- [petuser] [           main] o.h.boot.internal.ClassLoaderAccessImpl  : No temp ClassLoader provided; using live ClassLoader for loading potentially unsafe class : com.petuser.petuser.model.Usuario
2025-05-04T21:52:35.905-04:00 DEBUG 13813 --- [petuser] [           main] o.h.boot.model.internal.PropertyBinder   : MetadataSourceProcessor property id with lazy=false
2025-05-04T21:52:35.907-04:00 DEBUG 13813 --- [petuser] [           main] o.h.b.m.internal.AbstractPropertyHolder  : Attempting to locate auto-apply AttributeConverter for property [com.petuser.petuser.model.Usuario:id]
2025-05-04T21:52:35.907-04:00 DEBUG 13813 --- [petuser] [           main] o.h.b.model.internal.BasicValueBinder    : building BasicValue for id
2025-05-04T21:52:35.908-04:00 DEBUG 13813 --- [petuser] [           main] org.hibernate.mapping.BasicValue         : Skipping column re-registration: usuarios.id
2025-05-04T21:52:35.908-04:00 DEBUG 13813 --- [petuser] [           main] o.h.boot.model.internal.PropertyBinder   : Building property id
2025-05-04T21:52:35.909-04:00 DEBUG 13813 --- [petuser] [           main] o.h.boot.model.internal.BinderHelper     : #makeIdGenerator(BasicValue([Column(id)]), id, identity, , ...)
2025-05-04T21:52:35.910-04:00 DEBUG 13813 --- [petuser] [           main] o.h.boot.model.internal.AnnotatedColumn  : Binding column: AnnotatedColumn()
2025-05-04T21:52:35.910-04:00 DEBUG 13813 --- [petuser] [           main] o.h.boot.model.internal.PropertyBinder   : MetadataSourceProcessor property apellido with lazy=false
2025-05-04T21:52:35.910-04:00 DEBUG 13813 --- [petuser] [           main] o.h.b.m.internal.AbstractPropertyHolder  : Attempting to locate auto-apply AttributeConverter for property [com.petuser.petuser.model.Usuario:apellido]
2025-05-04T21:52:35.910-04:00 DEBUG 13813 --- [petuser] [           main] o.h.b.model.internal.BasicValueBinder    : building BasicValue for apellido
2025-05-04T21:52:35.910-04:00 DEBUG 13813 --- [petuser] [           main] org.hibernate.mapping.BasicValue         : Skipping column re-registration: usuarios.apellido
2025-05-04T21:52:35.910-04:00 DEBUG 13813 --- [petuser] [           main] o.h.boot.model.internal.PropertyBinder   : Building property apellido
2025-05-04T21:52:35.910-04:00 DEBUG 13813 --- [petuser] [           main] o.h.boot.model.internal.AnnotatedColumn  : Binding column: AnnotatedColumn()
2025-05-04T21:52:35.910-04:00 DEBUG 13813 --- [petuser] [           main] o.h.boot.model.internal.PropertyBinder   : MetadataSourceProcessor property direccion with lazy=false
2025-05-04T21:52:35.910-04:00 DEBUG 13813 --- [petuser] [           main] o.h.b.m.internal.AbstractPropertyHolder  : Attempting to locate auto-apply AttributeConverter for property [com.petuser.petuser.model.Usuario:direccion]
2025-05-04T21:52:35.910-04:00 DEBUG 13813 --- [petuser] [           main] o.h.b.model.internal.BasicValueBinder    : building BasicValue for direccion
2025-05-04T21:52:35.910-04:00 DEBUG 13813 --- [petuser] [           main] org.hibernate.mapping.BasicValue         : Skipping column re-registration: usuarios.direccion
2025-05-04T21:52:35.910-04:00 DEBUG 13813 --- [petuser] [           main] o.h.boot.model.internal.PropertyBinder   : Building property direccion
2025-05-04T21:52:35.911-04:00 DEBUG 13813 --- [petuser] [           main] o.h.boot.model.internal.AnnotatedColumn  : Binding column: AnnotatedColumn()
2025-05-04T21:52:35.911-04:00 DEBUG 13813 --- [petuser] [           main] o.h.boot.model.internal.PropertyBinder   : MetadataSourceProcessor property email with lazy=false
2025-05-04T21:52:35.911-04:00 DEBUG 13813 --- [petuser] [           main] o.h.b.m.internal.AbstractPropertyHolder  : Attempting to locate auto-apply AttributeConverter for property [com.petuser.petuser.model.Usuario:email]
2025-05-04T21:52:35.911-04:00 DEBUG 13813 --- [petuser] [           main] o.h.b.model.internal.BasicValueBinder    : building BasicValue for email
2025-05-04T21:52:35.911-04:00 DEBUG 13813 --- [petuser] [           main] org.hibernate.mapping.BasicValue         : Skipping column re-registration: usuarios.email
2025-05-04T21:52:35.911-04:00 DEBUG 13813 --- [petuser] [           main] o.h.boot.model.internal.PropertyBinder   : Building property email
2025-05-04T21:52:35.911-04:00 DEBUG 13813 --- [petuser] [           main] o.h.boot.model.internal.AnnotatedColumn  : Binding column: AnnotatedColumn()
2025-05-04T21:52:35.911-04:00 DEBUG 13813 --- [petuser] [           main] o.h.boot.model.internal.PropertyBinder   : MetadataSourceProcessor property nombre with lazy=false
2025-05-04T21:52:35.911-04:00 DEBUG 13813 --- [petuser] [           main] o.h.b.m.internal.AbstractPropertyHolder  : Attempting to locate auto-apply AttributeConverter for property [com.petuser.petuser.model.Usuario:nombre]
2025-05-04T21:52:35.911-04:00 DEBUG 13813 --- [petuser] [           main] o.h.b.model.internal.BasicValueBinder    : building BasicValue for nombre
2025-05-04T21:52:35.911-04:00 DEBUG 13813 --- [petuser] [           main] org.hibernate.mapping.BasicValue         : Skipping column re-registration: usuarios.nombre
2025-05-04T21:52:35.911-04:00 DEBUG 13813 --- [petuser] [           main] o.h.boot.model.internal.PropertyBinder   : Building property nombre
2025-05-04T21:52:35.911-04:00 DEBUG 13813 --- [petuser] [           main] o.h.boot.model.internal.AnnotatedColumn  : Binding column: AnnotatedColumn()
2025-05-04T21:52:35.911-04:00 DEBUG 13813 --- [petuser] [           main] o.h.boot.model.internal.PropertyBinder   : MetadataSourceProcessor property password with lazy=false
2025-05-04T21:52:35.911-04:00 DEBUG 13813 --- [petuser] [           main] o.h.b.m.internal.AbstractPropertyHolder  : Attempting to locate auto-apply AttributeConverter for property [com.petuser.petuser.model.Usuario:password]
2025-05-04T21:52:35.911-04:00 DEBUG 13813 --- [petuser] [           main] o.h.b.model.internal.BasicValueBinder    : building BasicValue for password
2025-05-04T21:52:35.911-04:00 DEBUG 13813 --- [petuser] [           main] org.hibernate.mapping.BasicValue         : Skipping column re-registration: usuarios.password
2025-05-04T21:52:35.911-04:00 DEBUG 13813 --- [petuser] [           main] o.h.boot.model.internal.PropertyBinder   : Building property password
2025-05-04T21:52:35.911-04:00 DEBUG 13813 --- [petuser] [           main] o.h.boot.model.internal.AnnotatedColumn  : Binding column: AnnotatedColumn()
2025-05-04T21:52:35.911-04:00 DEBUG 13813 --- [petuser] [           main] o.h.boot.model.internal.PropertyBinder   : MetadataSourceProcessor property rol with lazy=false
2025-05-04T21:52:35.912-04:00 DEBUG 13813 --- [petuser] [           main] o.h.b.m.internal.AbstractPropertyHolder  : Attempting to locate auto-apply AttributeConverter for property [com.petuser.petuser.model.Usuario:rol]
2025-05-04T21:52:35.912-04:00 DEBUG 13813 --- [petuser] [           main] o.h.b.model.internal.BasicValueBinder    : building BasicValue for rol
2025-05-04T21:52:35.912-04:00 DEBUG 13813 --- [petuser] [           main] org.hibernate.mapping.BasicValue         : Skipping column re-registration: usuarios.rol
2025-05-04T21:52:35.912-04:00 DEBUG 13813 --- [petuser] [           main] o.h.boot.model.internal.PropertyBinder   : Building property rol
2025-05-04T21:52:35.912-04:00 DEBUG 13813 --- [petuser] [           main] o.h.boot.model.internal.AnnotatedColumn  : Binding column: AnnotatedColumn()
2025-05-04T21:52:35.912-04:00 DEBUG 13813 --- [petuser] [           main] o.h.boot.model.internal.PropertyBinder   : MetadataSourceProcessor property telefono with lazy=false
2025-05-04T21:52:35.912-04:00 DEBUG 13813 --- [petuser] [           main] o.h.b.m.internal.AbstractPropertyHolder  : Attempting to locate auto-apply AttributeConverter for property [com.petuser.petuser.model.Usuario:telefono]
2025-05-04T21:52:35.912-04:00 DEBUG 13813 --- [petuser] [           main] o.h.b.model.internal.BasicValueBinder    : building BasicValue for telefono
2025-05-04T21:52:35.912-04:00 DEBUG 13813 --- [petuser] [           main] org.hibernate.mapping.BasicValue         : Skipping column re-registration: usuarios.telefono
2025-05-04T21:52:35.912-04:00 DEBUG 13813 --- [petuser] [           main] o.h.boot.model.internal.PropertyBinder   : Building property telefono
2025-05-04T21:52:35.912-04:00 DEBUG 13813 --- [petuser] [           main] o.h.b.r.c.i.ClassLoaderServiceImpl       : HHH000194: Package not found or no package-info.java: com.petuser.petuser.model
2025-05-04T21:52:35.914-04:00 DEBUG 13813 --- [petuser] [           main] o.h.b.model.internal.BasicValueBinder    : Starting `BasicValueBinder#fillSimpleValue` for id
2025-05-04T21:52:35.915-04:00 DEBUG 13813 --- [petuser] [           main] o.h.b.model.internal.BasicValueBinder    : Starting `BasicValueBinder#fillSimpleValue` for apellido
2025-05-04T21:52:35.915-04:00 DEBUG 13813 --- [petuser] [           main] o.h.b.model.internal.BasicValueBinder    : Starting `BasicValueBinder#fillSimpleValue` for direccion
2025-05-04T21:52:35.915-04:00 DEBUG 13813 --- [petuser] [           main] o.h.b.model.internal.BasicValueBinder    : Starting `BasicValueBinder#fillSimpleValue` for email
2025-05-04T21:52:35.915-04:00 DEBUG 13813 --- [petuser] [           main] o.h.b.model.internal.BasicValueBinder    : Starting `BasicValueBinder#fillSimpleValue` for nombre
2025-05-04T21:52:35.915-04:00 DEBUG 13813 --- [petuser] [           main] o.h.b.model.internal.BasicValueBinder    : Starting `BasicValueBinder#fillSimpleValue` for password
2025-05-04T21:52:35.915-04:00 DEBUG 13813 --- [petuser] [           main] o.h.b.model.internal.BasicValueBinder    : Starting `BasicValueBinder#fillSimpleValue` for rol
2025-05-04T21:52:35.915-04:00 DEBUG 13813 --- [petuser] [           main] o.h.b.model.internal.BasicValueBinder    : Starting `BasicValueBinder#fillSimpleValue` for telefono
2025-05-04T21:52:35.916-04:00 DEBUG 13813 --- [petuser] [           main] org.hibernate.mapping.PrimaryKey         : Forcing column [id] to be non-null as it is part of the primary key for table [usuarios]
2025-05-04T21:52:35.935-04:00 DEBUG 13813 --- [petuser] [           main] o.hibernate.internal.SessionFactoryImpl  : Building session factory
2025-05-04T21:52:35.945-04:00 DEBUG 13813 --- [petuser] [           main] .h.s.i.SessionFactoryServiceRegistryImpl : EventListenerRegistry access via ServiceRegistry is deprecated.  Use `sessionFactory.getEventEngine().getListenerRegistry()` instead
2025-05-04T21:52:35.945-04:00 DEBUG 13813 --- [petuser] [           main] o.hibernate.internal.SessionFactoryImpl  : Instantiating SessionFactory with settings: {java.specification.version=21, hibernate.resource.beans.container=org.springframework.orm.hibernate5.SpringBeanContainer@77f529a6, hibernate.connection.handling_mode=DELAYED_ACQUISITION_AND_HOLD, sun.jnu.encoding=UTF-8, hibernate.dialect=org.hibernate.dialect.OracleDialect, hibernate.implicit_naming_strategy=org.springframework.boot.orm.jpa.hibernate.SpringImplicitNamingStrategy, java.class.path=/Users/sebastianvaldiviavillagra/Desktop/proyectos/petuser/target/test-classes:/Users/sebastianvaldiviavillagra/Desktop/proyectos/petuser/target/classes:/Users/sebastianvaldiviavillagra/.m2/repository/org/springframework/boot/spring-boot-starter-actuator/3.4.4/spring-boot-starter-actuator-3.4.4.jar:/Users/sebastianvaldiviavillagra/.m2/repository/org/springframework/boot/spring-boot-starter/3.4.4/spring-boot-starter-3.4.4.jar:/Users/sebastianvaldiviavillagra/.m2/repository/org/springframework/boot/spring-boot-starter-logging/3.4.4/spring-boot-starter-logging-3.4.4.jar:/Users/sebastianvaldiviavillagra/.m2/repository/ch/qos/logback/logback-classic/1.5.18/logback-classic-1.5.18.jar:/Users/sebastianvaldiviavillagra/.m2/repository/ch/qos/logback/logback-core/1.5.18/logback-core-1.5.18.jar:/Users/sebastianvaldiviavillagra/.m2/repository/org/apache/logging/log4j/log4j-to-slf4j/2.24.3/log4j-to-slf4j-2.24.3.jar:/Users/sebastianvaldiviavillagra/.m2/repository/org/apache/logging/log4j/log4j-api/2.24.3/log4j-api-2.24.3.jar:/Users/sebastianvaldiviavillagra/.m2/repository/org/slf4j/jul-to-slf4j/2.0.17/jul-to-slf4j-2.0.17.jar:/Users/sebastianvaldiviavillagra/.m2/repository/jakarta/annotation/jakarta.annotation-api/2.1.1/jakarta.annotation-api-2.1.1.jar:/Users/sebastianvaldiviavillagra/.m2/repository/org/yaml/snakeyaml/2.3/snakeyaml-2.3.jar:/Users/sebastianvaldiviavillagra/.m2/repository/org/springframework/boot/spring-boot-actuator-autoconfigure/3.4.4/spring-boot-actuator-autoconfigure-3.4.4.jar:/Users/sebastianvaldiviavillagra/.m2/repository/org/springframework/boot/spring-boot-actuator/3.4.4/spring-boot-actuator-3.4.4.jar:/Users/sebastianvaldiviavillagra/.m2/repository/com/fasterxml/jackson/core/jackson-databind/2.18.3/jackson-databind-2.18.3.jar:/Users/sebastianvaldiviavillagra/.m2/repository/com/fasterxml/jackson/core/jackson-annotations/2.18.3/jackson-annotations-2.18.3.jar:/Users/sebastianvaldiviavillagra/.m2/repository/com/fasterxml/jackson/core/jackson-core/2.18.3/jackson-core-2.18.3.jar:/Users/sebastianvaldiviavillagra/.m2/repository/com/fasterxml/jackson/datatype/jackson-datatype-jsr310/2.18.3/jackson-datatype-jsr310-2.18.3.jar:/Users/sebastianvaldiviavillagra/.m2/repository/io/micrometer/micrometer-observation/1.14.5/micrometer-observation-1.14.5.jar:/Users/sebastianvaldiviavillagra/.m2/repository/io/micrometer/micrometer-commons/1.14.5/micrometer-commons-1.14.5.jar:/Users/sebastianvaldiviavillagra/.m2/repository/io/micrometer/micrometer-jakarta9/1.14.5/micrometer-jakarta9-1.14.5.jar:/Users/sebastianvaldiviavillagra/.m2/repository/io/micrometer/micrometer-core/1.14.5/micrometer-core-1.14.5.jar:/Users/sebastianvaldiviavillagra/.m2/repository/org/hdrhistogram/HdrHistogram/2.2.2/HdrHistogram-2.2.2.jar:/Users/sebastianvaldiviavillagra/.m2/repository/org/latencyutils/LatencyUtils/2.0.3/LatencyUtils-2.0.3.jar:/Users/sebastianvaldiviavillagra/.m2/repository/org/springframework/boot/spring-boot-starter-web/3.4.4/spring-boot-starter-web-3.4.4.jar:/Users/sebastianvaldiviavillagra/.m2/repository/org/springframework/boot/spring-boot-starter-json/3.4.4/spring-boot-starter-json-3.4.4.jar:/Users/sebastianvaldiviavillagra/.m2/repository/com/fasterxml/jackson/datatype/jackson-datatype-jdk8/2.18.3/jackson-datatype-jdk8-2.18.3.jar:/Users/sebastianvaldiviavillagra/.m2/repository/com/fasterxml/jackson/module/jackson-module-parameter-names/2.18.3/jackson-module-parameter-names-2.18.3.jar:/Users/sebastianvaldiviavillagra/.m2/repository/org/springframework/boot/spring-boot-starter-tomcat/3.4.4/spring-boot-starter-tomcat-3.4.4.jar:/Users/sebastianvaldiviavillagra/.m2/repository/org/apache/tomcat/embed/tomcat-embed-core/10.1.39/tomcat-embed-core-10.1.39.jar:/Users/sebastianvaldiviavillagra/.m2/repository/org/apache/tomcat/embed/tomcat-embed-websocket/10.1.39/tomcat-embed-websocket-10.1.39.jar:/Users/sebastianvaldiviavillagra/.m2/repository/org/springframework/spring-web/6.2.5/spring-web-6.2.5.jar:/Users/sebastianvaldiviavillagra/.m2/repository/org/springframework/spring-beans/6.2.5/spring-beans-6.2.5.jar:/Users/sebastianvaldiviavillagra/.m2/repository/org/springframework/spring-webmvc/6.2.5/spring-webmvc-6.2.5.jar:/Users/sebastianvaldiviavillagra/.m2/repository/org/springframework/spring-aop/6.2.5/spring-aop-6.2.5.jar:/Users/sebastianvaldiviavillagra/.m2/repository/org/springframework/spring-context/6.2.5/spring-context-6.2.5.jar:/Users/sebastianvaldiviavillagra/.m2/repository/org/springframework/spring-expression/6.2.5/spring-expression-6.2.5.jar:/Users/sebastianvaldiviavillagra/.m2/repository/org/springframework/boot/spring-boot-devtools/3.4.4/spring-boot-devtools-3.4.4.jar:/Users/sebastianvaldiviavillagra/.m2/repository/org/springframework/boot/spring-boot/3.4.4/spring-boot-3.4.4.jar:/Users/sebastianvaldiviavillagra/.m2/repository/org/springframework/boot/spring-boot-autoconfigure/3.4.4/spring-boot-autoconfigure-3.4.4.jar:/Users/sebastianvaldiviavillagra/.m2/repository/org/projectlombok/lombok/1.18.36/lombok-1.18.36.jar:/Users/sebastianvaldiviavillagra/.m2/repository/org/springframework/boot/spring-boot-starter-test/3.4.4/spring-boot-starter-test-3.4.4.jar:/Users/sebastianvaldiviavillagra/.m2/repository/org/springframework/boot/spring-boot-test/3.4.4/spring-boot-test-3.4.4.jar:/Users/sebastianvaldiviavillagra/.m2/repository/org/springframework/boot/spring-boot-test-autoconfigure/3.4.4/spring-boot-test-autoconfigure-3.4.4.jar:/Users/sebastianvaldiviavillagra/.m2/repository/com/jayway/jsonpath/json-path/2.9.0/json-path-2.9.0.jar:/Users/sebastianvaldiviavillagra/.m2/repository/org/slf4j/slf4j-api/2.0.17/slf4j-api-2.0.17.jar:/Users/sebastianvaldiviavillagra/.m2/repository/jakarta/xml/bind/jakarta.xml.bind-api/4.0.2/jakarta.xml.bind-api-4.0.2.jar:/Users/sebastianvaldiviavillagra/.m2/repository/jakarta/activation/jakarta.activation-api/2.1.3/jakarta.activation-api-2.1.3.jar:/Users/sebastianvaldiviavillagra/.m2/repository/net/minidev/json-smart/2.5.2/json-smart-2.5.2.jar:/Users/sebastianvaldiviavillagra/.m2/repository/net/minidev/accessors-smart/2.5.2/accessors-smart-2.5.2.jar:/Users/sebastianvaldiviavillagra/.m2/repository/org/ow2/asm/asm/9.7.1/asm-9.7.1.jar:/Users/sebastianvaldiviavillagra/.m2/repository/org/assertj/assertj-core/3.26.3/assertj-core-3.26.3.jar:/Users/sebastianvaldiviavillagra/.m2/repository/net/bytebuddy/byte-buddy/1.15.11/byte-buddy-1.15.11.jar:/Users/sebastianvaldiviavillagra/.m2/repository/org/awaitility/awaitility/4.2.2/awaitility-4.2.2.jar:/Users/sebastianvaldiviavillagra/.m2/repository/org/hamcrest/hamcrest/2.2/hamcrest-2.2.jar:/Users/sebastianvaldiviavillagra/.m2/repository/org/junit/jupiter/junit-jupiter/5.11.4/junit-jupiter-5.11.4.jar:/Users/sebastianvaldiviavillagra/.m2/repository/org/junit/jupiter/junit-jupiter-api/5.11.4/junit-jupiter-api-5.11.4.jar:/Users/sebastianvaldiviavillagra/.m2/repository/org/opentest4j/opentest4j/1.3.0/opentest4j-1.3.0.jar:/Users/sebastianvaldiviavillagra/.m2/repository/org/junit/platform/junit-platform-commons/1.11.4/junit-platform-commons-1.11.4.jar:/Users/sebastianvaldiviavillagra/.m2/repository/org/apiguardian/apiguardian-api/1.1.2/apiguardian-api-1.1.2.jar:/Users/sebastianvaldiviavillagra/.m2/repository/org/junit/jupiter/junit-jupiter-params/5.11.4/junit-jupiter-params-5.11.4.jar:/Users/sebastianvaldiviavillagra/.m2/repository/org/junit/jupiter/junit-jupi
[...]
	at org.junit.platform.launcher.core.EngineExecutionOrchestrator.execute(EngineExecutionOrchestrator.java:198) ~[junit-platform-launcher-1.11.4.jar:1.11.4]
	at org.junit.platform.launcher.core.EngineExecutionOrchestrator.execute(EngineExecutionOrchestrator.java:169) ~[junit-platform-launcher-1.11.4.jar:1.11.4]
	at org.junit.platform.launcher.core.EngineExecutionOrchestrator.execute(EngineExecutionOrchestrator.java:93) ~[junit-platform-launcher-1.11.4.jar:1.11.4]
	at org.junit.platform.launcher.core.EngineExecutionOrchestrator.lambda$execute$0(EngineExecutionOrchestrator.java:58) ~[junit-platform-launcher-1.11.4.jar:1.11.4]
	at org.junit.platform.launcher.core.EngineExecutionOrchestrator.withInterceptedStreams(EngineExecutionOrchestrator.java:141) ~[junit-platform-launcher-1.11.4.jar:1.11.4]
	at org.junit.platform.launcher.core.EngineExecutionOrchestrator.execute(EngineExecutionOrchestrator.java:57) ~[junit-platform-launcher-1.11.4.jar:1.11.4]
	at org.junit.platform.launcher.core.DefaultLauncher.execute(DefaultLauncher.java:103) ~[junit-platform-launcher-1.11.4.jar:1.11.4]
	at org.junit.platform.launcher.core.DefaultLauncher.execute(DefaultLauncher.java:85) ~[junit-platform-launcher-1.11.4.jar:1.11.4]
	at org.junit.platform.launcher.core.DelegatingLauncher.execute(DelegatingLauncher.java:47) ~[junit-platform-launcher-1.11.4.jar:1.11.4]
	at org.apache.maven.surefire.junitplatform.LazyLauncher.execute(LazyLauncher.java:56) ~[surefire-junit-platform-3.5.2.jar:3.5.2]
	at org.apache.maven.surefire.junitplatform.JUnitPlatformProvider.execute(JUnitPlatformProvider.java:184) ~[surefire-junit-platform-3.5.2.jar:3.5.2]
	at org.apache.maven.surefire.junitplatform.JUnitPlatformProvider.invokeAllTests(JUnitPlatformProvider.java:148) ~[surefire-junit-platform-3.5.2.jar:3.5.2]
	at org.apache.maven.surefire.junitplatform.JUnitPlatformProvider.invoke(JUnitPlatformProvider.java:122) ~[surefire-junit-platform-3.5.2.jar:3.5.2]
	at org.apache.maven.surefire.booter.ForkedBooter.runSuitesInProcess(ForkedBooter.java:385) ~[surefire-booter-3.5.2.jar:3.5.2]
	at org.apache.maven.surefire.booter.ForkedBooter.execute(ForkedBooter.java:162) ~[surefire-booter-3.5.2.jar:3.5.2]
	at org.apache.maven.surefire.booter.ForkedBooter.run(ForkedBooter.java:507) ~[surefire-booter-3.5.2.jar:3.5.2]
	at org.apache.maven.surefire.booter.ForkedBooter.main(ForkedBooter.java:495) ~[surefire-booter-3.5.2.jar:3.5.2]

2025-05-04T21:52:39.881-04:00 DEBUG 13813 --- [petuser] [           main] o.s.orm.jpa.JpaTransactionManager        : Participating transaction failed - marking existing transaction as rollback-only
2025-05-04T21:52:39.881-04:00 DEBUG 13813 --- [petuser] [           main] o.s.orm.jpa.JpaTransactionManager        : Setting JPA transaction on EntityManager [SessionImpl(1858454754<open>)] rollback-only
2025-05-04T21:52:39.881-04:00 DEBUG 13813 --- [petuser] [           main] cResourceLocalTransactionCoordinatorImpl : JDBC transaction marked for rollback-only (exception provided for stack trace)

java.lang.Exception: exception just for purpose of providing stack trace
	at org.hibernate.resource.transaction.backend.jdbc.internal.JdbcResourceLocalTransactionCoordinatorImpl$TransactionDriverControlImpl.markRollbackOnly(JdbcResourceLocalTransactionCoordinatorImpl.java:309) ~[hibernate-core-6.6.11.Final.jar:6.6.11.Final]
	at org.hibernate.engine.transaction.internal.TransactionImpl.markRollbackOnly(TransactionImpl.java:203) ~[hibernate-core-6.6.11.Final.jar:6.6.11.Final]
	at org.hibernate.engine.transaction.internal.TransactionImpl.setRollbackOnly(TransactionImpl.java:224) ~[hibernate-core-6.6.11.Final.jar:6.6.11.Final]
	at org.springframework.orm.jpa.JpaTransactionManager$JpaTransactionObject.setRollbackOnly(JpaTransactionManager.java:716) ~[spring-orm-6.2.5.jar:6.2.5]
	at org.springframework.orm.jpa.JpaTransactionManager.doSetRollbackOnly(JpaTransactionManager.java:615) ~[spring-orm-6.2.5.jar:6.2.5]
	at org.springframework.transaction.support.AbstractPlatformTransactionManager.processRollback(AbstractPlatformTransactionManager.java:906) ~[spring-tx-6.2.5.jar:6.2.5]
	at org.springframework.transaction.support.AbstractPlatformTransactionManager.rollback(AbstractPlatformTransactionManager.java:866) ~[spring-tx-6.2.5.jar:6.2.5]
	at org.springframework.transaction.interceptor.TransactionAspectSupport.completeTransactionAfterThrowing(TransactionAspectSupport.java:716) ~[spring-tx-6.2.5.jar:6.2.5]
	at org.springframework.transaction.interceptor.TransactionAspectSupport.invokeWithinTransaction(TransactionAspectSupport.java:384) ~[spring-tx-6.2.5.jar:6.2.5]
	at org.springframework.transaction.interceptor.TransactionInterceptor.invoke(TransactionInterceptor.java:119) ~[spring-tx-6.2.5.jar:6.2.5]
	at org.springframework.aop.framework.ReflectiveMethodInvocation.proceed(ReflectiveMethodInvocation.java:184) ~[spring-aop-6.2.5.jar:6.2.5]
	at org.springframework.dao.support.PersistenceExceptionTranslationInterceptor.invoke(PersistenceExceptionTranslationInterceptor.java:138) ~[spring-tx-6.2.5.jar:6.2.5]
	at org.springframework.aop.framework.ReflectiveMethodInvocation.proceed(ReflectiveMethodInvocation.java:184) ~[spring-aop-6.2.5.jar:6.2.5]
	at org.springframework.data.jpa.repository.support.CrudMethodMetadataPostProcessor$CrudMethodMetadataPopulatingMethodInterceptor.invoke(CrudMethodMetadataPostProcessor.java:165) ~[spring-data-jpa-3.4.4.jar:3.4.4]
	at org.springframework.aop.framework.ReflectiveMethodInvocation.proceed(ReflectiveMethodInvocation.java:184) ~[spring-aop-6.2.5.jar:6.2.5]
	at org.springframework.aop.framework.JdkDynamicAopProxy.invoke(JdkDynamicAopProxy.java:223) ~[spring-aop-6.2.5.jar:6.2.5]
	at jdk.proxy2/jdk.proxy2.$Proxy127.save(Unknown Source) ~[na:na]
	at com.petuser.petuser.repository.UsuarioRepositoryTest.lambda$guardarUsuarioConNombreNuloTest$1(UsuarioRepositoryTest.java:127) ~[test-classes/:na]
	at org.junit.jupiter.api.AssertThrows.assertThrows(AssertThrows.java:53) ~[junit-jupiter-api-5.11.4.jar:5.11.4]
	at org.junit.jupiter.api.AssertThrows.assertThrows(AssertThrows.java:35) ~[junit-jupiter-api-5.11.4.jar:5.11.4]
	at org.junit.jupiter.api.Assertions.assertThrows(Assertions.java:3128) ~[junit-jupiter-api-5.11.4.jar:5.11.4]
	at com.petuser.petuser.repository.UsuarioRepositoryTest.guardarUsuarioConNombreNuloTest(UsuarioRepositoryTest.java:127) ~[test-classes/:na]
	at java.base/jdk.internal.reflect.DirectMethodHandleAccessor.invoke(DirectMethodHandleAccessor.java:103) ~[na:na]
	at java.base/java.lang.reflect.Method.invoke(Method.java:580) ~[na:na]
	at org.junit.platform.commons.util.ReflectionUtils.invokeMethod(ReflectionUtils.java:767) ~[junit-platform-commons-1.11.4.jar:1.11.4]
	at org.junit.jupiter.engine.execution.MethodInvocation.proceed(MethodInvocation.java:60) ~[junit-jupiter-engine-5.11.4.jar:5.11.4]
	at org.junit.jupiter.engine.execution.InvocationInterceptorChain$ValidatingInvocation.proceed(InvocationInterceptorChain.java:131) ~[junit-jupiter-engine-5.11.4.jar:5.11.4]
	at org.junit.jupiter.engine.extension.TimeoutExtension.intercept(TimeoutExtension.java:156) ~[junit-jupiter-engine-5.11.4.jar:5.11.4]
	at org.junit.jupiter.engine.extension.TimeoutExtension.interceptTestableMethod(TimeoutExtension.java:147) ~[junit-jupiter-engine-5.11.4.jar:5.11.4]
	at org.junit.jupiter.engine.extension.TimeoutExtension.interceptTestMethod(TimeoutExtension.java:86) ~[junit-jupiter-engine-5.11.4.jar:5.11.4]
	at org.junit.jupiter.engine.execution.InterceptingExecutableInvoker$ReflectiveInterceptorCall.lambda$ofVoidMethod$0(InterceptingExecutableInvoker.java:103) ~[junit-jupiter-engine-5.11.4.jar:5.11.4]
	at org.junit.jupiter.engine.execution.InterceptingExecutableInvoker.lambda$invoke$0(InterceptingExecutableInvoker.java:93) ~[junit-jupiter-engine-5.11.4.jar:5.11.4]
	at org.junit.jupiter.engine.execution.InvocationInterceptorChain$InterceptedInvocation.proceed(InvocationInterceptorChain.java:106) ~[junit-jupiter-engine-5.11.4.jar:5.11.4]
	at org.junit.jupiter.engine.execution.InvocationInterceptorChain.proceed(InvocationInterceptorChain.java:64) ~[junit-jupiter-engine-5.11.4.jar:5.11.4]
	at org.junit.jupiter.engine.execution.InvocationInterceptorChain.chainAndInvoke(InvocationInterceptorChain.java:45) ~[junit-jupiter-engine-5.11.4.jar:5.11.4]
	at org.junit.jupiter.engine.execution.InvocationInterceptorChain.invoke(InvocationInterceptorChain.java:37) ~[junit-jupiter-engine-5.11.4.jar:5.11.4]
	at org.junit.jupiter.engine.execution.InterceptingExecutableInvoker.invoke(InterceptingExecutableInvoker.java:92) ~[junit-jupiter-engine-5.11.4.jar:5.11.4]
	at org.junit.jupiter.engine.execution.InterceptingExecutableInvoker.invoke(InterceptingExecutableInvoker.java:86) ~[junit-jupiter-engine-5.11.4.jar:5.11.4]
	at org.junit.jupiter.engine.descriptor.TestMethodTestDescriptor.lambda$invokeTestMethod$8(TestMethodTestDescriptor.java:217) ~[junit-jupiter-engine-5.11.4.jar:5.11.4]
	at org.junit.platform.engine.support.hierarchical.ThrowableCollector.execute(ThrowableCollector.java:73) ~[junit-platform-engine-1.11.4.jar:1.11.4]
	at org.junit.jupiter.engine.descriptor.TestMethodTestDescriptor.invokeTestMethod(TestMethodTestDescriptor.java:213) ~[junit-jupiter-engine-5.11.4.jar:5.11.4]
	at org.junit.jupiter.engine.descriptor.TestMethodTestDescriptor.execute(TestMethodTestDescriptor.java:138) ~[junit-jupiter-engine-5.11.4.jar:5.11.4]
	at org.junit.jupiter.engine.descriptor.TestMethodTestDescriptor.execute(TestMethodTestDescriptor.java:68) ~[junit-jupiter-engine-5.11.4.jar:5.11.4]
	at org.junit.platform.engine.support.hierarchical.NodeTestTask.lambda$executeRecursively$6(NodeTestTask.java:156) ~[junit-platform-engine-1.11.4.jar:1.11.4]
	at org.junit.platform.engine.support.hierarchical.ThrowableCollector.execute(ThrowableCollector.java:73) ~[junit-platform-engine-1.11.4.jar:1.11.4]
	at org.junit.platform.engine.support.hierarchical.NodeTestTask.lambda$executeRecursively$8(NodeTestTask.java:146) ~[junit-platform-engine-1.11.4.jar:1.11.4]
	at org.junit.platform.engine.support.hierarchical.Node.around(Node.java:137) ~[junit-platform-engine-1.11.4.jar:1.11.4]
	at org.junit.platform.engine.support.hierarchical.NodeTestTask.lambda$executeRecursively$9(NodeTestTask.java:144) ~[junit-platform-engine-1.11.4.jar:1.11.4]
	at org.junit.platform.engine.support.hierarchical.ThrowableCollector.execute(ThrowableCollector.java:73) ~[junit-platform-engine-1.11.4.jar:1.11.4]
	at org.junit.platform.engine.support.hierarchical.NodeTestTask.executeRecursively(NodeTestTask.java:143) ~[junit-platform-engine-1.11.4.jar:1.11.4]
	at org.junit.platform.engine.support.hierarchical.NodeTestTask.execute(NodeTestTask.java:100) ~[junit-platform-engine-1.11.4.jar:1.11.4]
	at java.base/java.util.ArrayList.forEach(ArrayList.java:1596) ~[na:na]
	at org.junit.platform.engine.support.hierarchical.SameThreadHierarchicalTestExecutorService.invokeAll(SameThreadHierarchicalTestExecutorService.java:41) ~[junit-platform-engine-1.11.4.jar:1.11.4]
	at org.junit.platform.engine.support.hierarchical.NodeTestTask.lambda$executeRecursively$6(NodeTestTask.java:160) ~[junit-platform-engine-1.11.4.jar:1.11.4]
	at org.junit.platform.engine.support.hierarchical.ThrowableCollector.execute(ThrowableCollector.java:73) ~[junit-platform-engine-1.11.4.jar:1.11.4]
	at org.junit.platform.engine.support.hierarchical.NodeTestTask.lambda$executeRecursively$8(NodeTestTask.java:146) ~[junit-platform-engine-1.11.4.jar:1.11.4]
	at org.junit.platform.engine.support.hierarchical.Node.around(Node.java:137) ~[junit-platform-engine-1.11.4.jar:1.11.4]
	at org.junit.platform.engine.support.hierarchical.NodeTestTask.lambda$executeRecursively$9(NodeTestTask.java:144) ~[junit-platform-engine-1.11.4.jar:1.11.4]
	at org.junit.platform.engine.support.hierarchical.ThrowableCollector.execute(ThrowableCollector.java:73) ~[junit-platform-engine-1.11.4.jar:1.11.4]
	at org.junit.platform.engine.support.hierarchical.NodeTestTask.executeRecursively(NodeTestTask.java:143) ~[junit-platform-engine-1.11.4.jar:1.11.4]
	at org.junit.platform.engine.support.hierarchical.NodeTestTask.execute(NodeTestTask.java:100) ~[junit-platform-engine-1.11.4.jar:1.11.4]
	at java.base/java.util.ArrayList.forEach(ArrayList.java:1596) ~[na:na]
	at org.junit.platform.engine.support.hierarchical.SameThreadHierarchicalTestExecutorService.invokeAll(SameThreadHierarchicalTestExecutorService.java:41) ~[junit-platform-engine-1.11.4.jar:1.11.4]
	at org.junit.platform.engine.support.hierarchical.NodeTestTask.lambda$executeRecursively$6(NodeTestTask.java:160) ~[junit-platform-engine-1.11.4.jar:1.11.4]
	at org.junit.platform.engine.support.hierarchical.ThrowableCollector.execute(ThrowableCollector.java:73) ~[junit-platform-engine-1.11.4.jar:1.11.4]
	at org.junit.platform.engine.support.hierarchical.NodeTestTask.lambda$executeRecursively$8(NodeTestTask.java:146) ~[junit-platform-engine-1.11.4.jar:1.11.4]
	at org.junit.platform.engine.support.hierarchical.Node.around(Node.java:137) ~[junit-platform-engine-1.11.4.jar:1.11.4]
	at org.junit.platform.engine.support.hierarchical.NodeTestTask.lambda$executeRecursively$9(NodeTestTask.java:144) ~[junit-platform-engine-1.11.4.jar:1.11.4]
	at org.junit.platform.engine.support.hierarchical.ThrowableCollector.execute(ThrowableCollector.java:73) ~[junit-platform-engine-1.11.4.jar:1.11.4]
	at org.junit.platform.engine.support.hierarchical.NodeTestTask.executeRecursively(NodeTestTask.java:143) ~[junit-platform-engine-1.11.4.jar:1.11.4]
	at org.junit.platform.engine.support.hierarchical.NodeTestTask.execute(NodeTestTask.java:100) ~[junit-platform-engine-1.11.4.jar:1.11.4]
	at org.junit.platform.engine.support.hierarchical.SameThreadHierarchicalTestExecutorService.submit(SameThreadHierarchicalTestExecutorService.java:35) ~[junit-platform-engine-1.11.4.jar:1.11.4]
	at org.junit.platform.engine.support.hierarchical.HierarchicalTestExecutor.execute(HierarchicalTestExecutor.java:57) ~[junit-platform-engine-1.11.4.jar:1.11.4]
	at org.junit.platform.engine.support.hierarchical.HierarchicalTestEngine.execute(HierarchicalTestEngine.java:54) ~[junit-platform-engine-1.11.4.jar:1.11.4]
	at org.junit.platform.launcher.core.EngineExecutionOrchestrator.execute(EngineExecutionOrchestrator.java:198) ~[junit-platform-launcher-1.11.4.jar:1.11.4]
	at org.junit.platform.launcher.core.EngineExecutionOrchestrator.execute(EngineExecutionOrchestrator.java:169) ~[junit-platform-launcher-1.11.4.jar:1.11.4]
	at org.junit.platform.launcher.core.EngineExecutionOrchestrator.execute(EngineExecutionOrchestrator.java:93) ~[junit-platform-launcher-1.11.4.jar:1.11.4]
	at org.junit.platform.launcher.core.EngineExecutionOrchestrator.lambda$execute$0(EngineExecutionOrchestrator.java:58) ~[junit-platform-launcher-1.11.4.jar:1.11.4]
	at org.junit.platform.launcher.core.EngineExecutionOrchestrator.withInterceptedStreams(EngineExecutionOrchestrator.java:141) ~[junit-platform-launcher-1.11.4.jar:1.11.4]
	at org.junit.platform.launcher.core.EngineExecutionOrchestrator.execute(EngineExecutionOrchestrator.java:57) ~[junit-platform-launcher-1.11.4.jar:1.11.4]
	at org.junit.platform.launcher.core.DefaultLauncher.execute(DefaultLauncher.java:103) ~[junit-platform-launcher-1.11.4.jar:1.11.4]
	at org.junit.platform.launcher.core.DefaultLauncher.execute(DefaultLauncher.java:85) ~[junit-platform-launcher-1.11.4.jar:1.11.4]
	at org.junit.platform.launcher.core.DelegatingLauncher.execute(DelegatingLauncher.java:47) ~[junit-platform-launcher-1.11.4.jar:1.11.4]
	at org.apache.maven.surefire.junitplatform.LazyLauncher.execute(LazyLauncher.java:56) ~[surefire-junit-platform-3.5.2.jar:3.5.2]
	at org.apache.maven.surefire.junitplatform.JUnitPlatformProvider.execute(JUnitPlatformProvider.java:184) ~[surefire-junit-platform-3.5.2.jar:3.5.2]
	at org.apache.maven.surefire.junitplatform.JUnitPlatformProvider.invokeAllTests(JUnitPlatformProvider.java:148) ~[surefire-junit-platform-3.5.2.jar:3.5.2]
	at org.apache.maven.surefire.junitplatform.JUnitPlatformProvider.invoke(JUnitPlatformProvider.java:122) ~[surefire-junit-platform-3.5.2.jar:3.5.2]
	at org.apache.maven.surefire.booter.ForkedBooter.runSuitesInProcess(ForkedBooter.java:385) ~[surefire-booter-3.5.2.jar:3.5.2]
	at org.apache.maven.surefire.booter.ForkedBooter.execute(ForkedBooter.java:162) ~[surefire-booter-3.5.2.jar:3.5.2]
	at org.apache.maven.surefire.booter.ForkedBooter.run(ForkedBooter.java:507) ~[surefire-booter-3.5.2.jar:3.5.2]
	at org.apache.maven.surefire.booter.ForkedBooter.main(ForkedBooter.java:495) ~[surefire-booter-3.5.2.jar:3.5.2]

2025-05-04T21:52:39.881-04:00 DEBUG 13813 --- [petuser] [           main] org.springframework.test.context.cache   : Spring test ApplicationContext cache statistics: [DefaultContextCache@34dda1b4 size = 1, maxSize = 32, parentContextCount = 0, hitCount = 91, missCount = 1, failureCount = 0]
2025-05-04T21:52:39.881-04:00 DEBUG 13813 --- [petuser] [           main] org.springframework.test.context.cache   : Spring test ApplicationContext cache statistics: [DefaultContextCache@34dda1b4 size = 1, maxSize = 32, parentContextCount = 0, hitCount = 92, missCount = 1, failureCount = 0]
2025-05-04T21:52:39.881-04:00 DEBUG 13813 --- [petuser] [           main] org.springframework.test.context.cache   : Spring test ApplicationContext cache statistics: [DefaultContextCache@34dda1b4 size = 1, maxSize = 32, parentContextCount = 0, hitCount = 93, missCount = 1, failureCount = 0]
2025-05-04T21:52:39.881-04:00 DEBUG 13813 --- [petuser] [           main] org.springframework.test.context.cache   : Spring test ApplicationContext cache statistics: [DefaultContextCache@34dda1b4 size = 1, maxSize = 32, parentContextCount = 0, hitCount = 94, missCount = 1, failureCount = 0]
2025-05-04T21:52:39.881-04:00 DEBUG 13813 --- [petuser] [           main] org.springframework.test.context.cache   : Spring test ApplicationContext cache statistics: [DefaultContextCache@34dda1b4 size = 1, maxSize = 32, parentContextCount = 0, hitCount = 95, missCount = 1, failureCount = 0]
2025-05-04T21:52:39.881-04:00 DEBUG 13813 --- [petuser] [           main] org.springframework.test.context.cache   : Spring test ApplicationContext cache statistics: [DefaultContextCache@34dda1b4 size = 1, maxSize = 32, parentContextCount = 0, hitCount = 96, missCount = 1, failureCount = 0]
2025-05-04T21:52:39.881-04:00 DEBUG 13813 --- [petuser] [           main] org.springframework.test.context.cache   : Spring test ApplicationContext cache statistics: [DefaultContextCache@34dda1b4 size = 1, maxSize = 32, parentContextCount = 0, hitCount = 97, missCount = 1, failureCount = 0]
2025-05-04T21:52:39.881-04:00 DEBUG 13813 --- [petuser] [           main] o.s.orm.jpa.JpaTransactionManager        : Initiating transaction rollback
2025-05-04T21:52:39.881-04:00 DEBUG 13813 --- [petuser] [           main] o.s.orm.jpa.JpaTransactionManager        : Rolling back JPA transaction on EntityManager [SessionImpl(1858454754<open>)]
2025-05-04T21:52:39.881-04:00 DEBUG 13813 --- [petuser] [           main] o.h.e.t.internal.TransactionImpl         : rolling back
2025-05-04T21:52:39.890-04:00 DEBUG 13813 --- [petuser] [           main] o.s.orm.jpa.JpaTransactionManager        : Closing JPA EntityManager [SessionImpl(1858454754<open>)] after transaction
2025-05-04T21:52:39.890-04:00 DEBUG 13813 --- [petuser] [           main] o.s.t.c.transaction.TransactionContext   : Rolled back transaction (1) for test class [com.petuser.petuser.repository.UsuarioRepositoryTest]; test method [guardarUsuarioConNombreNuloTest]
2025-05-04T21:52:39.890-04:00 DEBUG 13813 --- [petuser] [           main] .c.s.DirtiesContextTestExecutionListener : After test method: class [UsuarioRepositoryTest], method [guardarUsuarioConNombreNuloTest], class annotated with @DirtiesContext [false] with mode [null], method annotated with @DirtiesContext [false] with mode [null]
]]></system-out>
  </testcase>
</testsuite>